<?xml version="1.0" encoding="UTF-8"?>
<testsuite xmlns:xsi="http://www.w3.org/2001/XMLSchema-instance" xsi:noNamespaceSchemaLocation="https://maven.apache.org/surefire/maven-surefire-plugin/xsd/surefire-test-report-3.0.xsd" version="3.0" name="com.quizapplication.quiz.controller.ExcelImportControllerTest" time="11.268" tests="5" errors="0" skipped="0" failures="2">
  <properties>
    <property name="java.specification.version" value="22"/>
    <property name="sun.cpu.isalist" value="amd64"/>
    <property name="sun.jnu.encoding" value="Cp1252"/>
    <property name="java.class.path" value="C:\Users\BYTEWORKS\Documents\NPF Docs\quiz\target\test-classes;C:\Users\BYTEWORKS\Documents\NPF Docs\quiz\target\classes;C:\Users\BYTEWORKS\.m2\repository\org\springframework\boot\spring-boot-starter\3.2.5\spring-boot-starter-3.2.5.jar;C:\Users\BYTEWORKS\.m2\repository\org\springframework\boot\spring-boot\3.2.5\spring-boot-3.2.5.jar;C:\Users\BYTEWORKS\.m2\repository\org\springframework\spring-context\6.1.6\spring-context-6.1.6.jar;C:\Users\BYTEWORKS\.m2\repository\org\springframework\boot\spring-boot-autoconfigure\3.2.5\spring-boot-autoconfigure-3.2.5.jar;C:\Users\BYTEWORKS\.m2\repository\org\springframework\boot\spring-boot-starter-logging\3.2.5\spring-boot-starter-logging-3.2.5.jar;C:\Users\BYTEWORKS\.m2\repository\ch\qos\logback\logback-classic\1.4.14\logback-classic-1.4.14.jar;C:\Users\BYTEWORKS\.m2\repository\ch\qos\logback\logback-core\1.4.14\logback-core-1.4.14.jar;C:\Users\BYTEWORKS\.m2\repository\org\apache\logging\log4j\log4j-to-slf4j\2.21.1\log4j-to-slf4j-2.21.1.jar;C:\Users\BYTEWORKS\.m2\repository\org\slf4j\jul-to-slf4j\2.0.13\jul-to-slf4j-2.0.13.jar;C:\Users\BYTEWORKS\.m2\repository\jakarta\annotation\jakarta.annotation-api\2.1.1\jakarta.annotation-api-2.1.1.jar;C:\Users\BYTEWORKS\.m2\repository\org\springframework\spring-core\6.1.6\spring-core-6.1.6.jar;C:\Users\BYTEWORKS\.m2\repository\org\springframework\spring-jcl\6.1.6\spring-jcl-6.1.6.jar;C:\Users\BYTEWORKS\.m2\repository\org\yaml\snakeyaml\2.2\snakeyaml-2.2.jar;C:\Users\BYTEWORKS\.m2\repository\org\springframework\boot\spring-boot-starter-web\3.2.5\spring-boot-starter-web-3.2.5.jar;C:\Users\BYTEWORKS\.m2\repository\org\springframework\boot\spring-boot-starter-json\3.2.5\spring-boot-starter-json-3.2.5.jar;C:\Users\BYTEWORKS\.m2\repository\com\fasterxml\jackson\core\jackson-databind\2.15.4\jackson-databind-2.15.4.jar;C:\Users\BYTEWORKS\.m2\repository\com\fasterxml\jackson\core\jackson-annotations\2.15.4\jackson-annotations-2.15.4.jar;C:\Users\BYTEWORKS\.m2\repository\com\fasterxml\jackson\core\jackson-core\2.15.4\jackson-core-2.15.4.jar;C:\Users\BYTEWORKS\.m2\repository\com\fasterxml\jackson\datatype\jackson-datatype-jdk8\2.15.4\jackson-datatype-jdk8-2.15.4.jar;C:\Users\BYTEWORKS\.m2\repository\com\fasterxml\jackson\datatype\jackson-datatype-jsr310\2.15.4\jackson-datatype-jsr310-2.15.4.jar;C:\Users\BYTEWORKS\.m2\repository\com\fasterxml\jackson\module\jackson-module-parameter-names\2.15.4\jackson-module-parameter-names-2.15.4.jar;C:\Users\BYTEWORKS\.m2\repository\org\springframework\boot\spring-boot-starter-tomcat\3.2.5\spring-boot-starter-tomcat-3.2.5.jar;C:\Users\BYTEWORKS\.m2\repository\org\apache\tomcat\embed\tomcat-embed-core\10.1.20\tomcat-embed-core-10.1.20.jar;C:\Users\BYTEWORKS\.m2\repository\org\apache\tomcat\embed\tomcat-embed-websocket\10.1.20\tomcat-embed-websocket-10.1.20.jar;C:\Users\BYTEWORKS\.m2\repository\org\springframework\spring-web\6.1.6\spring-web-6.1.6.jar;C:\Users\BYTEWORKS\.m2\repository\org\springframework\spring-beans\6.1.6\spring-beans-6.1.6.jar;C:\Users\BYTEWORKS\.m2\repository\io\micrometer\micrometer-observation\1.12.5\micrometer-observation-1.12.5.jar;C:\Users\BYTEWORKS\.m2\repository\io\micrometer\micrometer-commons\1.12.5\micrometer-commons-1.12.5.jar;C:\Users\BYTEWORKS\.m2\repository\org\springframework\spring-webmvc\6.1.6\spring-webmvc-6.1.6.jar;C:\Users\BYTEWORKS\.m2\repository\org\springframework\spring-aop\6.1.6\spring-aop-6.1.6.jar;C:\Users\BYTEWORKS\.m2\repository\org\springframework\spring-expression\6.1.6\spring-expression-6.1.6.jar;C:\Users\BYTEWORKS\.m2\repository\org\springframework\boot\spring-boot-starter-data-jpa\3.2.5\spring-boot-starter-data-jpa-3.2.5.jar;C:\Users\BYTEWORKS\.m2\repository\org\springframework\boot\spring-boot-starter-aop\3.2.5\spring-boot-starter-aop-3.2.5.jar;C:\Users\BYTEWORKS\.m2\repository\org\aspectj\aspectjweaver\1.9.22\aspectjweaver-1.9.22.jar;C:\Users\BYTEWORKS\.m2\repository\org\springframework\boot\spring-boot-starter-jdbc\3.2.5\spring-boot-starter-jdbc-3.2.5.jar;C:\Users\BYTEWORKS\.m2\repository\com\zaxxer\HikariCP\5.0.1\HikariCP-5.0.1.jar;C:\Users\BYTEWORKS\.m2\repository\org\springframework\spring-jdbc\6.1.6\spring-jdbc-6.1.6.jar;C:\Users\BYTEWORKS\.m2\repository\org\hibernate\orm\hibernate-core\6.4.4.Final\hibernate-core-6.4.4.Final.jar;C:\Users\BYTEWORKS\.m2\repository\jakarta\persistence\jakarta.persistence-api\3.1.0\jakarta.persistence-api-3.1.0.jar;C:\Users\BYTEWORKS\.m2\repository\jakarta\transaction\jakarta.transaction-api\2.0.1\jakarta.transaction-api-2.0.1.jar;C:\Users\BYTEWORKS\.m2\repository\org\jboss\logging\jboss-logging\3.5.3.Final\jboss-logging-3.5.3.Final.jar;C:\Users\BYTEWORKS\.m2\repository\org\hibernate\common\hibernate-commons-annotations\6.0.6.Final\hibernate-commons-annotations-6.0.6.Final.jar;C:\Users\BYTEWORKS\.m2\repository\io\smallrye\jandex\3.1.2\jandex-3.1.2.jar;C:\Users\BYTEWORKS\.m2\repository\com\fasterxml\classmate\1.6.0\classmate-1.6.0.jar;C:\Users\BYTEWORKS\.m2\repository\net\bytebuddy\byte-buddy\1.14.13\byte-buddy-1.14.13.jar;C:\Users\BYTEWORKS\.m2\repository\org\glassfish\jaxb\jaxb-runtime\4.0.5\jaxb-runtime-4.0.5.jar;C:\Users\BYTEWORKS\.m2\repository\org\glassfish\jaxb\jaxb-core\4.0.5\jaxb-core-4.0.5.jar;C:\Users\BYTEWORKS\.m2\repository\org\eclipse\angus\angus-activation\2.0.2\angus-activation-2.0.2.jar;C:\Users\BYTEWORKS\.m2\repository\org\glassfish\jaxb\txw2\4.0.5\txw2-4.0.5.jar;C:\Users\BYTEWORKS\.m2\repository\com\sun\istack\istack-commons-runtime\4.1.2\istack-commons-runtime-4.1.2.jar;C:\Users\BYTEWORKS\.m2\repository\jakarta\inject\jakarta.inject-api\2.0.1\jakarta.inject-api-2.0.1.jar;C:\Users\BYTEWORKS\.m2\repository\org\antlr\antlr4-runtime\4.13.0\antlr4-runtime-4.13.0.jar;C:\Users\BYTEWORKS\.m2\repository\org\springframework\data\spring-data-jpa\3.2.5\spring-data-jpa-3.2.5.jar;C:\Users\BYTEWORKS\.m2\repository\org\springframework\data\spring-data-commons\3.2.5\spring-data-commons-3.2.5.jar;C:\Users\BYTEWORKS\.m2\repository\org\springframework\spring-orm\6.1.6\spring-orm-6.1.6.jar;C:\Users\BYTEWORKS\.m2\repository\org\springframework\spring-tx\6.1.6\spring-tx-6.1.6.jar;C:\Users\BYTEWORKS\.m2\repository\org\slf4j\slf4j-api\2.0.13\slf4j-api-2.0.13.jar;C:\Users\BYTEWORKS\.m2\repository\org\springframework\spring-aspects\6.1.6\spring-aspects-6.1.6.jar;C:\Users\BYTEWORKS\.m2\repository\com\h2database\h2\2.2.224\h2-2.2.224.jar;C:\Users\BYTEWORKS\.m2\repository\org\springframework\boot\spring-boot-starter-hateoas\3.2.5\spring-boot-starter-hateoas-3.2.5.jar;C:\Users\BYTEWORKS\.m2\repository\org\springframework\hateoas\spring-hateoas\2.2.2\spring-hateoas-2.2.2.jar;C:\Users\BYTEWORKS\.m2\repository\org\springframework\plugin\spring-plugin-core\3.0.0\spring-plugin-core-3.0.0.jar;C:\Users\BYTEWORKS\.m2\repository\org\springframework\boot\spring-boot-starter-validation\3.2.5\spring-boot-starter-validation-3.2.5.jar;C:\Users\BYTEWORKS\.m2\repository\org\apache\tomcat\embed\tomcat-embed-el\10.1.20\tomcat-embed-el-10.1.20.jar;C:\Users\BYTEWORKS\.m2\repository\org\hibernate\validator\hibernate-validator\8.0.1.Final\hibernate-validator-8.0.1.Final.jar;C:\Users\BYTEWORKS\.m2\repository\jakarta\validation\jakarta.validation-api\3.0.2\jakarta.validation-api-3.0.2.jar;C:\Users\BYTEWORKS\.m2\repository\org\springframework\boot\spring-boot-devtools\3.2.5\spring-boot-devtools-3.2.5.jar;C:\Users\BYTEWORKS\.m2\repository\org\projectlombok\lombok\1.18.32\lombok-1.18.32.jar;C:\Users\BYTEWORKS\.m2\repository\org\springframework\boot\spring-boot-starter-test\3.2.5\spring-boot-starter-test-3.2.5.jar;C:\Users\BYTEWORKS\.m2\repository\org\springframework\boot\spring-boot-test\3.2.5\spring-boot-test-3.2.5.jar;C:\Users\BYTEWORKS\.m2\repository\org\springframework\boot\spring-boot-test-autoconfigure\3.2.5\spring-boot-test-autoconfigure-3.2.5.jar;C:\Users\BYTEWORKS\.m2\repository\com\jayway\jsonpath\json-path\2.9.0\json-path-2.9.0.jar;C:\Users\BYTEWORKS\.m2\repository\jakarta\xml\bind\jakarta.xml.bind-api\4.0.2\jakarta.xml.bind-api-4.0.2.jar;C:\Users\BYTEWORKS\.m2\repository\jakarta\activation\jakarta.activation-api\2.1.3\jakarta.activation-api-2.1.3.jar;C:\Users\BYTEWORKS\.m2\repository\net\minidev\json-smart\2.5.1\json-smart-2.5.1.jar;C:\Users\BYTEWORKS\.m2\repository\net\minidev\accessors-smart\2.5.1\accessors-smart-2.5.1.jar;C:\Users\BYTEWORKS\.m2\repository\org\ow2\asm\asm\9.6\asm-9.6.jar;C:\Users\BYTEWORKS\.m2\repository\org\assertj\assertj-core\3.24.2\assertj-core-3.24.2.jar;C:\Users\BYTEWORKS\.m2\repository\org\awaitility\awaitility\4.2.1\awaitility-4.2.1.jar;C:\Users\BYTEWORKS\.m2\repository\org\hamcrest\hamcrest\2.2\hamcrest-2.2.jar;C:\Users\BYTEWORKS\.m2\repository\org\junit\jupiter\junit-jupiter\5.10.2\junit-jupiter-5.10.2.jar;C:\Users\BYTEWORKS\.m2\repository\org\junit\jupiter\junit-jupiter-params\5.10.2\junit-jupiter-params-5.10.2.jar;C:\Users\BYTEWORKS\.m2\repository\org\mockito\mockito-core\5.7.0\mockito-core-5.7.0.jar;C:\Users\BYTEWORKS\.m2\repository\net\bytebuddy\byte-buddy-agent\1.14.13\byte-buddy-agent-1.14.13.jar;C:\Users\BYTEWORKS\.m2\repository\org\objenesis\objenesis\3.3\objenesis-3.3.jar;C:\Users\BYTEWORKS\.m2\repository\org\mockito\mockito-junit-jupiter\5.7.0\mockito-junit-jupiter-5.7.0.jar;C:\Users\BYTEWORKS\.m2\repository\org\skyscreamer\jsonassert\1.5.1\jsonassert-1.5.1.jar;C:\Users\BYTEWORKS\.m2\repository\com\vaadin\external\google\android-json\0.0.20131108.vaadin1\android-json-0.0.20131108.vaadin1.jar;C:\Users\BYTEWORKS\.m2\repository\org\springframework\spring-test\6.1.6\spring-test-6.1.6.jar;C:\Users\BYTEWORKS\.m2\repository\org\xmlunit\xmlunit-core\2.9.1\xmlunit-core-2.9.1.jar;C:\Users\BYTEWORKS\.m2\repository\org\springdoc\springdoc-openapi-starter-webmvc-ui\2.0.2\springdoc-openapi-starter-webmvc-ui-2.0.2.jar;C:\Users\BYTEWORKS\.m2\repository\org\springdoc\springdoc-openapi-starter-webmvc-api\2.0.2\springdoc-openapi-starter-webmvc-api-2.0.2.jar;C:\Users\BYTEWORKS\.m2\repository\org\springdoc\springdoc-openapi-starter-common\2.0.2\springdoc-openapi-starter-common-2.0.2.jar;C:\Users\BYTEWORKS\.m2\repository\io\swagger\core\v3\swagger-core-jakarta\2.2.7\swagger-core-jakarta-2.2.7.jar;C:\Users\BYTEWORKS\.m2\repository\org\apache\commons\commons-lang3\3.13.0\commons-lang3-3.13.0.jar;C:\Users\BYTEWORKS\.m2\repository\io\swagger\core\v3\swagger-annotations-jakarta\2.2.7\swagger-annotations-jakarta-2.2.7.jar;C:\Users\BYTEWORKS\.m2\repository\io\swagger\core\v3\swagger-models-jakarta\2.2.7\swagger-models-jakarta-2.2.7.jar;C:\Users\BYTEWORKS\.m2\repository\com\fasterxml\jackson\dataformat\jackson-dataformat-yaml\2.15.4\jackson-dataformat-yaml-2.15.4.jar;C:\Users\BYTEWORKS\.m2\repository\org\webjars\swagger-ui\4.15.5\swagger-ui-4.15.5.jar;C:\Users\BYTEWORKS\.m2\repository\org\webjars\webjars-locator-core\0.55\webjars-locator-core-0.55.jar;C:\Users\BYTEWORKS\.m2\repository\io\github\classgraph\classgraph\4.8.149\classgraph-4.8.149.jar;C:\Users\BYTEWORKS\.m2\repository\org\springframework\security\spring-security-test\6.2.4\spring-security-test-6.2.4.jar;C:\Users\BYTEWORKS\.m2\repository\org\springframework\security\spring-security-core\6.2.4\spring-security-core-6.2.4.jar;C:\Users\BYTEWORKS\.m2\repository\org\springframework\security\spring-security-crypto\6.2.4\spring-security-crypto-6.2.4.jar;C:\Users\BYTEWORKS\.m2\repository\org\springframework\security\spring-security-web\6.2.4\spring-security-web-6.2.4.jar;C:\Users\BYTEWORKS\.m2\repository\org\apache\poi\poi\5.2.3\poi-5.2.3.jar;C:\Users\BYTEWORKS\.m2\repository\commons-codec\commons-codec\1.16.1\commons-codec-1.16.1.jar;C:\Users\BYTEWORKS\.m2\repository\org\apache\commons\commons-collections4\4.4\commons-collections4-4.4.jar;C:\Users\BYTEWORKS\.m2\repository\org\apache\commons\commons-math3\3.6.1\commons-math3-3.6.1.jar;C:\Users\BYTEWORKS\.m2\repository\commons-io\commons-io\2.11.0\commons-io-2.11.0.jar;C:\Users\BYTEWORKS\.m2\repository\com\zaxxer\SparseBitSet\1.2\SparseBitSet-1.2.jar;C:\Users\BYTEWORKS\.m2\repository\org\apache\logging\log4j\log4j-api\2.21.1\log4j-api-2.21.1.jar;C:\Users\BYTEWORKS\.m2\repository\org\apache\poi\poi-ooxml\5.2.3\poi-ooxml-5.2.3.jar;C:\Users\BYTEWORKS\.m2\repository\org\apache\poi\poi-ooxml-lite\5.2.3\poi-ooxml-lite-5.2.3.jar;C:\Users\BYTEWORKS\.m2\repository\org\apache\xmlbeans\xmlbeans\5.1.1\xmlbeans-5.1.1.jar;C:\Users\BYTEWORKS\.m2\repository\org\apache\commons\commons-compress\1.21\commons-compress-1.21.jar;C:\Users\BYTEWORKS\.m2\repository\com\github\virtuald\curvesapi\1.07\curvesapi-1.07.jar;C:\Users\BYTEWORKS\.m2\repository\org\junit\jupiter\junit-jupiter-engine\5.10.2\junit-jupiter-engine-5.10.2.jar;C:\Users\BYTEWORKS\.m2\repository\org\junit\platform\junit-platform-engine\1.10.2\junit-platform-engine-1.10.2.jar;C:\Users\BYTEWORKS\.m2\repository\org\opentest4j\opentest4j\1.3.0\opentest4j-1.3.0.jar;C:\Users\BYTEWORKS\.m2\repository\org\junit\platform\junit-platform-commons\1.10.2\junit-platform-commons-1.10.2.jar;C:\Users\BYTEWORKS\.m2\repository\org\junit\jupiter\junit-jupiter-api\5.10.2\junit-jupiter-api-5.10.2.jar;C:\Users\BYTEWORKS\.m2\repository\org\apiguardian\apiguardian-api\1.1.2\apiguardian-api-1.1.2.jar;"/>
    <property name="java.vm.vendor" value="Oracle Corporation"/>
    <property name="sun.arch.data.model" value="64"/>
    <property name="user.variant" value=""/>
    <property name="java.vendor.url" value="https://java.oracle.com/"/>
    <property name="user.timezone" value="Africa/Lagos"/>
    <property name="org.jboss.logging.provider" value="slf4j"/>
    <property name="user.country.format" value="NG"/>
    <property name="os.name" value="Windows 11"/>
    <property name="java.vm.specification.version" value="22"/>
    <property name="sun.java.launcher" value="SUN_STANDARD"/>
    <property name="user.country" value="US"/>
    <property name="sun.boot.library.path" value="C:\Program Files\Java\jdk-22\bin"/>
    <property name="sun.java.command" value="C:\Users\BYTEWORKS\AppData\Local\Temp\surefire15141710238199657683\surefirebooter-20240522030850607_3.jar C:\Users\BYTEWORKS\AppData\Local\Temp\surefire15141710238199657683 2024-05-22T03-08-50_158-jvmRun1 surefire-20240522030850607_1tmp surefire_0-20240522030850607_2tmp"/>
    <property name="jdk.debug" value="release"/>
    <property name="surefire.test.class.path" value="C:\Users\BYTEWORKS\Documents\NPF Docs\quiz\target\test-classes;C:\Users\BYTEWORKS\Documents\NPF Docs\quiz\target\classes;C:\Users\BYTEWORKS\.m2\repository\org\springframework\boot\spring-boot-starter\3.2.5\spring-boot-starter-3.2.5.jar;C:\Users\BYTEWORKS\.m2\repository\org\springframework\boot\spring-boot\3.2.5\spring-boot-3.2.5.jar;C:\Users\BYTEWORKS\.m2\repository\org\springframework\spring-context\6.1.6\spring-context-6.1.6.jar;C:\Users\BYTEWORKS\.m2\repository\org\springframework\boot\spring-boot-autoconfigure\3.2.5\spring-boot-autoconfigure-3.2.5.jar;C:\Users\BYTEWORKS\.m2\repository\org\springframework\boot\spring-boot-starter-logging\3.2.5\spring-boot-starter-logging-3.2.5.jar;C:\Users\BYTEWORKS\.m2\repository\ch\qos\logback\logback-classic\1.4.14\logback-classic-1.4.14.jar;C:\Users\BYTEWORKS\.m2\repository\ch\qos\logback\logback-core\1.4.14\logback-core-1.4.14.jar;C:\Users\BYTEWORKS\.m2\repository\org\apache\logging\log4j\log4j-to-slf4j\2.21.1\log4j-to-slf4j-2.21.1.jar;C:\Users\BYTEWORKS\.m2\repository\org\slf4j\jul-to-slf4j\2.0.13\jul-to-slf4j-2.0.13.jar;C:\Users\BYTEWORKS\.m2\repository\jakarta\annotation\jakarta.annotation-api\2.1.1\jakarta.annotation-api-2.1.1.jar;C:\Users\BYTEWORKS\.m2\repository\org\springframework\spring-core\6.1.6\spring-core-6.1.6.jar;C:\Users\BYTEWORKS\.m2\repository\org\springframework\spring-jcl\6.1.6\spring-jcl-6.1.6.jar;C:\Users\BYTEWORKS\.m2\repository\org\yaml\snakeyaml\2.2\snakeyaml-2.2.jar;C:\Users\BYTEWORKS\.m2\repository\org\springframework\boot\spring-boot-starter-web\3.2.5\spring-boot-starter-web-3.2.5.jar;C:\Users\BYTEWORKS\.m2\repository\org\springframework\boot\spring-boot-starter-json\3.2.5\spring-boot-starter-json-3.2.5.jar;C:\Users\BYTEWORKS\.m2\repository\com\fasterxml\jackson\core\jackson-databind\2.15.4\jackson-databind-2.15.4.jar;C:\Users\BYTEWORKS\.m2\repository\com\fasterxml\jackson\core\jackson-annotations\2.15.4\jackson-annotations-2.15.4.jar;C:\Users\BYTEWORKS\.m2\repository\com\fasterxml\jackson\core\jackson-core\2.15.4\jackson-core-2.15.4.jar;C:\Users\BYTEWORKS\.m2\repository\com\fasterxml\jackson\datatype\jackson-datatype-jdk8\2.15.4\jackson-datatype-jdk8-2.15.4.jar;C:\Users\BYTEWORKS\.m2\repository\com\fasterxml\jackson\datatype\jackson-datatype-jsr310\2.15.4\jackson-datatype-jsr310-2.15.4.jar;C:\Users\BYTEWORKS\.m2\repository\com\fasterxml\jackson\module\jackson-module-parameter-names\2.15.4\jackson-module-parameter-names-2.15.4.jar;C:\Users\BYTEWORKS\.m2\repository\org\springframework\boot\spring-boot-starter-tomcat\3.2.5\spring-boot-starter-tomcat-3.2.5.jar;C:\Users\BYTEWORKS\.m2\repository\org\apache\tomcat\embed\tomcat-embed-core\10.1.20\tomcat-embed-core-10.1.20.jar;C:\Users\BYTEWORKS\.m2\repository\org\apache\tomcat\embed\tomcat-embed-websocket\10.1.20\tomcat-embed-websocket-10.1.20.jar;C:\Users\BYTEWORKS\.m2\repository\org\springframework\spring-web\6.1.6\spring-web-6.1.6.jar;C:\Users\BYTEWORKS\.m2\repository\org\springframework\spring-beans\6.1.6\spring-beans-6.1.6.jar;C:\Users\BYTEWORKS\.m2\repository\io\micrometer\micrometer-observation\1.12.5\micrometer-observation-1.12.5.jar;C:\Users\BYTEWORKS\.m2\repository\io\micrometer\micrometer-commons\1.12.5\micrometer-commons-1.12.5.jar;C:\Users\BYTEWORKS\.m2\repository\org\springframework\spring-webmvc\6.1.6\spring-webmvc-6.1.6.jar;C:\Users\BYTEWORKS\.m2\repository\org\springframework\spring-aop\6.1.6\spring-aop-6.1.6.jar;C:\Users\BYTEWORKS\.m2\repository\org\springframework\spring-expression\6.1.6\spring-expression-6.1.6.jar;C:\Users\BYTEWORKS\.m2\repository\org\springframework\boot\spring-boot-starter-data-jpa\3.2.5\spring-boot-starter-data-jpa-3.2.5.jar;C:\Users\BYTEWORKS\.m2\repository\org\springframework\boot\spring-boot-starter-aop\3.2.5\spring-boot-starter-aop-3.2.5.jar;C:\Users\BYTEWORKS\.m2\repository\org\aspectj\aspectjweaver\1.9.22\aspectjweaver-1.9.22.jar;C:\Users\BYTEWORKS\.m2\repository\org\springframework\boot\spring-boot-starter-jdbc\3.2.5\spring-boot-starter-jdbc-3.2.5.jar;C:\Users\BYTEWORKS\.m2\repository\com\zaxxer\HikariCP\5.0.1\HikariCP-5.0.1.jar;C:\Users\BYTEWORKS\.m2\repository\org\springframework\spring-jdbc\6.1.6\spring-jdbc-6.1.6.jar;C:\Users\BYTEWORKS\.m2\repository\org\hibernate\orm\hibernate-core\6.4.4.Final\hibernate-core-6.4.4.Final.jar;C:\Users\BYTEWORKS\.m2\repository\jakarta\persistence\jakarta.persistence-api\3.1.0\jakarta.persistence-api-3.1.0.jar;C:\Users\BYTEWORKS\.m2\repository\jakarta\transaction\jakarta.transaction-api\2.0.1\jakarta.transaction-api-2.0.1.jar;C:\Users\BYTEWORKS\.m2\repository\org\jboss\logging\jboss-logging\3.5.3.Final\jboss-logging-3.5.3.Final.jar;C:\Users\BYTEWORKS\.m2\repository\org\hibernate\common\hibernate-commons-annotations\6.0.6.Final\hibernate-commons-annotations-6.0.6.Final.jar;C:\Users\BYTEWORKS\.m2\repository\io\smallrye\jandex\3.1.2\jandex-3.1.2.jar;C:\Users\BYTEWORKS\.m2\repository\com\fasterxml\classmate\1.6.0\classmate-1.6.0.jar;C:\Users\BYTEWORKS\.m2\repository\net\bytebuddy\byte-buddy\1.14.13\byte-buddy-1.14.13.jar;C:\Users\BYTEWORKS\.m2\repository\org\glassfish\jaxb\jaxb-runtime\4.0.5\jaxb-runtime-4.0.5.jar;C:\Users\BYTEWORKS\.m2\repository\org\glassfish\jaxb\jaxb-core\4.0.5\jaxb-core-4.0.5.jar;C:\Users\BYTEWORKS\.m2\repository\org\eclipse\angus\angus-activation\2.0.2\angus-activation-2.0.2.jar;C:\Users\BYTEWORKS\.m2\repository\org\glassfish\jaxb\txw2\4.0.5\txw2-4.0.5.jar;C:\Users\BYTEWORKS\.m2\repository\com\sun\istack\istack-commons-runtime\4.1.2\istack-commons-runtime-4.1.2.jar;C:\Users\BYTEWORKS\.m2\repository\jakarta\inject\jakarta.inject-api\2.0.1\jakarta.inject-api-2.0.1.jar;C:\Users\BYTEWORKS\.m2\repository\org\antlr\antlr4-runtime\4.13.0\antlr4-runtime-4.13.0.jar;C:\Users\BYTEWORKS\.m2\repository\org\springframework\data\spring-data-jpa\3.2.5\spring-data-jpa-3.2.5.jar;C:\Users\BYTEWORKS\.m2\repository\org\springframework\data\spring-data-commons\3.2.5\spring-data-commons-3.2.5.jar;C:\Users\BYTEWORKS\.m2\repository\org\springframework\spring-orm\6.1.6\spring-orm-6.1.6.jar;C:\Users\BYTEWORKS\.m2\repository\org\springframework\spring-tx\6.1.6\spring-tx-6.1.6.jar;C:\Users\BYTEWORKS\.m2\repository\org\slf4j\slf4j-api\2.0.13\slf4j-api-2.0.13.jar;C:\Users\BYTEWORKS\.m2\repository\org\springframework\spring-aspects\6.1.6\spring-aspects-6.1.6.jar;C:\Users\BYTEWORKS\.m2\repository\com\h2database\h2\2.2.224\h2-2.2.224.jar;C:\Users\BYTEWORKS\.m2\repository\org\springframework\boot\spring-boot-starter-hateoas\3.2.5\spring-boot-starter-hateoas-3.2.5.jar;C:\Users\BYTEWORKS\.m2\repository\org\springframework\hateoas\spring-hateoas\2.2.2\spring-hateoas-2.2.2.jar;C:\Users\BYTEWORKS\.m2\repository\org\springframework\plugin\spring-plugin-core\3.0.0\spring-plugin-core-3.0.0.jar;C:\Users\BYTEWORKS\.m2\repository\org\springframework\boot\spring-boot-starter-validation\3.2.5\spring-boot-starter-validation-3.2.5.jar;C:\Users\BYTEWORKS\.m2\repository\org\apache\tomcat\embed\tomcat-embed-el\10.1.20\tomcat-embed-el-10.1.20.jar;C:\Users\BYTEWORKS\.m2\repository\org\hibernate\validator\hibernate-validator\8.0.1.Final\hibernate-validator-8.0.1.Final.jar;C:\Users\BYTEWORKS\.m2\repository\jakarta\validation\jakarta.validation-api\3.0.2\jakarta.validation-api-3.0.2.jar;C:\Users\BYTEWORKS\.m2\repository\org\springframework\boot\spring-boot-devtools\3.2.5\spring-boot-devtools-3.2.5.jar;C:\Users\BYTEWORKS\.m2\repository\org\projectlombok\lombok\1.18.32\lombok-1.18.32.jar;C:\Users\BYTEWORKS\.m2\repository\org\springframework\boot\spring-boot-starter-test\3.2.5\spring-boot-starter-test-3.2.5.jar;C:\Users\BYTEWORKS\.m2\repository\org\springframework\boot\spring-boot-test\3.2.5\spring-boot-test-3.2.5.jar;C:\Users\BYTEWORKS\.m2\repository\org\springframework\boot\spring-boot-test-autoconfigure\3.2.5\spring-boot-test-autoconfigure-3.2.5.jar;C:\Users\BYTEWORKS\.m2\repository\com\jayway\jsonpath\json-path\2.9.0\json-path-2.9.0.jar;C:\Users\BYTEWORKS\.m2\repository\jakarta\xml\bind\jakarta.xml.bind-api\4.0.2\jakarta.xml.bind-api-4.0.2.jar;C:\Users\BYTEWORKS\.m2\repository\jakarta\activation\jakarta.activation-api\2.1.3\jakarta.activation-api-2.1.3.jar;C:\Users\BYTEWORKS\.m2\repository\net\minidev\json-smart\2.5.1\json-smart-2.5.1.jar;C:\Users\BYTEWORKS\.m2\repository\net\minidev\accessors-smart\2.5.1\accessors-smart-2.5.1.jar;C:\Users\BYTEWORKS\.m2\repository\org\ow2\asm\asm\9.6\asm-9.6.jar;C:\Users\BYTEWORKS\.m2\repository\org\assertj\assertj-core\3.24.2\assertj-core-3.24.2.jar;C:\Users\BYTEWORKS\.m2\repository\org\awaitility\awaitility\4.2.1\awaitility-4.2.1.jar;C:\Users\BYTEWORKS\.m2\repository\org\hamcrest\hamcrest\2.2\hamcrest-2.2.jar;C:\Users\BYTEWORKS\.m2\repository\org\junit\jupiter\junit-jupiter\5.10.2\junit-jupiter-5.10.2.jar;C:\Users\BYTEWORKS\.m2\repository\org\junit\jupiter\junit-jupiter-params\5.10.2\junit-jupiter-params-5.10.2.jar;C:\Users\BYTEWORKS\.m2\repository\org\mockito\mockito-core\5.7.0\mockito-core-5.7.0.jar;C:\Users\BYTEWORKS\.m2\repository\net\bytebuddy\byte-buddy-agent\1.14.13\byte-buddy-agent-1.14.13.jar;C:\Users\BYTEWORKS\.m2\repository\org\objenesis\objenesis\3.3\objenesis-3.3.jar;C:\Users\BYTEWORKS\.m2\repository\org\mockito\mockito-junit-jupiter\5.7.0\mockito-junit-jupiter-5.7.0.jar;C:\Users\BYTEWORKS\.m2\repository\org\skyscreamer\jsonassert\1.5.1\jsonassert-1.5.1.jar;C:\Users\BYTEWORKS\.m2\repository\com\vaadin\external\google\android-json\0.0.20131108.vaadin1\android-json-0.0.20131108.vaadin1.jar;C:\Users\BYTEWORKS\.m2\repository\org\springframework\spring-test\6.1.6\spring-test-6.1.6.jar;C:\Users\BYTEWORKS\.m2\repository\org\xmlunit\xmlunit-core\2.9.1\xmlunit-core-2.9.1.jar;C:\Users\BYTEWORKS\.m2\repository\org\springdoc\springdoc-openapi-starter-webmvc-ui\2.0.2\springdoc-openapi-starter-webmvc-ui-2.0.2.jar;C:\Users\BYTEWORKS\.m2\repository\org\springdoc\springdoc-openapi-starter-webmvc-api\2.0.2\springdoc-openapi-starter-webmvc-api-2.0.2.jar;C:\Users\BYTEWORKS\.m2\repository\org\springdoc\springdoc-openapi-starter-common\2.0.2\springdoc-openapi-starter-common-2.0.2.jar;C:\Users\BYTEWORKS\.m2\repository\io\swagger\core\v3\swagger-core-jakarta\2.2.7\swagger-core-jakarta-2.2.7.jar;C:\Users\BYTEWORKS\.m2\repository\org\apache\commons\commons-lang3\3.13.0\commons-lang3-3.13.0.jar;C:\Users\BYTEWORKS\.m2\repository\io\swagger\core\v3\swagger-annotations-jakarta\2.2.7\swagger-annotations-jakarta-2.2.7.jar;C:\Users\BYTEWORKS\.m2\repository\io\swagger\core\v3\swagger-models-jakarta\2.2.7\swagger-models-jakarta-2.2.7.jar;C:\Users\BYTEWORKS\.m2\repository\com\fasterxml\jackson\dataformat\jackson-dataformat-yaml\2.15.4\jackson-dataformat-yaml-2.15.4.jar;C:\Users\BYTEWORKS\.m2\repository\org\webjars\swagger-ui\4.15.5\swagger-ui-4.15.5.jar;C:\Users\BYTEWORKS\.m2\repository\org\webjars\webjars-locator-core\0.55\webjars-locator-core-0.55.jar;C:\Users\BYTEWORKS\.m2\repository\io\github\classgraph\classgraph\4.8.149\classgraph-4.8.149.jar;C:\Users\BYTEWORKS\.m2\repository\org\springframework\security\spring-security-test\6.2.4\spring-security-test-6.2.4.jar;C:\Users\BYTEWORKS\.m2\repository\org\springframework\security\spring-security-core\6.2.4\spring-security-core-6.2.4.jar;C:\Users\BYTEWORKS\.m2\repository\org\springframework\security\spring-security-crypto\6.2.4\spring-security-crypto-6.2.4.jar;C:\Users\BYTEWORKS\.m2\repository\org\springframework\security\spring-security-web\6.2.4\spring-security-web-6.2.4.jar;C:\Users\BYTEWORKS\.m2\repository\org\apache\poi\poi\5.2.3\poi-5.2.3.jar;C:\Users\BYTEWORKS\.m2\repository\commons-codec\commons-codec\1.16.1\commons-codec-1.16.1.jar;C:\Users\BYTEWORKS\.m2\repository\org\apache\commons\commons-collections4\4.4\commons-collections4-4.4.jar;C:\Users\BYTEWORKS\.m2\repository\org\apache\commons\commons-math3\3.6.1\commons-math3-3.6.1.jar;C:\Users\BYTEWORKS\.m2\repository\commons-io\commons-io\2.11.0\commons-io-2.11.0.jar;C:\Users\BYTEWORKS\.m2\repository\com\zaxxer\SparseBitSet\1.2\SparseBitSet-1.2.jar;C:\Users\BYTEWORKS\.m2\repository\org\apache\logging\log4j\log4j-api\2.21.1\log4j-api-2.21.1.jar;C:\Users\BYTEWORKS\.m2\repository\org\apache\poi\poi-ooxml\5.2.3\poi-ooxml-5.2.3.jar;C:\Users\BYTEWORKS\.m2\repository\org\apache\poi\poi-ooxml-lite\5.2.3\poi-ooxml-lite-5.2.3.jar;C:\Users\BYTEWORKS\.m2\repository\org\apache\xmlbeans\xmlbeans\5.1.1\xmlbeans-5.1.1.jar;C:\Users\BYTEWORKS\.m2\repository\org\apache\commons\commons-compress\1.21\commons-compress-1.21.jar;C:\Users\BYTEWORKS\.m2\repository\com\github\virtuald\curvesapi\1.07\curvesapi-1.07.jar;C:\Users\BYTEWORKS\.m2\repository\org\junit\jupiter\junit-jupiter-engine\5.10.2\junit-jupiter-engine-5.10.2.jar;C:\Users\BYTEWORKS\.m2\repository\org\junit\platform\junit-platform-engine\1.10.2\junit-platform-engine-1.10.2.jar;C:\Users\BYTEWORKS\.m2\repository\org\opentest4j\opentest4j\1.3.0\opentest4j-1.3.0.jar;C:\Users\BYTEWORKS\.m2\repository\org\junit\platform\junit-platform-commons\1.10.2\junit-platform-commons-1.10.2.jar;C:\Users\BYTEWORKS\.m2\repository\org\junit\jupiter\junit-jupiter-api\5.10.2\junit-jupiter-api-5.10.2.jar;C:\Users\BYTEWORKS\.m2\repository\org\apiguardian\apiguardian-api\1.1.2\apiguardian-api-1.1.2.jar;"/>
    <property name="sun.cpu.endian" value="little"/>
    <property name="user.home" value="C:\Users\BYTEWORKS"/>
    <property name="user.language" value="en"/>
    <property name="java.specification.vendor" value="Oracle Corporation"/>
    <property name="java.version.date" value="2024-04-16"/>
    <property name="java.home" value="C:\Program Files\Java\jdk-22"/>
    <property name="file.separator" value="\"/>
    <property name="basedir" value="C:\Users\BYTEWORKS\Documents\NPF Docs\quiz"/>
    <property name="java.vm.compressedOopsMode" value="Zero based"/>
    <property name="line.separator" value="&#10;"/>
    <property name="java.vm.specification.vendor" value="Oracle Corporation"/>
    <property name="java.specification.name" value="Java Platform API Specification"/>
    <property name="FILE_LOG_CHARSET" value="UTF-8"/>
    <property name="java.awt.headless" value="true"/>
    <property name="surefire.real.class.path" value="C:\Users\BYTEWORKS\AppData\Local\Temp\surefire15141710238199657683\surefirebooter-20240522030850607_3.jar"/>
    <property name="user.script" value=""/>
    <property name="sun.management.compiler" value="HotSpot 64-Bit Tiered Compilers"/>
    <property name="java.runtime.version" value="22.0.1+8-16"/>
    <property name="user.name" value="BYTEWORKS"/>
    <property name="stdout.encoding" value="Cp1252"/>
    <property name="path.separator" value=";"/>
    <property name="os.version" value="10.0"/>
    <property name="java.runtime.name" value="Java(TM) SE Runtime Environment"/>
    <property name="file.encoding" value="UTF-8"/>
    <property name="java.vm.name" value="Java HotSpot(TM) 64-Bit Server VM"/>
    <property name="localRepository" value="C:\Users\BYTEWORKS\.m2\repository"/>
    <property name="java.vendor.url.bug" value="https://bugreport.java.com/bugreport/"/>
    <property name="java.io.tmpdir" value="C:\Users\BYTEWO~1\AppData\Local\Temp\"/>
    <property name="java.version" value="22.0.1"/>
    <property name="user.dir" value="C:\Users\BYTEWORKS\Documents\NPF Docs\quiz"/>
    <property name="os.arch" value="amd64"/>
    <property name="java.vm.specification.name" value="Java Virtual Machine Specification"/>
    <property name="PID" value="26940"/>
    <property name="sun.os.patch.level" value=""/>
    <property name="CONSOLE_LOG_CHARSET" value="UTF-8"/>
    <property name="native.encoding" value="Cp1252"/>
    <property name="java.library.path" value="C:\Program Files\Java\jdk-22\bin;C:\WINDOWS\Sun\Java\bin;C:\WINDOWS\system32;C:\WINDOWS;C:\Ruby32-x64\bin;C:\Python310\Scripts\;C:\Python310\;C:\Program Files (x86)\VMware\VMware Player\bin\;C:\Program Files\Common Files\Oracle\Java\javapath;C:\Program Files (x86)\Common Files\Oracle\Java\javapath;C:\Windows\system32;C:\Windows;C:\Windows\System32\Wbem;C:\Windows\System32\WindowsPowerShell\v1.0\;C:\Windows\System32\OpenSSH\;C:\Program Files (x86)\NVIDIA Corporation\PhysX\Common;%JAVA_HOME%\bin;C:\jcodes\dev\tools\keycloak-15.0.2\bin;C:\jcodes\dev\tools\gradle-7.2\bin-old;C:\jcodes\dev\sdk\flutter\bin;C:\ProgramData\chocolatey\bin;C:\jcodes\dev\tools\apache-maven-3.8.2\bin;C:\WINDOWS\system32;C:\WINDOWS;C:\WINDOWS\System32\Wbem;C:\WINDOWS\System32\WindowsPowerShell\v1.0\;C:\WINDOWS\System32\OpenSSH\;C:\Program Files\Git\cmd;C:\Program Files\Microsoft SQL Server\150\Tools\Binn\;C:\Program Files\Microsoft SQL Server\Client SDK\ODBC\170\Tools\Binn\;C:\Program Files\dotnet\;C:\Program Files (x86)\Microsoft SQL Server\160\DTS\Binn\;C:\Program Files\Azure Data Studio\bin;C:\Program Files (x86)\Microsoft SQL Server\160\Tools\Binn\;C:\Program Files\Microsoft SQL Server\160\Tools\Binn\;C:\Program Files\Microsoft SQL Server\160\DTS\Binn\;C:\Program Files (x86)\dotnet\;C:\Program Files\PuTTY\;C:\Program Files\nodejs\;C:\gradle-8.7\bin;C:\apache-maven-3.9.6\bin;C:\Program Files\Docker\Docker\resources\bin;C:\Program Files\Kubernetes\Minikube;C:\graalvm-jdk\bin;C:\Ruby32-x64\bin;C:\Python310\Scripts\;C:\Python310\;C:\Program Files (x86)\VMware\VMware Player\bin\;C:\Program Files\Common Files\Oracle\Java\javapath;C:\Program Files (x86)\Common Files\Oracle\Java\javapath;C:\Windows\system32;C:\Windows;C:\Windows\System32\Wbem;C:\Windows\System32\WindowsPowerShell\v1.0\;C:\Windows\System32\OpenSSH\;C:\Program Files (x86)\NVIDIA Corporation\PhysX\Common;%JAVA_HOME%\bin;C:\jcodes\dev\tools\keycloak-15.0.2\bin;C:\jcodes\dev\tools\gradle-7.2\bin-old;C:\jcodes\dev\sdk\flutter\bin;C:\ProgramData\chocolatey\bin;C:\jcodes\dev\tools\apache-maven-3.8.2\bin;C:\WINDOWS\system32;C:\WINDOWS;C:\WINDOWS\System32\Wbem;C:\WINDOWS\System32\WindowsPowerShell\v1.0\;C:\WINDOWS\System32\OpenSSH\;C:\Program Files\Git\cmd;C:\Program Files\Microsoft SQL Server\150\Tools\Binn\;C:\Program Files\Microsoft SQL Server\Client SDK\ODBC\170\Tools\Binn\;C:\Program Files\dotnet\;C:\Program Files (x86)\Microsoft SQL Server\160\DTS\Binn\;C:\Program Files\Azure Data Studio\bin;C:\Program Files (x86)\Microsoft SQL Server\160\Tools\Binn\;C:\Program Files\Microsoft SQL Server\160\Tools\Binn\;C:\Program Files\Microsoft SQL Server\160\DTS\Binn\;C:\Program Files (x86)\dotnet\;C:\Program Files\PuTTY\;C:\Program Files\nodejs\;C:\gradle-8.7\bin;C:\apache-maven-3.9.6\bin;C:\Program Files\Docker\Docker\resources\bin;C:\Program Files\Kubernetes\Minikube;C:\graalvm-jdk\bin;;C:\kubectl;C:\graalvm-jdk\bin;;."/>
    <property name="java.vm.info" value="mixed mode, sharing"/>
    <property name="stderr.encoding" value="Cp1252"/>
    <property name="java.vendor" value="Oracle Corporation"/>
    <property name="java.vm.version" value="22.0.1+8-16"/>
    <property name="sun.io.unicode.encoding" value="UnicodeLittle"/>
    <property name="java.class.version" value="66.0"/>
    <property name="CONSOLE_LOG_PATTERN" value="%d{yyyy-MM-dd HH:mm:ss} - %msg%n"/>
    <property name="LOGGED_APPLICATION_NAME" value="[Quiz Application] "/>
  </properties>
  <testcase name="testDownloadTemplate_ServerError" classname="com.quizapplication.quiz.controller.ExcelImportControllerTest" time="1.922">
    <failure message="Status expected:&lt;500&gt; but was:&lt;200&gt;" type="java.lang.AssertionError"><![CDATA[java.lang.AssertionError: Status expected:<500> but was:<200>
	at org.springframework.test.util.AssertionErrors.fail(AssertionErrors.java:59)
	at org.springframework.test.util.AssertionErrors.assertEquals(AssertionErrors.java:122)
	at org.springframework.test.web.servlet.result.StatusResultMatchers.lambda$matcher$9(StatusResultMatchers.java:637)
	at org.springframework.test.web.servlet.MockMvc$1.andExpect(MockMvc.java:214)
	at com.quizapplication.quiz.controller.ExcelImportControllerTest.testDownloadTemplate_ServerError(ExcelImportControllerTest.java:92)
	at java.base/java.lang.reflect.Method.invoke(Method.java:580)
	at java.base/java.util.ArrayList.forEach(ArrayList.java:1597)
	at java.base/java.util.ArrayList.forEach(ArrayList.java:1597)
]]></failure>
    <system-out><![CDATA[03:08:52.236 [main] INFO org.springframework.test.context.support.AnnotationConfigContextLoaderUtils -- Could not detect default configuration classes for test class [com.quizapplication.quiz.controller.ExcelImportControllerTest]: ExcelImportControllerTest does not declare any static, non-private, non-final, nested classes annotated with @Configuration.
03:08:52.540 [main] INFO org.springframework.boot.test.context.SpringBootTestContextBootstrapper -- Found @SpringBootConfiguration com.quizapplication.quiz.QuizApplication for test class com.quizapplication.quiz.controller.ExcelImportControllerTest
03:08:52.750 [main] INFO org.springframework.boot.devtools.restart.RestartApplicationListener -- Restart disabled due to context in which it is running

  .   ____          _            __ _ _
 /\\ / ___'_ __ _ _(_)_ __  __ _ \ \ \ \
( ( )\___ | '_ | '_| | '_ \/ _` | \ \ \ \
 \\/  ___)| |_)| | | | | || (_| |  ) ) ) )
  '  |____| .__|_| |_|_| |_\__, | / / / /
 =========|_|==============|___/=/_/_/_/
2024-05-22 03:08:53 - Logging Provider: org.jboss.logging.Slf4jLoggerProvider found via system property
2024-05-22 03:08:53 - Trying to load META-INF/validation.xml for XML based Validator configuration.
2024-05-22 03:08:53 - Trying to load META-INF/validation.xml via TCCL
2024-05-22 03:08:53 - Trying to load META-INF/validation.xml via Hibernate Validator's class loader
2024-05-22 03:08:53 - No META-INF/validation.xml found. Using annotation based configuration only.
2024-05-22 03:08:53 - Found jakarta.persistence.Persistence on classpath containing 'getPersistenceUtil'. Assuming JPA 2 environment. Trying to instantiate JPA aware TraversableResolver
2024-05-22 03:08:53 - Instantiated JPA aware TraversableResolver of type org.hibernate.validator.internal.engine.resolver.JPATraversableResolver.
 :: Spring Boot ::                (v3.2.5)

2024-05-22 03:08:53 - Loaded expression factory via original TCCL
2024-05-22 03:08:53 - Starting ExcelImportControllerTest using Java 22.0.1 with PID 26940 (started by BYTEWORKS in C:\Users\BYTEWORKS\Documents\NPF Docs\quiz)
2024-05-22 03:08:53 - Running with Spring Boot v3.2.5, Spring v6.1.6
2024-05-22 03:08:53 - No active profile set, falling back to 1 default profile: "default"
2024-05-22 03:08:53 - Loading source class com.quizapplication.quiz.QuizApplication
2024-05-22 03:08:53 - Refreshing org.springframework.web.context.support.GenericWebApplicationContext@7a639ec5
2024-05-22 03:08:53 - Creating shared instance of singleton bean 'org.springframework.context.annotation.internalConfigurationAnnotationProcessor'
2024-05-22 03:08:53 - Creating shared instance of singleton bean 'org.springframework.boot.autoconfigure.internalCachingMetadataReaderFactory'
2024-05-22 03:08:53 - HV000252: Using org.hibernate.validator.internal.engine.DefaultPropertyNodeNameProvider as property node name provider.
2024-05-22 03:08:53 - HV000234: Using org.hibernate.validator.messageinterpolation.ResourceBundleMessageInterpolator as ValidatorFactory-scoped message interpolator.
2024-05-22 03:08:53 - HV000234: Using org.hibernate.validator.internal.engine.resolver.JPATraversableResolver as ValidatorFactory-scoped traversable resolver.
2024-05-22 03:08:53 - HV000234: Using org.hibernate.validator.internal.util.ExecutableParameterNameProvider as ValidatorFactory-scoped parameter name provider.
2024-05-22 03:08:53 - HV000234: Using org.hibernate.validator.internal.engine.DefaultClockProvider as ValidatorFactory-scoped clock provider.
2024-05-22 03:08:53 - HV000234: Using org.hibernate.validator.internal.engine.scripting.DefaultScriptEvaluatorFactory as ValidatorFactory-scoped script evaluator factory.
2024-05-22 03:08:53 - Identified candidate component class: file [C:\Users\BYTEWORKS\Documents\NPF Docs\quiz\target\classes\com\quizapplication\quiz\controller\ExcelImportController.class]
2024-05-22 03:08:53 - Identified candidate component class: file [C:\Users\BYTEWORKS\Documents\NPF Docs\quiz\target\classes\com\quizapplication\quiz\exception\GlobalExceptionHandler.class]
2024-05-22 03:08:54 - Creating shared instance of singleton bean 'org.springframework.boot.test.context.ImportsContextCustomizer$ImportsCleanupPostProcessor'
2024-05-22 03:08:54 - Creating shared instance of singleton bean 'org.springframework.boot.test.mock.mockito.MockitoPostProcessor'
2024-05-22 03:08:54 - ProcessBuilder.start(): pid: 27156, dir: null, cmd: "C:\Program Files\Java\jdk-22\bin\java.exe"
java.lang.RuntimeException: ProcessBuilder.start() debug
	at java.base/java.lang.ProcessBuilder.start(ProcessBuilder.java:1147)
	at java.base/java.lang.ProcessBuilder.start(ProcessBuilder.java:1089)
	at net.bytebuddy.agent.ByteBuddyAgent.installExternal(ByteBuddyAgent.java:705)
	at net.bytebuddy.agent.ByteBuddyAgent.install(ByteBuddyAgent.java:636)
	at net.bytebuddy.agent.ByteBuddyAgent.install(ByteBuddyAgent.java:616)
	at net.bytebuddy.agent.ByteBuddyAgent.install(ByteBuddyAgent.java:568)
	at net.bytebuddy.agent.ByteBuddyAgent.install(ByteBuddyAgent.java:545)
	at org.mockito.internal.creation.bytebuddy.InlineDelegateByteBuddyMockMaker.<clinit>(InlineDelegateByteBuddyMockMaker.java:133)
	at org.mockito.internal.creation.bytebuddy.InlineByteBuddyMockMaker.<init>(InlineByteBuddyMockMaker.java:23)
	at java.base/jdk.internal.reflect.DirectConstructorHandleAccessor.newInstance(DirectConstructorHandleAccessor.java:62)
	at java.base/java.lang.reflect.Constructor.newInstanceWithCaller(Constructor.java:502)
	at java.base/java.lang.reflect.Constructor.newInstance(Constructor.java:486)
	at org.mockito.internal.configuration.plugins.DefaultMockitoPlugins.create(DefaultMockitoPlugins.java:103)
	at org.mockito.internal.configuration.plugins.DefaultMockitoPlugins.getDefaultPlugin(DefaultMockitoPlugins.java:79)
	at org.mockito.internal.configuration.plugins.PluginLoader.loadPlugin(PluginLoader.java:75)
	at org.mockito.internal.configuration.plugins.PluginLoader.loadPlugin(PluginLoader.java:50)
	at org.mockito.internal.configuration.plugins.PluginRegistry.<init>(PluginRegistry.java:27)
	at org.mockito.internal.configuration.plugins.Plugins.<clinit>(Plugins.java:22)
	at org.mockito.internal.MockitoCore.<clinit>(MockitoCore.java:73)
	at org.mockito.Mockito.<clinit>(Mockito.java:1683)
	at org.springframework.boot.test.mock.mockito.MockReset.withSettings(MockReset.java:81)
	at org.springframework.boot.test.mock.mockito.MockDefinition.createMock(MockDefinition.java:147)
	at org.springframework.boot.test.mock.mockito.MockitoPostProcessor.registerMock(MockitoPostProcessor.java:185)
	at org.springframework.boot.test.mock.mockito.MockitoPostProcessor.register(MockitoPostProcessor.java:167)
	at org.springframework.boot.test.mock.mockito.MockitoPostProcessor.postProcessBeanFactory(MockitoPostProcessor.java:141)
	at org.springframework.boot.test.mock.mockito.MockitoPostProcessor.postProcessBeanFactory(MockitoPostProcessor.java:129)
	at org.springframework.context.support.PostProcessorRegistrationDelegate.invokeBeanFactoryPostProcessors(PostProcessorRegistrationDelegate.java:363)
	at org.springframework.context.support.PostProcessorRegistrationDelegate.invokeBeanFactoryPostProcessors(PostProcessorRegistrationDelegate.java:197)
	at org.springframework.context.support.AbstractApplicationContext.invokeBeanFactoryPostProcessors(AbstractApplicationContext.java:788)
	at org.springframework.context.support.AbstractApplicationContext.refresh(AbstractApplicationContext.java:606)
	at org.springframework.boot.SpringApplication.refresh(SpringApplication.java:754)
	at org.springframework.boot.SpringApplication.refreshContext(SpringApplication.java:456)
	at org.springframework.boot.SpringApplication.run(SpringApplication.java:334)
	at org.springframework.boot.test.context.SpringBootContextLoader.lambda$loadContext$3(SpringBootContextLoader.java:137)
	at org.springframework.util.function.ThrowingSupplier.get(ThrowingSupplier.java:58)
	at org.springframework.util.function.ThrowingSupplier.get(ThrowingSupplier.java:46)
	at org.springframework.boot.SpringApplication.withHook(SpringApplication.java:1454)
	at org.springframework.boot.test.context.SpringBootContextLoader$ContextLoaderHook.run(SpringBootContextLoader.java:553)
	at org.springframework.boot.test.context.SpringBootContextLoader.loadContext(SpringBootContextLoader.java:137)
	at org.springframework.boot.test.context.SpringBootContextLoader.loadContext(SpringBootContextLoader.java:108)
	at org.springframework.test.context.cache.DefaultCacheAwareContextLoaderDelegate.loadContextInternal(DefaultCacheAwareContextLoaderDelegate.java:225)
	at org.springframework.test.context.cache.DefaultCacheAwareContextLoaderDelegate.loadContext(DefaultCacheAwareContextLoaderDelegate.java:152)
	at org.springframework.test.context.support.DefaultTestContext.getApplicationContext(DefaultTestContext.java:130)
	at org.springframework.boot.test.mock.mockito.MockitoTestExecutionListener.postProcessFields(MockitoTestExecutionListener.java:122)
	at org.springframework.boot.test.mock.mockito.MockitoTestExecutionListener.injectFields(MockitoTestExecutionListener.java:106)
	at org.springframework.boot.test.mock.mockito.MockitoTestExecutionListener.prepareTestInstance(MockitoTestExecutionListener.java:63)
	at org.springframework.test.context.TestContextManager.prepareTestInstance(TestContextManager.java:260)
	at org.springframework.test.context.junit.jupiter.SpringExtension.postProcessTestInstance(SpringExtension.java:163)
	at org.junit.jupiter.engine.descriptor.ClassBasedTestDescriptor.lambda$invokeTestInstancePostProcessors$10(ClassBasedTestDescriptor.java:378)
	at org.junit.jupiter.engine.descriptor.ClassBasedTestDescriptor.executeAndMaskThrowable(ClassBasedTestDescriptor.java:383)
	at org.junit.jupiter.engine.descriptor.ClassBasedTestDescriptor.lambda$invokeTestInstancePostProcessors$11(ClassBasedTestDescriptor.java:378)
	at java.base/java.util.stream.ReferencePipeline$3$1.accept(ReferencePipeline.java:212)
	at java.base/java.util.stream.ReferencePipeline$2$1.accept(ReferencePipeline.java:194)
	at java.base/java.util.ArrayList$ArrayListSpliterator.forEachRemaining(ArrayList.java:1709)
	at java.base/java.util.stream.AbstractPipeline.copyInto(AbstractPipeline.java:556)
	at java.base/java.util.stream.AbstractPipeline.wrapAndCopyInto(AbstractPipeline.java:546)
	at java.base/java.util.stream.StreamSpliterators$WrappingSpliterator.forEachRemaining(StreamSpliterators.java:310)
	at java.base/java.util.stream.Streams$ConcatSpliterator.forEachRemaining(Streams.java:735)
	at java.base/java.util.stream.Streams$ConcatSpliterator.forEachRemaining(Streams.java:734)
	at java.base/java.util.stream.ReferencePipeline$Head.forEach(ReferencePipeline.java:782)
	at org.junit.jupiter.engine.descriptor.ClassBasedTestDescriptor.invokeTestInstancePostProcessors(ClassBasedTestDescriptor.java:377)
	at org.junit.jupiter.engine.descriptor.ClassBasedTestDescriptor.lambda$instantiateAndPostProcessTestInstance$6(ClassBasedTestDescriptor.java:290)
	at org.junit.platform.engine.support.hierarchical.ThrowableCollector.execute(ThrowableCollector.java:73)
	at org.junit.jupiter.engine.descriptor.ClassBasedTestDescriptor.instantiateAndPostProcessTestInstance(ClassBasedTestDescriptor.java:289)
	at org.junit.jupiter.engine.descriptor.ClassBasedTestDescriptor.lambda$testInstancesProvider$4(ClassBasedTestDescriptor.java:279)
	at java.base/java.util.Optional.orElseGet(Optional.java:364)
	at org.junit.jupiter.engine.descriptor.ClassBasedTestDescriptor.lambda$testInstancesProvider$5(ClassBasedTestDescriptor.java:278)
	at org.junit.jupiter.engine.execution.TestInstancesProvider.getTestInstances(TestInstancesProvider.java:31)
	at org.junit.jupiter.engine.descriptor.TestMethodTestDescriptor.lambda$prepare$0(TestMethodTestDescriptor.java:106)
	at org.junit.platform.engine.support.hierarchical.ThrowableCollector.execute(ThrowableCollector.java:73)
	at org.junit.jupiter.engine.descriptor.TestMethodTestDescriptor.prepare(TestMethodTestDescriptor.java:105)
	at org.junit.jupiter.engine.descriptor.TestMethodTestDescriptor.prepare(TestMethodTestDescriptor.java:69)
	at org.junit.platform.engine.support.hierarchical.NodeTestTask.lambda$prepare$2(NodeTestTask.java:123)
	at org.junit.platform.engine.support.hierarchical.ThrowableCollector.execute(ThrowableCollector.java:73)
	at org.junit.platform.engine.support.hierarchical.NodeTestTask.prepare(NodeTestTask.java:123)
	at org.junit.platform.engine.support.hierarchical.NodeTestTask.execute(NodeTestTask.java:90)
	at java.base/java.util.ArrayList.forEach(ArrayList.java:1597)
	at org.junit.platform.engine.support.hierarchical.SameThreadHierarchicalTestExecutorService.invokeAll(SameThreadHierarchicalTestExecutorService.java:41)
	at org.junit.platform.engine.support.hierarchical.NodeTestTask.lambda$executeRecursively$6(NodeTestTask.java:155)
	at org.junit.platform.engine.support.hierarchical.ThrowableCollector.execute(ThrowableCollector.java:73)
	at org.junit.platform.engine.support.hierarchical.NodeTestTask.lambda$executeRecursively$8(NodeTestTask.java:141)
	at org.junit.platform.engine.support.hierarchical.Node.around(Node.java:137)
	at org.junit.platform.engine.support.hierarchical.NodeTestTask.lambda$executeRecursively$9(NodeTestTask.java:139)
	at org.junit.platform.engine.support.hierarchical.ThrowableCollector.execute(ThrowableCollector.java:73)
	at org.junit.platform.engine.support.hierarchical.NodeTestTask.executeRecursively(NodeTestTask.java:138)
	at org.junit.platform.engine.support.hierarchical.NodeTestTask.execute(NodeTestTask.java:95)
	at java.base/java.util.ArrayList.forEach(ArrayList.java:1597)
	at org.junit.platform.engine.support.hierarchical.SameThreadHierarchicalTestExecutorService.invokeAll(SameThreadHierarchicalTestExecutorService.java:41)
	at org.junit.platform.engine.support.hierarchical.NodeTestTask.lambda$executeRecursively$6(NodeTestTask.java:155)
	at org.junit.platform.engine.support.hierarchical.ThrowableCollector.execute(ThrowableCollector.java:73)
	at org.junit.platform.engine.support.hierarchical.NodeTestTask.lambda$executeRecursively$8(NodeTestTask.java:141)
	at org.junit.platform.engine.support.hierarchical.Node.around(Node.java:137)
	at org.junit.platform.engine.support.hierarchical.NodeTestTask.lambda$executeRecursively$9(NodeTestTask.java:139)
	at org.junit.platform.engine.support.hierarchical.ThrowableCollector.execute(ThrowableCollector.java:73)
	at org.junit.platform.engine.support.hierarchical.NodeTestTask.executeRecursively(NodeTestTask.java:138)
	at org.junit.platform.engine.support.hierarchical.NodeTestTask.execute(NodeTestTask.java:95)
	at org.junit.platform.engine.support.hierarchical.SameThreadHierarchicalTestExecutorService.submit(SameThreadHierarchicalTestExecutorService.java:35)
	at org.junit.platform.engine.support.hierarchical.HierarchicalTestExecutor.execute(HierarchicalTestExecutor.java:57)
	at org.junit.platform.engine.support.hierarchical.HierarchicalTestEngine.execute(HierarchicalTestEngine.java:54)
	at org.junit.platform.launcher.core.EngineExecutionOrchestrator.execute(EngineExecutionOrchestrator.java:198)
	at org.junit.platform.launcher.core.EngineExecutionOrchestrator.execute(EngineExecutionOrchestrator.java:169)
	at org.junit.platform.launcher.core.EngineExecutionOrchestrator.execute(EngineExecutionOrchestrator.java:93)
	at org.junit.platform.launcher.core.EngineExecutionOrchestrator.lambda$execute$0(EngineExecutionOrchestrator.java:58)
	at org.junit.platform.launcher.core.EngineExecutionOrchestrator.withInterceptedStreams(EngineExecutionOrchestrator.java:141)
	at org.junit.platform.launcher.core.EngineExecutionOrchestrator.execute(EngineExecutionOrchestrator.java:57)
	at org.junit.platform.launcher.core.DefaultLauncher.execute(DefaultLauncher.java:103)
	at org.junit.platform.launcher.core.DefaultLauncher.execute(DefaultLauncher.java:85)
	at org.junit.platform.launcher.core.DelegatingLauncher.execute(DelegatingLauncher.java:47)
	at org.apache.maven.surefire.junitplatform.LazyLauncher.execute(LazyLauncher.java:56)
	at org.apache.maven.surefire.junitplatform.JUnitPlatformProvider.execute(JUnitPlatformProvider.java:184)
	at org.apache.maven.surefire.junitplatform.JUnitPlatformProvider.invokeAllTests(JUnitPlatformProvider.java:148)
	at org.apache.maven.surefire.junitplatform.JUnitPlatformProvider.invoke(JUnitPlatformProvider.java:122)
	at org.apache.maven.surefire.booter.ForkedBooter.runSuitesInProcess(ForkedBooter.java:385)
	at org.apache.maven.surefire.booter.ForkedBooter.execute(ForkedBooter.java:162)
	at org.apache.maven.surefire.booter.ForkedBooter.run(ForkedBooter.java:507)
	at org.apache.maven.surefire.booter.ForkedBooter.main(ForkedBooter.java:495)
2024-05-22 03:08:56 - Creating shared instance of singleton bean 'org.springframework.context.event.internalEventListenerProcessor'
2024-05-22 03:08:56 - Creating shared instance of singleton bean 'preserveErrorControllerTargetClassPostProcessor'
2024-05-22 03:08:56 - Creating shared instance of singleton bean 'org.springframework.context.event.internalEventListenerFactory'
2024-05-22 03:08:56 - Creating shared instance of singleton bean 'org.springframework.context.annotation.internalAutowiredAnnotationProcessor'
2024-05-22 03:08:56 - Creating shared instance of singleton bean 'org.springframework.context.annotation.internalCommonAnnotationProcessor'
2024-05-22 03:08:56 - Creating shared instance of singleton bean 'org.springframework.context.annotation.internalPersistenceAnnotationProcessor'
2024-05-22 03:08:56 - Creating shared instance of singleton bean 'org.springframework.boot.test.mock.mockito.MockitoPostProcessor$SpyPostProcessor'
2024-05-22 03:08:56 - Creating shared instance of singleton bean 'org.springframework.boot.context.properties.ConfigurationPropertiesBindingPostProcessor'
2024-05-22 03:08:56 - Creating shared instance of singleton bean 'org.springframework.boot.context.internalConfigurationPropertiesBinder'
2024-05-22 03:08:56 - Creating shared instance of singleton bean 'methodValidationPostProcessor'
2024-05-22 03:08:56 - Autowiring by type from bean name 'methodValidationPostProcessor' via factory method to bean named 'environment'
2024-05-22 03:08:56 - Creating shared instance of singleton bean 'org.springframework.boot.context.properties.EnableConfigurationPropertiesRegistrar.methodValidationExcludeFilter'
2024-05-22 03:08:56 - Creating shared instance of singleton bean 'projectingArgumentResolverBeanPostProcessor'
2024-05-22 03:08:56 - Creating shared instance of singleton bean 'hypermediaRepresentionModelProcessorConfigurator'
2024-05-22 03:08:56 - Creating shared instance of singleton bean 'hypermediaRestTemplateBeanPostProcessor'
2024-05-22 03:08:56 - Unable to locate ThemeSource with name 'themeSource': using default [org.springframework.ui.context.support.ResourceBundleThemeSource@72af90e8]
2024-05-22 03:08:56 - Creating shared instance of singleton bean 'quizApplication'
2024-05-22 03:08:56 - Creating shared instance of singleton bean 'excelImportController'
2024-05-22 03:08:56 - Creating shared instance of singleton bean 'globalExceptionHandler'
2024-05-22 03:08:56 - Creating shared instance of singleton bean 'org.springframework.boot.autoconfigure.AutoConfigurationPackages'
2024-05-22 03:08:56 - Creating shared instance of singleton bean 'org.springframework.boot.autoconfigure.task.TaskExecutorConfigurations$ThreadPoolTaskExecutorBuilderConfiguration'
2024-05-22 03:08:56 - Creating shared instance of singleton bean 'threadPoolTaskExecutorBuilder'
2024-05-22 03:08:56 - Creating shared instance of singleton bean 'spring.task.execution-org.springframework.boot.autoconfigure.task.TaskExecutionProperties'
2024-05-22 03:08:56 - Creating shared instance of singleton bean 'org.springframework.boot.context.properties.BoundConfigurationProperties'
2024-05-22 03:08:56 - Autowiring by type from bean name 'threadPoolTaskExecutorBuilder' via factory method to bean named 'spring.task.execution-org.springframework.boot.autoconfigure.task.TaskExecutionProperties'
2024-05-22 03:08:56 - Creating shared instance of singleton bean 'org.springframework.boot.autoconfigure.task.TaskExecutorConfigurations$TaskExecutorBuilderConfiguration'
2024-05-22 03:08:56 - Creating shared instance of singleton bean 'taskExecutorBuilder'
2024-05-22 03:08:56 - Autowiring by type from bean name 'taskExecutorBuilder' via factory method to bean named 'spring.task.execution-org.springframework.boot.autoconfigure.task.TaskExecutionProperties'
2024-05-22 03:08:56 - Creating shared instance of singleton bean 'org.springframework.boot.autoconfigure.task.TaskExecutorConfigurations$SimpleAsyncTaskExecutorBuilderConfiguration'
2024-05-22 03:08:56 - Autowiring by type from bean name 'org.springframework.boot.autoconfigure.task.TaskExecutorConfigurations$SimpleAsyncTaskExecutorBuilderConfiguration' via constructor to bean named 'spring.task.execution-org.springframework.boot.autoconfigure.task.TaskExecutionProperties'
2024-05-22 03:08:56 - Creating shared instance of singleton bean 'simpleAsyncTaskExecutorBuilder'
2024-05-22 03:08:56 - Creating shared instance of singleton bean 'org.springframework.boot.autoconfigure.task.TaskExecutorConfigurations$TaskExecutorConfiguration'
2024-05-22 03:08:56 - Creating shared instance of singleton bean 'org.springframework.boot.autoconfigure.task.TaskExecutionAutoConfiguration'
2024-05-22 03:08:56 - Creating shared instance of singleton bean 'org.springframework.boot.autoconfigure.validation.ValidationAutoConfiguration'
2024-05-22 03:08:56 - Creating shared instance of singleton bean 'defaultValidator'
2024-05-22 03:08:56 - Autowiring by type from bean name 'defaultValidator' via factory method to bean named 'org.springframework.web.context.support.GenericWebApplicationContext@7a639ec5'
2024-05-22 03:08:56 - Loaded expression factory via original TCCL
2024-05-22 03:08:56 - Setting custom MessageInterpolator of type org.springframework.validation.beanvalidation.LocaleContextMessageInterpolator
2024-05-22 03:08:56 - Setting custom ConstraintValidatorFactory of type org.springframework.validation.beanvalidation.SpringConstraintValidatorFactory
2024-05-22 03:08:57 - Trying to load META-INF/validation.xml for XML based Validator configuration.
2024-05-22 03:08:57 - Trying to load META-INF/validation.xml via user class loader
2024-05-22 03:08:57 - Trying to load META-INF/validation.xml via TCCL
2024-05-22 03:08:57 - Trying to load META-INF/validation.xml via Hibernate Validator's class loader
2024-05-22 03:08:57 - No META-INF/validation.xml found. Using annotation based configuration only.
2024-05-22 03:08:57 - Found jakarta.persistence.Persistence on classpath containing 'getPersistenceUtil'. Assuming JPA 2 environment. Trying to instantiate JPA aware TraversableResolver
2024-05-22 03:08:57 - Instantiated JPA aware TraversableResolver of type org.hibernate.validator.internal.engine.resolver.JPATraversableResolver.
2024-05-22 03:08:57 - HV000252: Using org.hibernate.validator.internal.engine.DefaultPropertyNodeNameProvider as property node name provider.
2024-05-22 03:08:57 - HV000234: Using org.springframework.validation.beanvalidation.LocaleContextMessageInterpolator as ValidatorFactory-scoped message interpolator.
2024-05-22 03:08:57 - HV000234: Using org.hibernate.validator.internal.engine.resolver.JPATraversableResolver as ValidatorFactory-scoped traversable resolver.
2024-05-22 03:08:57 - HV000234: Using org.hibernate.validator.internal.util.ExecutableParameterNameProvider as ValidatorFactory-scoped parameter name provider.
2024-05-22 03:08:57 - HV000234: Using org.hibernate.validator.internal.engine.DefaultClockProvider as ValidatorFactory-scoped clock provider.
2024-05-22 03:08:57 - HV000234: Using org.hibernate.validator.internal.engine.scripting.DefaultScriptEvaluatorFactory as ValidatorFactory-scoped script evaluator factory.
2024-05-22 03:08:57 - Creating shared instance of singleton bean 'org.springframework.boot.autoconfigure.web.servlet.error.ErrorMvcAutoConfiguration$WhitelabelErrorViewConfiguration'
2024-05-22 03:08:57 - Creating shared instance of singleton bean 'error'
2024-05-22 03:08:57 - Creating shared instance of singleton bean 'beanNameViewResolver'
2024-05-22 03:08:57 - Creating shared instance of singleton bean 'org.springframework.boot.autoconfigure.web.servlet.error.ErrorMvcAutoConfiguration$DefaultErrorViewResolverConfiguration'
2024-05-22 03:08:57 - Creating shared instance of singleton bean 'spring.web-org.springframework.boot.autoconfigure.web.WebProperties'
2024-05-22 03:08:57 - Autowiring by type from bean name 'org.springframework.boot.autoconfigure.web.servlet.error.ErrorMvcAutoConfiguration$DefaultErrorViewResolverConfiguration' via constructor to bean named 'org.springframework.web.context.support.GenericWebApplicationContext@7a639ec5'
2024-05-22 03:08:57 - Autowiring by type from bean name 'org.springframework.boot.autoconfigure.web.servlet.error.ErrorMvcAutoConfiguration$DefaultErrorViewResolverConfiguration' via constructor to bean named 'spring.web-org.springframework.boot.autoconfigure.web.WebProperties'
2024-05-22 03:08:57 - Creating shared instance of singleton bean 'spring.mvc-org.springframework.boot.autoconfigure.web.servlet.WebMvcProperties'
2024-05-22 03:08:57 - Creating shared instance of singleton bean 'org.springframework.boot.autoconfigure.web.servlet.error.ErrorMvcAutoConfiguration'
2024-05-22 03:08:57 - Creating shared instance of singleton bean 'server-org.springframework.boot.autoconfigure.web.ServerProperties'
2024-05-22 03:08:57 - Autowiring by type from bean name 'org.springframework.boot.autoconfigure.web.servlet.error.ErrorMvcAutoConfiguration' via constructor to bean named 'server-org.springframework.boot.autoconfigure.web.ServerProperties'
2024-05-22 03:08:57 - Creating shared instance of singleton bean 'errorAttributes'
2024-05-22 03:08:57 - Creating shared instance of singleton bean 'basicErrorController'
2024-05-22 03:08:57 - Autowiring by type from bean name 'basicErrorController' via factory method to bean named 'errorAttributes'
2024-05-22 03:08:57 - Creating shared instance of singleton bean 'errorPageCustomizer'
2024-05-22 03:08:57 - Creating shared instance of singleton bean 'dispatcherServletPath'
2024-05-22 03:08:57 - Creating shared instance of singleton bean 'org.springframework.boot.test.autoconfigure.web.servlet.MockMvcAutoConfiguration'
2024-05-22 03:08:57 - Autowiring by type from bean name 'org.springframework.boot.test.autoconfigure.web.servlet.MockMvcAutoConfiguration' via constructor to bean named 'org.springframework.web.context.support.GenericWebApplicationContext@7a639ec5'
2024-05-22 03:08:57 - Autowiring by type from bean name 'org.springframework.boot.test.autoconfigure.web.servlet.MockMvcAutoConfiguration' via constructor to bean named 'spring.mvc-org.springframework.boot.autoconfigure.web.servlet.WebMvcProperties'
2024-05-22 03:08:57 - Autowiring by type from bean name 'errorPageCustomizer' via factory method to bean named 'dispatcherServletPath'
2024-05-22 03:08:57 - Creating shared instance of singleton bean 'org.springframework.boot.autoconfigure.web.servlet.WebMvcAutoConfiguration$EnableWebMvcConfiguration'
2024-05-22 03:08:57 - Autowiring by type from bean name 'org.springframework.boot.autoconfigure.web.servlet.WebMvcAutoConfiguration$EnableWebMvcConfiguration' via constructor to bean named 'spring.mvc-org.springframework.boot.autoconfigure.web.servlet.WebMvcProperties'
2024-05-22 03:08:57 - Autowiring by type from bean name 'org.springframework.boot.autoconfigure.web.servlet.WebMvcAutoConfiguration$EnableWebMvcConfiguration' via constructor to bean named 'spring.web-org.springframework.boot.autoconfigure.web.WebProperties'
2024-05-22 03:08:57 - Autowiring by type from bean name 'org.springframework.boot.autoconfigure.web.servlet.WebMvcAutoConfiguration$EnableWebMvcConfiguration' via constructor to bean named 'org.springframework.beans.factory.support.DefaultListableBeanFactory@58d63b16'
2024-05-22 03:08:57 - Creating shared instance of singleton bean 'org.springframework.boot.autoconfigure.web.servlet.WebMvcAutoConfiguration$WebMvcAutoConfigurationAdapter'
2024-05-22 03:08:57 - Autowiring by type from bean name 'org.springframework.boot.autoconfigure.web.servlet.WebMvcAutoConfiguration$WebMvcAutoConfigurationAdapter' via constructor to bean named 'spring.web-org.springframework.boot.autoconfigure.web.WebProperties'
2024-05-22 03:08:57 - Autowiring by type from bean name 'org.springframework.boot.autoconfigure.web.servlet.WebMvcAutoConfiguration$WebMvcAutoConfigurationAdapter' via constructor to bean named 'spring.mvc-org.springframework.boot.autoconfigure.web.servlet.WebMvcProperties'
2024-05-22 03:08:57 - Autowiring by type from bean name 'org.springframework.boot.autoconfigure.web.servlet.WebMvcAutoConfiguration$WebMvcAutoConfigurationAdapter' via constructor to bean named 'org.springframework.beans.factory.support.DefaultListableBeanFactory@58d63b16'
2024-05-22 03:08:57 - Creating shared instance of singleton bean 'resourceHandlerRegistrationCustomizer'
2024-05-22 03:08:57 - Creating shared instance of singleton bean 'org.springframework.boot.autoconfigure.web.servlet.WebMvcAutoConfiguration$ResourceChainCustomizerConfiguration'
2024-05-22 03:08:57 - Autowiring by type from bean name 'resourceHandlerRegistrationCustomizer' via factory method to bean named 'spring.web-org.springframework.boot.autoconfigure.web.WebProperties'
2024-05-22 03:08:57 - Creating shared instance of singleton bean 'org.springframework.data.web.config.HateoasAwareSpringDataWebConfiguration'
2024-05-22 03:08:57 - Autowiring by type from bean name 'org.springframework.data.web.config.HateoasAwareSpringDataWebConfiguration' via constructor to bean named 'org.springframework.web.context.support.GenericWebApplicationContext@7a639ec5'
2024-05-22 03:08:57 - Creating shared instance of singleton bean 'hypermediaWebMvcConfigurer'
2024-05-22 03:08:57 - Creating shared instance of singleton bean 'org.springframework.hateoas.config.WebMvcHateoasConfiguration'
2024-05-22 03:08:57 - Creating shared instance of singleton bean 'hypermediaWebMvcConverters'
2024-05-22 03:08:57 - Creating shared instance of singleton bean 'org.springframework.hateoas.config.HateoasConfiguration'
2024-05-22 03:08:57 - Creating shared instance of singleton bean 'org.springframework.hateoas.mediatype.hal.HalMediaTypeConfiguration'
2024-05-22 03:08:57 - Creating shared instance of singleton bean '_relProvider'
2024-05-22 03:08:57 - Creating shared instance of singleton bean 'relProviderPluginRegistry'
2024-05-22 03:08:57 - Autowiring by type from bean name 'relProviderPluginRegistry' via factory method to bean named 'org.springframework.web.context.support.GenericWebApplicationContext@7a639ec5'
2024-05-22 03:08:57 - Autowiring by type from bean name '_relProvider' via factory method to bean named 'relProviderPluginRegistry'
2024-05-22 03:08:57 - Creating shared instance of singleton bean 'messageResolver'
2024-05-22 03:08:57 - Autowiring by type from bean name 'org.springframework.hateoas.mediatype.hal.HalMediaTypeConfiguration' via constructor to bean named '_relProvider'
2024-05-22 03:08:57 - Autowiring by type from bean name 'org.springframework.hateoas.mediatype.hal.HalMediaTypeConfiguration' via constructor to bean named 'messageResolver'
2024-05-22 03:08:57 - Autowiring by type from bean name 'org.springframework.hateoas.mediatype.hal.HalMediaTypeConfiguration' via constructor to bean named 'org.springframework.beans.factory.support.DefaultListableBeanFactory@58d63b16'
2024-05-22 03:08:57 - Autowiring by type from bean name 'hypermediaWebMvcConverters' via factory method to bean named 'org.springframework.hateoas.mediatype.hal.HalMediaTypeConfiguration'
2024-05-22 03:08:57 - Creating shared instance of singleton bean 'jacksonObjectMapper'
2024-05-22 03:08:57 - Creating shared instance of singleton bean 'org.springframework.boot.autoconfigure.jackson.JacksonAutoConfiguration$JacksonObjectMapperConfiguration'
2024-05-22 03:08:57 - Creating shared instance of singleton bean 'org.springframework.boot.autoconfigure.jackson.JacksonAutoConfiguration$JacksonObjectMapperBuilderConfiguration'
2024-05-22 03:08:57 - Creating shared instance of singleton bean 'standardJacksonObjectMapperBuilderCustomizer'
2024-05-22 03:08:57 - Creating shared instance of singleton bean 'org.springframework.boot.autoconfigure.jackson.JacksonAutoConfiguration$Jackson2ObjectMapperBuilderCustomizerConfiguration'
2024-05-22 03:08:57 - Creating shared instance of singleton bean 'spring.jackson-org.springframework.boot.autoconfigure.jackson.JacksonProperties'
2024-05-22 03:08:57 - Autowiring by type from bean name 'standardJacksonObjectMapperBuilderCustomizer' via factory method to bean named 'spring.jackson-org.springframework.boot.autoconfigure.jackson.JacksonProperties'
2024-05-22 03:08:57 - Creating shared instance of singleton bean 'parameterNamesModule'
2024-05-22 03:08:57 - Creating shared instance of singleton bean 'org.springframework.boot.autoconfigure.jackson.JacksonAutoConfiguration$ParameterNamesModuleConfiguration'
2024-05-22 03:08:57 - Creating shared instance of singleton bean 'jsonMixinModule'
2024-05-22 03:08:57 - Creating shared instance of singleton bean 'org.springframework.boot.autoconfigure.jackson.JacksonAutoConfiguration$JacksonMixinConfiguration'
2024-05-22 03:08:57 - Creating shared instance of singleton bean 'jsonMixinModuleEntries'
2024-05-22 03:08:57 - Autowiring by type from bean name 'jsonMixinModuleEntries' via factory method to bean named 'org.springframework.web.context.support.GenericWebApplicationContext@7a639ec5'
2024-05-22 03:08:57 - @EnableAutoConfiguration was declared on a class in the package 'com.quizapplication.quiz'. Automatic @Repository and @Entity scanning is enabled.
2024-05-22 03:08:57 - Autowiring by type from bean name 'jsonMixinModule' via factory method to bean named 'org.springframework.web.context.support.GenericWebApplicationContext@7a639ec5'
2024-05-22 03:08:57 - Autowiring by type from bean name 'jsonMixinModule' via factory method to bean named 'jsonMixinModuleEntries'
2024-05-22 03:08:57 - Creating shared instance of singleton bean 'jsonComponentModule'
2024-05-22 03:08:57 - Creating shared instance of singleton bean 'org.springframework.boot.autoconfigure.jackson.JacksonAutoConfiguration'
2024-05-22 03:08:57 - Creating shared instance of singleton bean 'jacksonGeoModule'
2024-05-22 03:08:57 - Creating shared instance of singleton bean 'org.springframework.data.web.config.SpringDataJacksonConfiguration'
2024-05-22 03:08:57 - Creating shared instance of singleton bean 'pageModule'
2024-05-22 03:08:57 - Autowiring by type from bean name 'jacksonObjectMapperBuilder' via factory method to bean named 'org.springframework.web.context.support.GenericWebApplicationContext@7a639ec5'
2024-05-22 03:08:57 - Autowiring by type from bean name 'jacksonObjectMapperBuilder' via factory method to bean named 'standardJacksonObjectMapperBuilderCustomizer'
2024-05-22 03:08:57 - Autowiring by type from bean name 'jacksonObjectMapper' via factory method to bean named 'jacksonObjectMapperBuilder'
2024-05-22 03:08:57 - Autowiring by type from bean name 'hypermediaWebMvcConfigurer' via factory method to bean named 'hypermediaWebMvcConverters'
2024-05-22 03:08:57 - Creating shared instance of singleton bean 'welcomePageHandlerMapping'
2024-05-22 03:08:57 - Creating shared instance of singleton bean 'mvcConversionService'
2024-05-22 03:08:57 - Creating shared instance of singleton bean 'mvcResourceUrlProvider'
2024-05-22 03:08:57 - Autowiring by type from bean name 'welcomePageHandlerMapping' via factory method to bean named 'org.springframework.web.context.support.GenericWebApplicationContext@7a639ec5'
2024-05-22 03:08:57 - Autowiring by type from bean name 'welcomePageHandlerMapping' via factory method to bean named 'mvcConversionService'
2024-05-22 03:08:57 - Autowiring by type from bean name 'welcomePageHandlerMapping' via factory method to bean named 'mvcResourceUrlProvider'
2024-05-22 03:08:57 - Creating shared instance of singleton bean 'welcomePageNotAcceptableHandlerMapping'
2024-05-22 03:08:57 - Autowiring by type from bean name 'welcomePageNotAcceptableHandlerMapping' via factory method to bean named 'org.springframework.web.context.support.GenericWebApplicationContext@7a639ec5'
2024-05-22 03:08:57 - Autowiring by type from bean name 'welcomePageNotAcceptableHandlerMapping' via factory method to bean named 'mvcConversionService'
2024-05-22 03:08:57 - Autowiring by type from bean name 'welcomePageNotAcceptableHandlerMapping' via factory method to bean named 'mvcResourceUrlProvider'
2024-05-22 03:08:57 - Creating shared instance of singleton bean 'localeResolver'
2024-05-22 03:08:57 - Creating shared instance of singleton bean 'themeResolver'
2024-05-22 03:08:57 - Creating shared instance of singleton bean 'flashMapManager'
2024-05-22 03:08:57 - Creating shared instance of singleton bean 'mvcValidator'
2024-05-22 03:08:57 - Creating shared instance of singleton bean 'mvcContentNegotiationManager'
2024-05-22 03:08:57 - Creating shared instance of singleton bean 'requestMappingHandlerMapping'
2024-05-22 03:08:57 - Autowiring by type from bean name 'requestMappingHandlerMapping' via factory method to bean named 'mvcContentNegotiationManager'
2024-05-22 03:08:57 - Autowiring by type from bean name 'requestMappingHandlerMapping' via factory method to bean named 'mvcConversionService'
2024-05-22 03:08:57 - Autowiring by type from bean name 'requestMappingHandlerMapping' via factory method to bean named 'mvcResourceUrlProvider'
2024-05-22 03:08:57 - 
	c.q.q.c.ExcelImportController:
	{POST [/api/import/excel]}: importQuizFromExcel(MultipartFile)
	{GET [/api/import/template]}: downloadTemplate()
2024-05-22 03:08:57 - 
	o.s.b.a.w.s.e.BasicErrorController:
	{ [/error]}: error(HttpServletRequest)
	{ [/error], produces [text/html]}: errorHtml(HttpServletRequest,HttpServletResponse)
2024-05-22 03:08:57 - 4 mappings in 'requestMappingHandlerMapping'
2024-05-22 03:08:57 - Creating shared instance of singleton bean 'mvcPatternParser'
2024-05-22 03:08:57 - Creating shared instance of singleton bean 'mvcUrlPathHelper'
2024-05-22 03:08:57 - Creating shared instance of singleton bean 'mvcPathMatcher'
2024-05-22 03:08:57 - Creating shared instance of singleton bean 'viewControllerHandlerMapping'
2024-05-22 03:08:57 - Autowiring by type from bean name 'viewControllerHandlerMapping' via factory method to bean named 'mvcConversionService'
2024-05-22 03:08:57 - Autowiring by type from bean name 'viewControllerHandlerMapping' via factory method to bean named 'mvcResourceUrlProvider'
2024-05-22 03:08:57 - Creating shared instance of singleton bean 'beanNameHandlerMapping'
2024-05-22 03:08:57 - Autowiring by type from bean name 'beanNameHandlerMapping' via factory method to bean named 'mvcConversionService'
2024-05-22 03:08:57 - Autowiring by type from bean name 'beanNameHandlerMapping' via factory method to bean named 'mvcResourceUrlProvider'
2024-05-22 03:08:57 - 'beanNameHandlerMapping' {}
2024-05-22 03:08:57 - Creating shared instance of singleton bean 'routerFunctionMapping'
2024-05-22 03:08:57 - Autowiring by type from bean name 'routerFunctionMapping' via factory method to bean named 'mvcConversionService'
2024-05-22 03:08:57 - Autowiring by type from bean name 'routerFunctionMapping' via factory method to bean named 'mvcResourceUrlProvider'
2024-05-22 03:08:57 - Creating shared instance of singleton bean 'messageConverters'
2024-05-22 03:08:57 - Creating shared instance of singleton bean 'org.springframework.boot.autoconfigure.http.HttpMessageConvertersAutoConfiguration'
2024-05-22 03:08:57 - Creating shared instance of singleton bean 'stringHttpMessageConverter'
2024-05-22 03:08:57 - Creating shared instance of singleton bean 'org.springframework.boot.autoconfigure.http.HttpMessageConvertersAutoConfiguration$StringHttpMessageConverterConfiguration'
2024-05-22 03:08:57 - Autowiring by type from bean name 'stringHttpMessageConverter' via factory method to bean named 'environment'
2024-05-22 03:08:57 - Creating shared instance of singleton bean 'mappingJackson2HttpMessageConverter'
2024-05-22 03:08:57 - Creating shared instance of singleton bean 'org.springframework.boot.autoconfigure.http.JacksonHttpMessageConvertersConfiguration$MappingJackson2HttpMessageConverterConfiguration'
2024-05-22 03:08:57 - Autowiring by type from bean name 'mappingJackson2HttpMessageConverter' via factory method to bean named 'jacksonObjectMapper'
2024-05-22 03:08:58 - Creating shared instance of singleton bean 'applicationJsonHalConfiguration'
2024-05-22 03:08:58 - Creating shared instance of singleton bean 'org.springframework.boot.autoconfigure.hateoas.HypermediaAutoConfiguration'
2024-05-22 03:08:58 - Creating shared instance of singleton bean 'resourceHandlerMapping'
2024-05-22 03:08:58 - Autowiring by type from bean name 'resourceHandlerMapping' via factory method to bean named 'mvcContentNegotiationManager'
2024-05-22 03:08:58 - Autowiring by type from bean name 'resourceHandlerMapping' via factory method to bean named 'mvcConversionService'
2024-05-22 03:08:58 - Autowiring by type from bean name 'resourceHandlerMapping' via factory method to bean named 'mvcResourceUrlProvider'
2024-05-22 03:08:59 - 'resourceHandlerMapping' {/webjars/**=ResourceHttpRequestHandler [classpath [META-INF/resources/webjars/]], /**=ResourceHttpRequestHandler [classpath [META-INF/resources/], classpath [resources/], classpath [static/], classpath [public/], ServletContext [/]]}
2024-05-22 03:08:59 - Creating shared instance of singleton bean 'defaultServletHandlerMapping'
2024-05-22 03:08:59 - Creating shared instance of singleton bean 'requestMappingHandlerAdapter'
2024-05-22 03:08:59 - Autowiring by type from bean name 'requestMappingHandlerAdapter' via factory method to bean named 'mvcContentNegotiationManager'
2024-05-22 03:08:59 - Autowiring by type from bean name 'requestMappingHandlerAdapter' via factory method to bean named 'mvcConversionService'
2024-05-22 03:08:59 - Autowiring by type from bean name 'requestMappingHandlerAdapter' via factory method to bean named 'mvcValidator'
2024-05-22 03:08:59 - Creating shared instance of singleton bean 'sortResolver'
2024-05-22 03:08:59 - Creating shared instance of singleton bean 'sortCustomizer'
2024-05-22 03:08:59 - Creating shared instance of singleton bean 'org.springframework.boot.autoconfigure.data.web.SpringDataWebAutoConfiguration'
2024-05-22 03:08:59 - Creating shared instance of singleton bean 'spring.data.web-org.springframework.boot.autoconfigure.data.web.SpringDataWebProperties'
2024-05-22 03:08:59 - Autowiring by type from bean name 'org.springframework.boot.autoconfigure.data.web.SpringDataWebAutoConfiguration' via constructor to bean named 'spring.data.web-org.springframework.boot.autoconfigure.data.web.SpringDataWebProperties'
2024-05-22 03:08:59 - Creating shared instance of singleton bean 'pageableResolver'
2024-05-22 03:08:59 - Creating shared instance of singleton bean 'pageableCustomizer'
2024-05-22 03:08:59 - Creating shared instance of singleton bean 'pagedResourcesAssemblerArgumentResolver'
2024-05-22 03:08:59 - Creating shared instance of singleton bean 'slicedResourcesAssemblerArgumentResolver'
2024-05-22 03:08:59 - Creating shared instance of singleton bean 'applicationTaskExecutor'
2024-05-22 03:08:59 - Autowiring by type from bean name 'applicationTaskExecutor' via factory method to bean named 'taskExecutorBuilder'
2024-05-22 03:08:59 - Initializing ExecutorService 'applicationTaskExecutor'
2024-05-22 03:08:59 - ControllerAdvice beans: 0 @ModelAttribute, 0 @InitBinder, 1 RequestBodyAdvice, 1 ResponseBodyAdvice
2024-05-22 03:08:59 - Creating shared instance of singleton bean 'handlerFunctionAdapter'
2024-05-22 03:08:59 - Creating shared instance of singleton bean 'mvcUriComponentsContributor'
2024-05-22 03:08:59 - Autowiring by type from bean name 'mvcUriComponentsContributor' via factory method to bean named 'mvcConversionService'
2024-05-22 03:08:59 - Autowiring by type from bean name 'mvcUriComponentsContributor' via factory method to bean named 'requestMappingHandlerAdapter'
2024-05-22 03:08:59 - Creating shared instance of singleton bean 'httpRequestHandlerAdapter'
2024-05-22 03:08:59 - Creating shared instance of singleton bean 'simpleControllerHandlerAdapter'
2024-05-22 03:08:59 - Creating shared instance of singleton bean 'handlerExceptionResolver'
2024-05-22 03:08:59 - Autowiring by type from bean name 'handlerExceptionResolver' via factory method to bean named 'mvcContentNegotiationManager'
2024-05-22 03:08:59 - ControllerAdvice beans: 1 @ExceptionHandler, 1 ResponseBodyAdvice
2024-05-22 03:08:59 - Creating shared instance of singleton bean 'mvcViewResolver'
2024-05-22 03:08:59 - Autowiring by type from bean name 'mvcViewResolver' via factory method to bean named 'mvcContentNegotiationManager'
2024-05-22 03:08:59 - Creating shared instance of singleton bean 'viewNameTranslator'
2024-05-22 03:08:59 - Creating shared instance of singleton bean 'defaultViewResolver'
2024-05-22 03:08:59 - Creating shared instance of singleton bean 'viewResolver'
2024-05-22 03:08:59 - Autowiring by type from bean name 'viewResolver' via factory method to bean named 'org.springframework.beans.factory.support.DefaultListableBeanFactory@58d63b16'
2024-05-22 03:08:59 - Creating shared instance of singleton bean 'viewResolver'
2024-05-22 03:08:59 - Creating shared instance of singleton bean 'requestContextFilter'
2024-05-22 03:08:59 - Creating shared instance of singleton bean 'org.springframework.boot.autoconfigure.web.servlet.WebMvcAutoConfiguration'
2024-05-22 03:08:59 - Creating shared instance of singleton bean 'formContentFilter'
2024-05-22 03:09:00 - Creating shared instance of singleton bean 'org.springframework.boot.autoconfigure.http.JacksonHttpMessageConvertersConfiguration'
2024-05-22 03:09:00 - Creating shared instance of singleton bean 'org.springframework.data.web.config.ProjectingArgumentResolverRegistrar'
2024-05-22 03:09:00 - Creating shared instance of singleton bean 'pagedResourcesAssembler'
2024-05-22 03:09:00 - Creating shared instance of singleton bean 'slicedResourcesAssembler'
2024-05-22 03:09:00 - Creating shared instance of singleton bean 'offsetResolver'
2024-05-22 03:09:00 - Creating shared instance of singleton bean 'halLinkDisocoverer'
2024-05-22 03:09:00 - Creating shared instance of singleton bean 'org.springframework.hateoas.config.WebTestHateoasConfiguration'
2024-05-22 03:09:00 - Creating shared instance of singleton bean 'defaultRelProvider'
2024-05-22 03:09:00 - Creating shared instance of singleton bean 'annotationRelProvider'
2024-05-22 03:09:00 - Creating shared instance of singleton bean 'linkDiscoverers'
2024-05-22 03:09:00 - Creating shared instance of singleton bean 'linkDiscovererRegistry'
2024-05-22 03:09:00 - Autowiring by type from bean name 'linkDiscoverers' via factory method to bean named 'linkDiscovererRegistry'
2024-05-22 03:09:00 - Creating shared instance of singleton bean 'org.springframework.hateoas.config.WebMvcEntityLinksConfiguration'
2024-05-22 03:09:00 - Creating shared instance of singleton bean 'webMvcEntityLinks'
2024-05-22 03:09:00 - Creating shared instance of singleton bean 'webMvcLinkBuilderFactory'
2024-05-22 03:09:00 - Creating shared instance of singleton bean 'entityLinksPluginRegistry'
2024-05-22 03:09:00 - Autowiring by type from bean name 'entityLinksPluginRegistry' via factory method to bean named 'org.springframework.web.context.support.GenericWebApplicationContext@7a639ec5'
2024-05-22 03:09:00 - Creating shared instance of singleton bean 'delegatingEntityLinks'
2024-05-22 03:09:00 - Autowiring by type from bean name 'delegatingEntityLinks' via factory method to bean named 'entityLinksPluginRegistry'
2024-05-22 03:09:00 - Creating shared instance of singleton bean 'representationModelProcessorInvoker'
2024-05-22 03:09:00 - Creating shared instance of singleton bean 'org.springframework.hateoas.config.RestTemplateHateoasConfiguration'
2024-05-22 03:09:00 - Creating shared instance of singleton bean 'org.springframework.boot.autoconfigure.hateoas.HypermediaAutoConfiguration$HypermediaConfiguration'
2024-05-22 03:09:00 - Creating shared instance of singleton bean 'spring.hateoas-org.springframework.boot.autoconfigure.hateoas.HateoasProperties'
2024-05-22 03:09:00 - Creating shared instance of singleton bean 'org.springframework.boot.autoconfigure.security.servlet.SpringBootWebSecurityConfiguration'
2024-05-22 03:09:00 - Creating shared instance of singleton bean 'org.springframework.boot.autoconfigure.security.servlet.SecurityAutoConfiguration'
2024-05-22 03:09:00 - Creating shared instance of singleton bean 'authenticationEventPublisher'
2024-05-22 03:09:00 - Autowiring by type from bean name 'authenticationEventPublisher' via factory method to bean named 'org.springframework.web.context.support.GenericWebApplicationContext@7a639ec5'
2024-05-22 03:09:00 - Creating shared instance of singleton bean 'spring.security-org.springframework.boot.autoconfigure.security.SecurityProperties'
2024-05-22 03:09:00 - Creating shared instance of singleton bean 'org.springframework.boot.autoconfigure.web.servlet.HttpEncodingAutoConfiguration'
2024-05-22 03:09:00 - Autowiring by type from bean name 'org.springframework.boot.autoconfigure.web.servlet.HttpEncodingAutoConfiguration' via constructor to bean named 'server-org.springframework.boot.autoconfigure.web.ServerProperties'
2024-05-22 03:09:00 - Creating shared instance of singleton bean 'characterEncodingFilter'
2024-05-22 03:09:00 - Creating shared instance of singleton bean 'localeCharsetMappingsCustomizer'
2024-05-22 03:09:00 - Creating shared instance of singleton bean 'mockMvcBuilder'
2024-05-22 03:09:00 - Creating shared instance of singleton bean 'springBootMockMvcBuilderCustomizer'
2024-05-22 03:09:00 - Autowiring by type from bean name 'mockMvcBuilder' via factory method to bean named 'springBootMockMvcBuilderCustomizer'
2024-05-22 03:09:00 - Mapping filters: characterEncodingFilter urls=[/*] order=-2147483648, formContentFilter urls=[/*] order=-9900, requestContextFilter urls=[/*] order=-105
2024-05-22 03:09:00 - Mapping servlets: 
2024-05-22 03:09:00 - Creating shared instance of singleton bean 'mockMvc'
2024-05-22 03:09:00 - Autowiring by type from bean name 'mockMvc' via factory method to bean named 'mockMvcBuilder'
2024-05-22 03:09:00 - Filter 'characterEncodingFilter' configured for use
2024-05-22 03:09:00 - Filter 'formContentFilter' configured for use
2024-05-22 03:09:00 - Filter 'requestContextFilter' configured for use
2024-05-22 03:09:00 - Initializing Spring TestDispatcherServlet ''
2024-05-22 03:09:00 - Initializing Servlet ''
2024-05-22 03:09:00 - Detected AcceptHeaderLocaleResolver
2024-05-22 03:09:00 - Detected FixedThemeResolver
2024-05-22 03:09:00 - Detected org.springframework.web.servlet.view.DefaultRequestToViewNameTranslator@41167ded
2024-05-22 03:09:00 - Detected org.springframework.web.servlet.support.SessionFlashMapManager@7f642bf
2024-05-22 03:09:00 - enableLoggingRequestDetails='false': request parameters and headers will be masked to prevent unsafe logging of potentially sensitive data
2024-05-22 03:09:00 - Completed initialization in 8 ms
2024-05-22 03:09:00 - Creating shared instance of singleton bean 'dispatcherServlet'
2024-05-22 03:09:00 - Autowiring by type from bean name 'dispatcherServlet' via factory method to bean named 'mockMvc'
2024-05-22 03:09:00 - Creating shared instance of singleton bean 'org.springframework.boot.test.autoconfigure.web.servlet.MockMvcSecurityConfiguration'
2024-05-22 03:09:00 - Starting beans in phase -2147483647
2024-05-22 03:09:00 - Successfully started bean 'springBootLoggingLifecycle'
2024-05-22 03:09:00 - Starting beans in phase 2147483647
2024-05-22 03:09:00 - 


============================
CONDITIONS EVALUATION REPORT
============================


Positive matches:
-----------------

   ErrorMvcAutoConfiguration matched:
      - @ConditionalOnClass found required classes 'jakarta.servlet.Servlet', 'org.springframework.web.servlet.DispatcherServlet' (OnClassCondition)
      - found 'session' scope (OnWebApplicationCondition)

   ErrorMvcAutoConfiguration#basicErrorController matched:
      - @ConditionalOnMissingBean (types: org.springframework.boot.web.servlet.error.ErrorController; SearchStrategy: current) did not find any beans (OnBeanCondition)

   ErrorMvcAutoConfiguration#errorAttributes matched:
      - @ConditionalOnMissingBean (types: org.springframework.boot.web.servlet.error.ErrorAttributes; SearchStrategy: current) did not find any beans (OnBeanCondition)

   ErrorMvcAutoConfiguration.WhitelabelErrorViewConfiguration matched:
      - @ConditionalOnProperty (server.error.whitelabel.enabled) matched (OnPropertyCondition)
      - ErrorTemplate Missing did not find error template view (ErrorMvcAutoConfiguration.ErrorTemplateMissingCondition)

   ErrorMvcAutoConfiguration.WhitelabelErrorViewConfiguration#beanNameViewResolver matched:
      - @ConditionalOnMissingBean (types: org.springframework.web.servlet.view.BeanNameViewResolver; SearchStrategy: all) did not find any beans (OnBeanCondition)

   ErrorMvcAutoConfiguration.WhitelabelErrorViewConfiguration#defaultErrorView matched:
      - @ConditionalOnMissingBean (names: error; SearchStrategy: all) did not find any beans (OnBeanCondition)

   HttpEncodingAutoConfiguration matched:
      - @ConditionalOnClass found required class 'org.springframework.web.filter.CharacterEncodingFilter' (OnClassCondition)
      - found 'session' scope (OnWebApplicationCondition)
      - @ConditionalOnProperty (server.servlet.encoding.enabled) matched (OnPropertyCondition)

   HttpEncodingAutoConfiguration#characterEncodingFilter matched:
      - @ConditionalOnMissingBean (types: org.springframework.web.filter.CharacterEncodingFilter; SearchStrategy: all) did not find any beans (OnBeanCondition)

   HttpMessageConvertersAutoConfiguration matched:
      - @ConditionalOnClass found required class 'org.springframework.http.converter.HttpMessageConverter' (OnClassCondition)
      - NoneNestedConditions 0 matched 1 did not; NestedCondition on HttpMessageConvertersAutoConfiguration.NotReactiveWebApplicationCondition.ReactiveWebApplication did not find reactive web application classes (HttpMessageConvertersAutoConfiguration.NotReactiveWebApplicationCondition)

   HttpMessageConvertersAutoConfiguration#messageConverters matched:
      - @ConditionalOnMissingBean (types: org.springframework.boot.autoconfigure.http.HttpMessageConverters; SearchStrategy: all) did not find any beans (OnBeanCondition)

   HttpMessageConvertersAutoConfiguration.StringHttpMessageConverterConfiguration matched:
      - @ConditionalOnClass found required class 'org.springframework.http.converter.StringHttpMessageConverter' (OnClassCondition)

   HttpMessageConvertersAutoConfiguration.StringHttpMessageConverterConfiguration#stringHttpMessageConverter matched:
      - @ConditionalOnMissingBean (types: org.springframework.http.converter.StringHttpMessageConverter; SearchStrategy: all) did not find any beans (OnBeanCondition)

   HypermediaAutoConfiguration matched:
      - @ConditionalOnClass found required classes 'org.springframework.hateoas.EntityModel', 'org.springframework.web.bind.annotation.RequestMapping', 'org.springframework.web.servlet.mvc.method.annotation.RequestMappingHandlerAdapter', 'org.springframework.plugin.core.Plugin' (OnClassCondition)
      - @ConditionalOnWebApplication (required) found 'session' scope (OnWebApplicationCondition)

   HypermediaAutoConfiguration#applicationJsonHalConfiguration matched:
      - @ConditionalOnClass found required class 'com.fasterxml.jackson.databind.ObjectMapper' (OnClassCondition)
      - @ConditionalOnProperty (spring.hateoas.use-hal-as-default-json-media-type) matched (OnPropertyCondition)
      - @ConditionalOnMissingBean (types: org.springframework.hateoas.mediatype.hal.HalConfiguration; SearchStrategy: all) did not find any beans (OnBeanCondition)

   HypermediaAutoConfiguration.HypermediaConfiguration matched:
      - @ConditionalOnClass found required class 'com.fasterxml.jackson.databind.ObjectMapper' (OnClassCondition)
      - @ConditionalOnMissingBean (types: org.springframework.hateoas.client.LinkDiscoverers; SearchStrategy: all) did not find any beans (OnBeanCondition)

   JacksonAutoConfiguration matched:
      - @ConditionalOnClass found required class 'com.fasterxml.jackson.databind.ObjectMapper' (OnClassCondition)

   JacksonAutoConfiguration.Jackson2ObjectMapperBuilderCustomizerConfiguration matched:
      - @ConditionalOnClass found required class 'org.springframework.http.converter.json.Jackson2ObjectMapperBuilder' (OnClassCondition)

   JacksonAutoConfiguration.JacksonObjectMapperBuilderConfiguration matched:
      - @ConditionalOnClass found required class 'org.springframework.http.converter.json.Jackson2ObjectMapperBuilder' (OnClassCondition)

   JacksonAutoConfiguration.JacksonObjectMapperBuilderConfiguration#jacksonObjectMapperBuilder matched:
      - @ConditionalOnMissingBean (types: org.springframework.http.converter.json.Jackson2ObjectMapperBuilder; SearchStrategy: all) did not find any beans (OnBeanCondition)

   JacksonAutoConfiguration.JacksonObjectMapperConfiguration matched:
      - @ConditionalOnClass found required class 'org.springframework.http.converter.json.Jackson2ObjectMapperBuilder' (OnClassCondition)

   JacksonAutoConfiguration.JacksonObjectMapperConfiguration#jacksonObjectMapper matched:
      - @ConditionalOnMissingBean (types: com.fasterxml.jackson.databind.ObjectMapper; SearchStrategy: all) did not find any beans (OnBeanCondition)

   JacksonAutoConfiguration.ParameterNamesModuleConfiguration matched:
      - @ConditionalOnClass found required class 'com.fasterxml.jackson.module.paramnames.ParameterNamesModule' (OnClassCondition)

   JacksonAutoConfiguration.ParameterNamesModuleConfiguration#parameterNamesModule matched:
      - @ConditionalOnMissingBean (types: com.fasterxml.jackson.module.paramnames.ParameterNamesModule; SearchStrategy: all) did not find any beans (OnBeanCondition)

   JacksonHttpMessageConvertersConfiguration.MappingJackson2HttpMessageConverterConfiguration matched:
      - @ConditionalOnClass found required class 'com.fasterxml.jackson.databind.ObjectMapper' (OnClassCondition)
      - @ConditionalOnProperty (spring.mvc.converters.preferred-json-mapper=jackson) matched (OnPropertyCondition)
      - @ConditionalOnBean (types: com.fasterxml.jackson.databind.ObjectMapper; SearchStrategy: all) found bean 'jacksonObjectMapper' (OnBeanCondition)

   JacksonHttpMessageConvertersConfiguration.MappingJackson2HttpMessageConverterConfiguration#mappingJackson2HttpMessageConverter matched:
      - @ConditionalOnMissingBean (types: org.springframework.http.converter.json.MappingJackson2HttpMessageConverter ignored: org.springframework.hateoas.server.mvc.TypeConstrainedMappingJackson2HttpMessageConverter,org.springframework.data.rest.webmvc.alps.AlpsJsonHttpMessageConverter; SearchStrategy: all) did not find any beans (OnBeanCondition)

   MockMvcAutoConfiguration matched:
      - found 'session' scope (OnWebApplicationCondition)

   MockMvcAutoConfiguration#dispatcherServlet matched:
      - @ConditionalOnMissingBean (types: org.springframework.web.servlet.DispatcherServlet; SearchStrategy: all) did not find any beans (OnBeanCondition)

   MockMvcAutoConfiguration#dispatcherServletPath matched:
      - @ConditionalOnMissingBean (types: org.springframework.boot.autoconfigure.web.servlet.DispatcherServletPath; SearchStrategy: all) did not find any beans (OnBeanCondition)

   MockMvcAutoConfiguration#mockMvc matched:
      - @ConditionalOnMissingBean (types: org.springframework.test.web.servlet.MockMvc; SearchStrategy: all) did not find any beans (OnBeanCondition)

   MockMvcAutoConfiguration#mockMvcBuilder matched:
      - @ConditionalOnMissingBean (types: org.springframework.test.web.servlet.MockMvcBuilder; SearchStrategy: all) did not find any beans (OnBeanCondition)

   MockMvcSecurityConfiguration matched:
      - @ConditionalOnClass found required class 'org.springframework.security.test.web.servlet.request.SecurityMockMvcRequestPostProcessors' (OnClassCondition)

   NoOpCacheConfiguration matched:
      - Cache org.springframework.boot.autoconfigure.cache.NoOpCacheConfiguration NONE cache type (CacheCondition)

   SecurityAutoConfiguration matched:
      - @ConditionalOnClass found required class 'org.springframework.security.authentication.DefaultAuthenticationEventPublisher' (OnClassCondition)

   SecurityAutoConfiguration#authenticationEventPublisher matched:
      - @ConditionalOnMissingBean (types: org.springframework.security.authentication.AuthenticationEventPublisher; SearchStrategy: all) did not find any beans (OnBeanCondition)

   SpringBootWebSecurityConfiguration matched:
      - found 'session' scope (OnWebApplicationCondition)

   SpringDataWebAutoConfiguration matched:
      - @ConditionalOnClass found required classes 'org.springframework.data.web.PageableHandlerMethodArgumentResolver', 'org.springframework.web.servlet.config.annotation.WebMvcConfigurer' (OnClassCondition)
      - found 'session' scope (OnWebApplicationCondition)
      - @ConditionalOnMissingBean (types: org.springframework.data.web.PageableHandlerMethodArgumentResolver; SearchStrategy: all) did not find any beans (OnBeanCondition)

   SpringDataWebAutoConfiguration#pageableCustomizer matched:
      - @ConditionalOnMissingBean (types: org.springframework.data.web.config.PageableHandlerMethodArgumentResolverCustomizer; SearchStrategy: all) did not find any beans (OnBeanCondition)

   SpringDataWebAutoConfiguration#sortCustomizer matched:
      - @ConditionalOnMissingBean (types: org.springframework.data.web.config.SortHandlerMethodArgumentResolverCustomizer; SearchStrategy: all) did not find any beans (OnBeanCondition)

   TaskExecutionAutoConfiguration matched:
      - @ConditionalOnClass found required class 'org.springframework.scheduling.concurrent.ThreadPoolTaskExecutor' (OnClassCondition)

   TaskExecutorConfigurations.SimpleAsyncTaskExecutorBuilderConfiguration#simpleAsyncTaskExecutorBuilder matched:
      - @ConditionalOnMissingBean (types: org.springframework.boot.task.SimpleAsyncTaskExecutorBuilder; SearchStrategy: all) did not find any beans (OnBeanCondition)
      - @ConditionalOnThreading found PLATFORM (OnThreadingCondition)

   TaskExecutorConfigurations.TaskExecutorBuilderConfiguration#taskExecutorBuilder matched:
      - @ConditionalOnMissingBean (types: org.springframework.boot.task.TaskExecutorBuilder; SearchStrategy: all) did not find any beans (OnBeanCondition)

   TaskExecutorConfigurations.TaskExecutorConfiguration matched:
      - @ConditionalOnMissingBean (types: java.util.concurrent.Executor; SearchStrategy: all) did not find any beans (OnBeanCondition)

   TaskExecutorConfigurations.TaskExecutorConfiguration#applicationTaskExecutor matched:
      - @ConditionalOnThreading found PLATFORM (OnThreadingCondition)

   TaskExecutorConfigurations.ThreadPoolTaskExecutorBuilderConfiguration#threadPoolTaskExecutorBuilder matched:
      - @ConditionalOnMissingBean (types: org.springframework.boot.task.TaskExecutorBuilder,org.springframework.boot.task.ThreadPoolTaskExecutorBuilder; SearchStrategy: all) did not find any beans (OnBeanCondition)

   ValidationAutoConfiguration matched:
      - @ConditionalOnClass found required class 'jakarta.validation.executable.ExecutableValidator' (OnClassCondition)
      - @ConditionalOnResource found location classpath:META-INF/services/jakarta.validation.spi.ValidationProvider (OnResourceCondition)

   ValidationAutoConfiguration#defaultValidator matched:
      - @ConditionalOnMissingBean (types: jakarta.validation.Validator; SearchStrategy: all) did not find any beans (OnBeanCondition)

   ValidationAutoConfiguration#methodValidationPostProcessor matched:
      - @ConditionalOnMissingBean (types: org.springframework.validation.beanvalidation.MethodValidationPostProcessor; SearchStrategy: current) did not find any beans (OnBeanCondition)

   WebMvcAutoConfiguration matched:
      - @ConditionalOnClass found required classes 'jakarta.servlet.Servlet', 'org.springframework.web.servlet.DispatcherServlet', 'org.springframework.web.servlet.config.annotation.WebMvcConfigurer' (OnClassCondition)
      - found 'session' scope (OnWebApplicationCondition)
      - @ConditionalOnMissingBean (types: org.springframework.web.servlet.config.annotation.WebMvcConfigurationSupport; SearchStrategy: all) did not find any beans (OnBeanCondition)

   WebMvcAutoConfiguration#formContentFilter matched:
      - @ConditionalOnProperty (spring.mvc.formcontent.filter.enabled) matched (OnPropertyCondition)
      - @ConditionalOnMissingBean (types: org.springframework.web.filter.FormContentFilter; SearchStrategy: all) did not find any beans (OnBeanCondition)

   WebMvcAutoConfiguration.EnableWebMvcConfiguration#flashMapManager matched:
      - @ConditionalOnMissingBean (names: flashMapManager; SearchStrategy: all) did not find any beans (OnBeanCondition)

   WebMvcAutoConfiguration.EnableWebMvcConfiguration#localeResolver matched:
      - @ConditionalOnMissingBean (names: localeResolver; SearchStrategy: all) did not find any beans (OnBeanCondition)

   WebMvcAutoConfiguration.EnableWebMvcConfiguration#themeResolver matched:
      - @ConditionalOnMissingBean (names: themeResolver; SearchStrategy: all) did not find any beans (OnBeanCondition)

   WebMvcAutoConfiguration.ResourceChainCustomizerConfiguration matched:
      - @ConditionalOnEnabledResourceChain found class org.webjars.WebJarAssetLocator (OnEnabledResourceChainCondition)

   WebMvcAutoConfiguration.WebMvcAutoConfigurationAdapter#defaultViewResolver matched:
      - @ConditionalOnMissingBean (types: org.springframework.web.servlet.view.InternalResourceViewResolver; SearchStrategy: all) did not find any beans (OnBeanCondition)

   WebMvcAutoConfiguration.WebMvcAutoConfigurationAdapter#requestContextFilter matched:
      - @ConditionalOnMissingBean (types: org.springframework.web.context.request.RequestContextListener,org.springframework.web.filter.RequestContextFilter; SearchStrategy: all) did not find any beans (OnBeanCondition)

   WebMvcAutoConfiguration.WebMvcAutoConfigurationAdapter#viewResolver matched:
      - @ConditionalOnBean (types: org.springframework.web.servlet.ViewResolver; SearchStrategy: all) found beans 'defaultViewResolver', 'beanNameViewResolver', 'mvcViewResolver'; @ConditionalOnMissingBean (names: viewResolver types: org.springframework.web.servlet.view.ContentNegotiatingViewResolver; SearchStrategy: all) did not find any beans (OnBeanCondition)


Negative matches:
-----------------

   Cache2kCacheConfiguration:
      Did not match:
         - @ConditionalOnClass did not find required class 'org.cache2k.Cache2kBuilder' (OnClassCondition)

   CacheAutoConfiguration:
      Did not match:
         - @ConditionalOnBean (types: org.springframework.cache.interceptor.CacheAspectSupport; SearchStrategy: all) did not find any beans of type org.springframework.cache.interceptor.CacheAspectSupport (OnBeanCondition)
      Matched:
         - @ConditionalOnClass found required class 'org.springframework.cache.CacheManager' (OnClassCondition)

   CacheAutoConfiguration.CacheManagerEntityManagerFactoryDependsOnPostProcessor:
      Did not match:
         - Ancestor org.springframework.boot.autoconfigure.cache.CacheAutoConfiguration did not match (ConditionEvaluationReport.AncestorsMatchedCondition)
      Matched:
         - @ConditionalOnClass found required class 'org.springframework.orm.jpa.LocalContainerEntityManagerFactoryBean' (OnClassCondition)

   CaffeineCacheConfiguration:
      Did not match:
         - @ConditionalOnClass did not find required class 'com.github.benmanes.caffeine.cache.Caffeine' (OnClassCondition)

   CouchbaseCacheConfiguration:
      Did not match:
         - @ConditionalOnClass did not find required class 'com.couchbase.client.java.Cluster' (OnClassCondition)

   ErrorMvcAutoConfiguration.DefaultErrorViewResolverConfiguration#conventionErrorViewResolver:
      Did not match:
         - @ConditionalOnBean (types: org.springframework.web.servlet.DispatcherServlet; SearchStrategy: all) did not find any beans of type org.springframework.web.servlet.DispatcherServlet (OnBeanCondition)

   FreeMarkerAutoConfiguration:
      Did not match:
         - @ConditionalOnClass did not find required class 'freemarker.template.Configuration' (OnClassCondition)

   GenericCacheConfiguration:
      Did not match:
         - Cache org.springframework.boot.autoconfigure.cache.GenericCacheConfiguration unknown cache type (CacheCondition)

   GroovyTemplateAutoConfiguration:
      Did not match:
         - @ConditionalOnClass did not find required class 'groovy.text.markup.MarkupTemplateEngine' (OnClassCondition)

   GsonAutoConfiguration:
      Did not match:
         - @ConditionalOnClass did not find required class 'com.google.gson.Gson' (OnClassCondition)

   GsonHttpMessageConvertersConfiguration:
      Did not match:
         - @ConditionalOnClass did not find required class 'com.google.gson.Gson' (OnClassCondition)

   HazelcastCacheConfiguration:
      Did not match:
         - @ConditionalOnClass did not find required class 'com.hazelcast.core.HazelcastInstance' (OnClassCondition)

   InfinispanCacheConfiguration:
      Did not match:
         - @ConditionalOnClass did not find required class 'org.infinispan.spring.embedded.provider.SpringEmbeddedCacheManager' (OnClassCondition)

   JCacheCacheConfiguration:
      Did not match:
         - @ConditionalOnClass did not find required class 'javax.cache.Caching' (OnClassCondition)

   JacksonHttpMessageConvertersConfiguration.MappingJackson2XmlHttpMessageConverterConfiguration:
      Did not match:
         - @ConditionalOnClass did not find required class 'com.fasterxml.jackson.dataformat.xml.XmlMapper' (OnClassCondition)

   JsonbAutoConfiguration:
      Did not match:
         - @ConditionalOnClass did not find required class 'jakarta.json.bind.Jsonb' (OnClassCondition)

   JsonbHttpMessageConvertersConfiguration:
      Did not match:
         - @ConditionalOnClass did not find required class 'jakarta.json.bind.Jsonb' (OnClassCondition)

   MessageSourceAutoConfiguration:
      Did not match:
         - ResourceBundle did not find bundle with basename messages (MessageSourceAutoConfiguration.ResourceBundleCondition)

   MockMvcAutoConfiguration.WebTestClientMockMvcConfiguration:
      Did not match:
         - @ConditionalOnClass did not find required class 'org.springframework.web.reactive.function.client.WebClient' (OnClassCondition)

   MockMvcSecurityConfiguration#securityMockMvcBuilderCustomizer:
      Did not match:
         - @ConditionalOnBean (names: springSecurityFilterChain; SearchStrategy: all) did not find any beans named springSecurityFilterChain (OnBeanCondition)

   MockMvcWebClientAutoConfiguration:
      Did not match:
         - @ConditionalOnClass did not find required class 'com.gargoylesoftware.htmlunit.WebClient' (OnClassCondition)

   MockMvcWebDriverAutoConfiguration:
      Did not match:
         - @ConditionalOnClass did not find required class 'org.openqa.selenium.htmlunit.HtmlUnitDriver' (OnClassCondition)

   MustacheAutoConfiguration:
      Did not match:
         - @ConditionalOnClass did not find required class 'com.samskivert.mustache.Mustache' (OnClassCondition)

   OAuth2ClientAutoConfiguration:
      Did not match:
         - @ConditionalOnClass did not find required class 'org.springframework.security.config.annotation.web.configuration.EnableWebSecurity' (OnClassCondition)

   OAuth2ResourceServerAutoConfiguration:
      Did not match:
         - @ConditionalOnClass did not find required class 'org.springframework.security.oauth2.server.resource.authentication.BearerTokenAuthenticationToken' (OnClassCondition)

   RedisCacheConfiguration:
      Did not match:
         - @ConditionalOnClass did not find required class 'org.springframework.data.redis.connection.RedisConnectionFactory' (OnClassCondition)

   SecurityDataConfiguration:
      Did not match:
         - @ConditionalOnClass did not find required class 'org.springframework.security.data.repository.query.SecurityEvaluationContextExtension' (OnClassCondition)

   SecurityFilterAutoConfiguration:
      Did not match:
         - @ConditionalOnClass did not find required class 'org.springframework.security.config.http.SessionCreationPolicy' (OnClassCondition)

   SimpleCacheConfiguration:
      Did not match:
         - Cache org.springframework.boot.autoconfigure.cache.SimpleCacheConfiguration unknown cache type (CacheCondition)

   SpringBootWebSecurityConfiguration.SecurityFilterChainConfiguration:
      Did not match:
         - AllNestedConditions 1 matched 1 did not; NestedCondition on DefaultWebSecurityCondition.Beans @ConditionalOnMissingBean (types: org.springframework.security.web.SecurityFilterChain; SearchStrategy: all) did not find any beans; NestedCondition on DefaultWebSecurityCondition.Classes @ConditionalOnClass did not find required class 'org.springframework.security.config.annotation.web.builders.HttpSecurity' (DefaultWebSecurityCondition)

   SpringBootWebSecurityConfiguration.WebSecurityEnablerConfiguration:
      Did not match:
         - @ConditionalOnClass did not find required class 'org.springframework.security.config.annotation.web.configuration.EnableWebSecurity' (OnClassCondition)

   TaskExecutorConfigurations.SimpleAsyncTaskExecutorBuilderConfiguration#simpleAsyncTaskExecutorBuilderVirtualThreads:
      Did not match:
         - @ConditionalOnMissingBean (types: org.springframework.boot.task.SimpleAsyncTaskExecutorBuilder; SearchStrategy: all) found beans of type 'org.springframework.boot.task.SimpleAsyncTaskExecutorBuilder' simpleAsyncTaskExecutorBuilder (OnBeanCondition)

   TaskExecutorConfigurations.TaskExecutorConfiguration#applicationTaskExecutorVirtualThreads:
      Did not match:
         - @ConditionalOnThreading did not find VIRTUAL (OnThreadingCondition)

   ThymeleafAutoConfiguration:
      Did not match:
         - @ConditionalOnClass did not find required class 'org.thymeleaf.spring6.SpringTemplateEngine' (OnClassCondition)

   UserDetailsServiceAutoConfiguration:
      Did not match:
         - @ConditionalOnBean did not find required type 'org.springframework.security.config.annotation.ObjectPostProcessor' (OnBeanCondition)

   WebMvcAutoConfiguration#hiddenHttpMethodFilter:
      Did not match:
         - @ConditionalOnProperty (spring.mvc.hiddenmethod.filter.enabled) did not find property 'enabled' (OnPropertyCondition)

   WebMvcAutoConfiguration.ProblemDetailsErrorHandlingConfiguration:
      Did not match:
         - @ConditionalOnProperty (spring.mvc.problemdetails.enabled=true) did not find property 'enabled' (OnPropertyCondition)

   WebMvcAutoConfiguration.WebMvcAutoConfigurationAdapter#beanNameViewResolver:
      Did not match:
         - @ConditionalOnMissingBean (types: org.springframework.web.servlet.view.BeanNameViewResolver; SearchStrategy: all) found beans of type 'org.springframework.web.servlet.view.BeanNameViewResolver' beanNameViewResolver (OnBeanCondition)

   WebTestClientAutoConfiguration:
      Did not match:
         - @ConditionalOnClass did not find required class 'org.springframework.web.reactive.function.client.WebClient' (OnClassCondition)


Exclusions:
-----------

    None


Unconditional classes:
----------------------

    None



2024-05-22 03:09:00 - Started ExcelImportControllerTest in 7.721 seconds (process running for 9.583)
2024-05-22 03:09:00 - Creating new Restarter for thread Thread[#1,main,5,main]
2024-05-22 03:09:00 - Spring test ApplicationContext cache statistics: [DefaultContextCache@485c84d7 size = 1, maxSize = 32, parentContextCount = 0, hitCount = 0, missCount = 1, failureCount = 0]
2024-05-22 03:09:00 - Performing dependency injection for test class com.quizapplication.quiz.controller.ExcelImportControllerTest
2024-05-22 03:09:00 - Spring test ApplicationContext cache statistics: [DefaultContextCache@485c84d7 size = 1, maxSize = 32, parentContextCount = 0, hitCount = 1, missCount = 1, failureCount = 0]
2024-05-22 03:09:00 - Spring test ApplicationContext cache statistics: [DefaultContextCache@485c84d7 size = 1, maxSize = 32, parentContextCount = 0, hitCount = 2, missCount = 1, failureCount = 0]
2024-05-22 03:09:00 - Before test method: class [ExcelImportControllerTest], method [testDownloadTemplate_ServerError], class annotated with @DirtiesContext [false] with mode [null], method annotated with @DirtiesContext [false] with mode [null]
2024-05-22 03:09:00 - Spring test ApplicationContext cache statistics: [DefaultContextCache@485c84d7 size = 1, maxSize = 32, parentContextCount = 0, hitCount = 3, missCount = 1, failureCount = 0]
2024-05-22 03:09:00 - Spring test ApplicationContext cache statistics: [DefaultContextCache@485c84d7 size = 1, maxSize = 32, parentContextCount = 0, hitCount = 4, missCount = 1, failureCount = 0]
2024-05-22 03:09:00 - Spring test ApplicationContext cache statistics: [DefaultContextCache@485c84d7 size = 1, maxSize = 32, parentContextCount = 0, hitCount = 5, missCount = 1, failureCount = 0]
2024-05-22 03:09:00 - GET "/api/import/template", parameters={}
2024-05-22 03:09:00 - Mapped to com.quizapplication.quiz.controller.ExcelImportController#downloadTemplate()
2024-05-22 03:09:01 - Save core properties part
2024-05-22 03:09:01 - Save content types part
2024-05-22 03:09:02 - Save package relationships
2024-05-22 03:09:02 - Save part 'docProps/app.xml'
2024-05-22 03:09:02 - Save part 'docProps/core.xml'
2024-05-22 03:09:02 - Save part 'xl/sharedStrings.xml'
2024-05-22 03:09:02 - Save part 'xl/styles.xml'
2024-05-22 03:09:02 - Save part 'xl/workbook.xml'
2024-05-22 03:09:02 - Save part 'xl/worksheets/sheet1.xml'
2024-05-22 03:09:02 - Save content types part
2024-05-22 03:09:02 - Save package relationships
2024-05-22 03:09:02 - Save part 'docProps/app.xml'
2024-05-22 03:09:02 - Save part 'docProps/core.xml'
2024-05-22 03:09:02 - Save part 'xl/sharedStrings.xml'
2024-05-22 03:09:02 - Save part 'xl/styles.xml'
2024-05-22 03:09:02 - Save part 'xl/workbook.xml'
2024-05-22 03:09:02 - Save part 'xl/worksheets/sheet1.xml'
2024-05-22 03:09:02 - Using 'application/octet-stream', given [*/*] and supported [application/octet-stream, */*, application/json, application/*+json]
2024-05-22 03:09:02 - Writing [{80, 75, 3, 4, 20, 0, 8, 8, 8, 0, 33, 25, -74, 88, 0, 0, 0, 0, 0, 0, 0, 0, 0, 0, 0, 0, 19, 0, 0, 0,  (truncated)...]
2024-05-22 03:09:02 - Completed 200 OK
2024-05-22 03:09:02 - Spring test ApplicationContext cache statistics: [DefaultContextCache@485c84d7 size = 1, maxSize = 32, parentContextCount = 0, hitCount = 6, missCount = 1, failureCount = 0]
2024-05-22 03:09:02 - Spring test ApplicationContext cache statistics: [DefaultContextCache@485c84d7 size = 1, maxSize = 32, parentContextCount = 0, hitCount = 7, missCount = 1, failureCount = 0]
2024-05-22 03:09:02 - Spring test ApplicationContext cache statistics: [DefaultContextCache@485c84d7 size = 1, maxSize = 32, parentContextCount = 0, hitCount = 8, missCount = 1, failureCount = 0]

MockHttpServletRequest:
      HTTP Method = GET
      Request URI = /api/import/template
       Parameters = {}
          Headers = []
             Body = null
    Session Attrs = {}

Handler:
             Type = com.quizapplication.quiz.controller.ExcelImportController
           Method = com.quizapplication.quiz.controller.ExcelImportController#downloadTemplate()

Async:
    Async started = false
     Async result = null

Resolved Exception:
             Type = null

ModelAndView:
        View name = null
             View = null
            Model = null

FlashMap:
       Attributes = null

MockHttpServletResponse:
           Status = 200
    Error message = null
          Headers = [Content-Disposition:"attachment; filename=template.xlsx", Content-Type:"application/octet-stream", Content-Length:"3457"]
     Content type = application/octet-stream
             Body = PK&amp#3;&amp#4;&amp#20;&amp#0;&amp#8;&amp#8;&amp#8;&amp#0;!&amp#25;¶X&amp#0;&amp#0;&amp#0;&amp#0;&amp#0;&amp#0;&amp#0;&amp#0;&amp#0;&amp#0;&amp#0;&amp#0;&amp#19;&amp#0;&amp#0;&amp#0;[Content_Types].xmlµSËnÂ0&amp#16;üÈ×*6ôPU&amp#21;C&amp#31;Ç&amp#22;©ô&amp#3;\{Xø%¯¡ð÷]&amp#7;8R
qòcfgfWöd¶q¶ZCB&amp#19;|ÃÆ|Ä*ð*hã»},^ê{Va^K&amp#27;<4Ì&amp#7;6N&amp#22;Û&amp#8;XQ©Çõ9Ç&amp#7;!Põà$ò&amp#16;Á&amp#19;Òäd¦cêDj);&amp#16;·£ÑPÁgð¹ÎEM'OÐÊÍÕãî¾H7LÆhRµ×G¢õ^'°&amp#3;&amp#7;{&amp#19;ñ&amp#8;¬zÞÊ®&amp#27;B3&amp#28;&amp#11;ËêÞh.ÉhøW´Ð¶F&amp#14;jå¨CQÕ ë²}Î¹LùU:&amp#18;&amp#20;D&amp#19;¤ù%Þ±¨à,ÃB¼Èñ¨[	¤Æ&amp#30; ;Ë±	ô{Nô~ØXñpÅ&amp#28;ykOL¡&amp#4;&amp#24;kNVî¤ñ§Ü¿BZ~°¼q&amp#24;öÙ&amp#15; a&amp#25;&amp#31;rá{O¿&amp#1;PK&amp#7;&amp#8;zÊq;&amp#1;&amp#0;&amp#0;&amp#28;&amp#4;&amp#0;&amp#0;PK&amp#3;&amp#4;&amp#20;&amp#0;&amp#8;&amp#8;&amp#8;&amp#0;!&amp#25;¶X&amp#0;&amp#0;&amp#0;&amp#0;&amp#0;&amp#0;&amp#0;&amp#0;&amp#0;&amp#0;&amp#0;&amp#0;&amp#11;&amp#0;&amp#0;&amp#0;_rels/.rels­ÁjÃ0&amp#12;_ÅèÞ8í`Q·2èmî&amp#1;4[ILbËØÚ½ýÌ.[K
&amp#27;ì($}ÿ&amp#7;Òv?I½Q.£uÓ¢hÙùØ&amp#27;x>=¬î@&amp#21;ÁèpâH&amp#6;"Ã~·}¢	¥nÁ§¢*"&amp#22;&amp#3;Hº×ºØ&amp#2;&amp#19;ÅÚé8&amp#7;Zæ^'´#ö¤7m{«óO&amp#6;3ÕÑ&amp#25;ÈG·&amp#6;uÂÜ&amp#24;'ýÎy|a&amp#30;­D¿	å®ó&amp#14;l_&amp#3;EYÈ¾&amp#0;½ì²ùvql&amp#31;3×MLé¿eh&amp#22;Ü*Õ&amp#4;Êâ©\3ºY0²éoJ×¢&amp#3;	:&amp#20;ü¢^&amp#8;é³&amp#31;Ø}&amp#2;PK&amp#7;&amp#8;§z½ã&amp#0;&amp#0;&amp#0;I&amp#2;&amp#0;&amp#0;PK&amp#3;&amp#4;&amp#20;&amp#0;&amp#8;&amp#8;&amp#8;&amp#0;!&amp#25;¶X&amp#0;&amp#0;&amp#0;&amp#0;&amp#0;&amp#0;&amp#0;&amp#0;&amp#0;&amp#0;&amp#0;&amp#0;&amp#16;&amp#0;&amp#0;&amp#0;docProps/app.xmlMÁ
Â0&amp#16;Dïÿ&amp#16;ro·z&amp#16;4¥ '{Ð&amp#15;&amp#8;éÖ&amp#6;MHVéçz&amp#25;æñT·úE¼1e&amp#23;¨»º&amp#2;ÉÑÑ³û¥:ÊNo7jH!bbY&amp#7;åVÎÌñ&amp#4;íÞäºÌT)$o¸Äô0MÎâ9ØGbØ7Í&amp#1;pe¤&amp#17;Ç*~R«>ÆÅYÃEB÷Ñ&amp#20;¤&amp#24;nW&amp#5;ÿ½þ&amp#0;PK&amp#7;&amp#8;6n!&amp#0;&amp#0;&amp#0;¸&amp#0;&amp#0;&amp#0;PK&amp#3;&amp#4;&amp#20;&amp#0;&amp#8;&amp#8;&amp#8;&amp#0;!&amp#25;¶X&amp#0;&amp#0;&amp#0;&amp#0;&amp#0;&amp#0;&amp#0;&amp#0;&amp#0;&amp#0;&amp#0;&amp#0;&amp#17;&amp#0;&amp#0;&amp#0;docProps/core.xmlmÝJÄ0&amp#16;F_%ä¾´«¢¡í"Ê ¸àÊw!&amp#25;ÛbóC&amp#18;íúö¦u­ Þ%ùÎ&amp#28;&_µ>è¼£&amp#15;½55-rF	&amp#26;iUoÚ>î6Ù9%!
£Ä`ÖÔXºn*é¸´&amp#30;·Þ:ô±Ç@Æ&amp#4;.]M»&amp#24;&amp#29;&amp#7;&amp#8;²C-B&amp#8;Â&amp#23;ëµéê[pB¾&amp#22;¡dì&amp#12;4F¡D&amp#20;0	3·&amp#24;éQ©ä¢to~&amp#5;J&amp#2;&amp#14;¨ÑÄ&amp#0;E^À&amp#15;&amp#27;ÑëðïÀ,ä!ô&amp#11;5c>®f.mTÀÓÝíÃ¼|Öéë&amp#18;iS&amp#29;Õ\z&amp#20;&amp#17;&amp#21;I&amp#2;&amp#30;?\jä;Ù¯®®w&amp#27;Ú¬<ÉØiV;VrvÁ&amp#25;{®à×ü$ü:[ß\¦B:$Ûû[+øSsó	PK&amp#7;&amp#8;¾³'ì&amp#5;&amp#1;&amp#0;&amp#0;°&amp#1;&amp#0;&amp#0;PK&amp#3;&amp#4;&amp#20;&amp#0;&amp#8;&amp#8;&amp#8;&amp#0;!&amp#25;¶X&amp#0;&amp#0;&amp#0;&amp#0;&amp#0;&amp#0;&amp#0;&amp#0;&amp#0;&amp#0;&amp#0;&amp#0;&amp#20;&amp#0;&amp#0;&amp#0;xl/sharedStrings.xml}ÑMjÃ0&amp#16;&amp#5;à}¡w&amp#16;Ú'²¤"+¬
¥&amp#30;@8S[`ýD3&amp#14;îí«@MµÔ{3&amp#31;&amp#3;ÛÑöì&amp#2;&amp#17;w5/&amp#5;gà&amp#26;2®­ù×ñ°xå[õü$&amp#17;5~p6Î&amp#7;Ø=Ä8¬yG&amp#20;ÞÀ¦&amp#3;«qé&amp#3;¸Ô|ûh5¥gl&amp#5;&amp#8;ú&amp#29;&amp#0;Ù^TEñ"¬6+FIR&amp#3; ¥c¤ %Å5»å;MÐúø3Íßá&amp#2;ý4ü&amp#8;Wì&amp#8;#Í$&amp#31;#4ÄÊi±&amp#31;C¯¾­þCVY²Ê³òN®²ä*GÎÊ;¹Îë&amp#28;ù§&amp#20;éÓÕ/PK&amp#7;&amp#8;Í`CÚ&amp#0;&amp#0;&amp#0;"&amp#2;&amp#0;&amp#0;PK&amp#3;&amp#4;&amp#20;&amp#0;&amp#8;&amp#8;&amp#8;&amp#0;!&amp#25;¶X&amp#0;&amp#0;&amp#0;&amp#0;&amp#0;&amp#0;&amp#0;&amp#0;&amp#0;&amp#0;&amp#0;&amp#0;&amp#0;&amp#0;&amp#0;xl/styles.xml¥±nÃ &amp#16;÷J}&amp#7;ÄÞàd¨¢Ê&C%WJ]9Û¨pX@"»O_0NL&amp#29;:ÝÝÏý&amp#31;Ïån4Áye±¢ëUA	`c¥Â®¢&amp#31;úiKwüñ¡ôaÒ°ï&amp#1;&amp#2;&amp#14;ô&amp#21;íC&amp#24;^&amp#24;óM&amp#15;Fø&amp#29;&amp#0;ãIk&amp#17;!®c~p ¤O&£Ù¦(&amp#17;
)/ñdj&amp#19;<iì	CE&amp#11;ÊxÙZ¼*k&amp#5;^úor&amp#22;:*i¶ØÖXm&amp#29;Q(a&amp#4;YÑmÒP&amp#24;È]¯B«£S3O&amp#24;¥§,o0Oºô&amp#25;Ö%å[æà£Iiý;Äf&amp#8;&amp#1;&amp#28;Ö± K~&amp#6;¨(ZûþèÂ}½91Ý8æ&amp#16;/>Z'ã&amp#22;nß%^jhC48Õõ)&amp#6;;°t&amp#24;51Jt&amp#22;NÈcI"¶&amp#1;­÷iuí&amp#29;{lIÞÁ»L¤ç_Ò8ÐfL.&amp#18;ÿÙÿÆ±½çÏhvýÝø&amp#15;PK&amp#7;&amp#8;®ÖE&amp#1;&amp#0;&amp#0;£&amp#2;&amp#0;&amp#0;PK&amp#3;&amp#4;&amp#20;&amp#0;&amp#8;&amp#8;&amp#8;&amp#0;!&amp#25;¶X&amp#0;&amp#0;&amp#0;&amp#0;&amp#0;&amp#0;&amp#0;&amp#0;&amp#0;&amp#0;&amp#0;&amp#0;&amp#15;&amp#0;&amp#0;&amp#0;xl/workbook.xmlÍNÃ0&amp#16;ïH¼µwj&amp#7;&amp#16;(N/&amp#21;Ro&amp#28;&amp#2;÷­³i¬Æ?ZÇÇI&amp#21;àÈi5og¦Ù~¹I^CµQ ÈÐ[ÔðÞ½Þ=Ã¶½½i.O&amp#16;N¢ð>i&amp#24;sµÉä0mB$_!°Ã\$&amp#31;eLØ§(»IÞ+õ$&amp#29;Z&amp#15;×ÿ&amp#17;Á&amp#26;Ú&amp#5;óéÈçk&amp#8;Ó¹¬M£	Úeo,zÌT½¨G&amp#3;N@¶Íì|Xº¤_p&amp#2;M¶gêð AÍü&amp#3;.×+<:ÒÐ¥@pm{¼ï&amp#31;@,Ä¾ÈjÉX&amp#31;åZÕ~&amp#3;PK&amp#7;&amp#8;&amp#23;E4ÑÜ&amp#0;&amp#0;&amp#0;`&amp#1;&amp#0;&amp#0;PK&amp#3;&amp#4;&amp#20;&amp#0;&amp#8;&amp#8;&amp#8;&amp#0;!&amp#25;¶X&amp#0;&amp#0;&amp#0;&amp#0;&amp#0;&amp#0;&amp#0;&amp#0;&amp#0;&amp#0;&amp#0;&amp#0;&amp#26;&amp#0;&amp#0;&amp#0;xl/_rels/workbook.xml.rels­MkÃ0&amp#12;@ÿÑ}qÒÁ&amp#24;£n/cÐëÖý&amp#0;c+qh"&amp#25;Kûè¿»ÃÖ@&amp#7;;ô$ð{&amp#15;´Þ~ÎyÇ"#®iÁ &amp#5;#&amp#14;^÷O7÷`D=E?1¡&amp#3;bØnÖÏ8y­?$YLE8HªùÁZ		g/g¤ºé¹Ì^ë³&amp#12;6ûpð&amp#3;ÚUÛÞÙrÎ%Óì¢²&amp#29;½/&amp#3;ª&amp#3;I¾`|ÑRË¤©àº:füû~&amp#12;øÈámFÒ&amp#11;v»½&amp#28;³:Ñã×¯ø¦þ¥¿ýÕp9HBÔSy&amp#29;ÝµK~&amp#4;§&amp#24;»¸öæ&amp#11;PK&amp#7;&amp#8;&amp#3;;Ô&amp#0;&amp#0;&amp#0;3&amp#2;&amp#0;&amp#0;PK&amp#3;&amp#4;&amp#20;&amp#0;&amp#8;&amp#8;&amp#8;&amp#0;!&amp#25;¶X&amp#0;&amp#0;&amp#0;&amp#0;&amp#0;&amp#0;&amp#0;&amp#0;&amp#0;&amp#0;&amp#0;&amp#0;&amp#24;&amp#0;&amp#0;&amp#0;xl/worksheets/sheet1.xmlmÓÝOÂ0&amp#16;&amp#0;ðw&amp#19;ÿ¦ïÒ&amp#4;l#("¨ñë½l·°µK[À?ßn|h×½Ý¥¿Ëµ«7þ)r´&amp#3;!3Î|ìv&amp#28;<ÊXâã¯ÏÙÕ&amp#16;Ë&amp#11;oÏÅF¦&amp#0;
é&amp#2;&}*U&amp#8;a
&amp#5;&amp#29;^&amp#2;Ó'1&amp#23;&amp#5;U:&amp#21;	¥&amp#0;&amp#26;ÕEENº3 &amp#5;Í&amp#24;&amp#14;¼(+U&amp#29;ØÇ&amp#19;w´r1	¼Ú~g°ÿbTµ^s¾©Eäc}EE×&amp#31;C¨@çJl¡ª&Vù¬¾Í@&amp#17;Ät«w¾C¤J¿´¯zj9¥&amp#6;à{$ô¾`X&amp#5;&amp#19;W7ò±ÄHVM&amp#3;o&amp#23;8&amp#30;ÙéFáQÜÙÂ5Å½-º¦Ú¢g&amp#7;[\bf¾)&amp#30;m10ÅÜ&amp#22;7¦XØbh'[Üâ¹eb¡¾´ÆT-¤1Ö×&amp#22;Òëªüèu8íÔa?JÀ$c&amp#18;­¹R¼Ðe>F1ç
Dõ0JõÒ&amp#28;bU+ÄañêXñòX[ííùo&amp#5;¿PK&amp#7;&amp#8;&amp#11;¶jh&amp#1;&amp#0;&amp#0;&amp#3;&amp#0;&amp#0;PK&amp#1;&amp#2;&amp#20;&amp#0;&amp#20;&amp#0;&amp#8;&amp#8;&amp#8;&amp#0;!&amp#25;¶XzÊq;&amp#1;&amp#0;&amp#0;&amp#28;&amp#4;&amp#0;&amp#0;&amp#19;&amp#0;&amp#0;&amp#0;&amp#0;&amp#0;&amp#0;&amp#0;&amp#0;&amp#0;&amp#0;&amp#0;&amp#0;&amp#0;&amp#0;&amp#0;&amp#0;&amp#0;[Content_Types].xmlPK&amp#1;&amp#2;&amp#20;&amp#0;&amp#20;&amp#0;&amp#8;&amp#8;&amp#8;&amp#0;!&amp#25;¶X§z½ã&amp#0;&amp#0;&amp#0;I&amp#2;&amp#0;&amp#0;&amp#11;&amp#0;&amp#0;&amp#0;&amp#0;&amp#0;&amp#0;&amp#0;&amp#0;&amp#0;&amp#0;&amp#0;&amp#0;&amp#0;|&amp#1;&amp#0;&amp#0;_rels/.relsPK&amp#1;&amp#2;&amp#20;&amp#0;&amp#20;&amp#0;&amp#8;&amp#8;&amp#8;&amp#0;!&amp#25;¶X6n!&amp#0;&amp#0;&amp#0;¸&amp#0;&amp#0;&amp#0;&amp#16;&amp#0;&amp#0;&amp#0;&amp#0;&amp#0;&amp#0;&amp#0;&amp#0;&amp#0;&amp#0;&amp#0;&amp#0;&amp#0;&amp#2;&amp#0;&amp#0;docProps/app.xmlPK&amp#1;&amp#2;&amp#20;&amp#0;&amp#20;&amp#0;&amp#8;&amp#8;&amp#8;&amp#0;!&amp#25;¶X¾³'ì&amp#5;&amp#1;&amp#0;&amp#0;°&amp#1;&amp#0;&amp#0;&amp#17;&amp#0;&amp#0;&amp#0;&amp#0;&amp#0;&amp#0;&amp#0;&amp#0;&amp#0;&amp#0;&amp#0;&amp#0;&amp#0;i&amp#3;&amp#0;&amp#0;docProps/core.xmlPK&amp#1;&amp#2;&amp#20;&amp#0;&amp#20;&amp#0;&amp#8;&amp#8;&amp#8;&amp#0;!&amp#25;¶XÍ`CÚ&amp#0;&amp#0;&amp#0;"&amp#2;&amp#0;&amp#0;&amp#20;&amp#0;&amp#0;&amp#0;&amp#0;&amp#0;&amp#0;&amp#0;&amp#0;&amp#0;&amp#0;&amp#0;&amp#0;&amp#0;­&amp#4;&amp#0;&amp#0;xl/sharedStrings.xmlPK&amp#1;&amp#2;&amp#20;&amp#0;&amp#20;&amp#0;&amp#8;&amp#8;&amp#8;&amp#0;!&amp#25;¶X®ÖE&amp#1;&amp#0;&amp#0;£&amp#2;&amp#0;&amp#0;&amp#0;&amp#0;&amp#0;&amp#0;&amp#0;&amp#0;&amp#0;&amp#0;&amp#0;&amp#0;&amp#0;&amp#0;&amp#0;É&amp#5;&amp#0;&amp#0;xl/styles.xmlPK&amp#1;&amp#2;&amp#20;&amp#0;&amp#20;&amp#0;&amp#8;&amp#8;&amp#8;&amp#0;!&amp#25;¶X&amp#23;E4ÑÜ&amp#0;&amp#0;&amp#0;`&amp#1;&amp#0;&amp#0;&amp#15;&amp#0;&amp#0;&amp#0;&amp#0;&amp#0;&amp#0;&amp#0;&amp#0;&amp#0;&amp#0;&amp#0;&amp#0;&amp#0;I&amp#7;&amp#0;&amp#0;xl/workbook.xmlPK&amp#1;&amp#2;&amp#20;&amp#0;&amp#20;&amp#0;&amp#8;&amp#8;&amp#8;&amp#0;!&amp#25;¶X&amp#3;;Ô&amp#0;&amp#0;&amp#0;3&amp#2;&amp#0;&amp#0;&amp#26;&amp#0;&amp#0;&amp#0;&amp#0;&amp#0;&amp#0;&amp#0;&amp#0;&amp#0;&amp#0;&amp#0;&amp#0;&amp#0;b&amp#8;&amp#0;&amp#0;xl/_rels/workbook.xml.relsPK&amp#1;&amp#2;&amp#20;&amp#0;&amp#20;&amp#0;&amp#8;&amp#8;&amp#8;&amp#0;!&amp#25;¶X&amp#11;¶jh&amp#1;&amp#0;&amp#0;&amp#3;&amp#0;&amp#0;&amp#24;&amp#0;&amp#0;&amp#0;&amp#0;&amp#0;&amp#0;&amp#0;&amp#0;&amp#0;&amp#0;&amp#0;&amp#0;&amp#0;~	&amp#0;&amp#0;xl/worksheets/sheet1.xmlPK&amp#5;&amp#6;&amp#0;&amp#0;&amp#0;&amp#0;	&amp#0;	&amp#0;?&amp#2;&amp#0;&amp#0;,&amp#11;&amp#0;&amp#0;&amp#0;&amp#0;
    Forwarded URL = null
   Redirected URL = null
          Cookies = []
2024-05-22 03:09:02 - Spring test ApplicationContext cache statistics: [DefaultContextCache@485c84d7 size = 1, maxSize = 32, parentContextCount = 0, hitCount = 9, missCount = 1, failureCount = 0]
2024-05-22 03:09:02 - Spring test ApplicationContext cache statistics: [DefaultContextCache@485c84d7 size = 1, maxSize = 32, parentContextCount = 0, hitCount = 10, missCount = 1, failureCount = 0]
2024-05-22 03:09:02 - Spring test ApplicationContext cache statistics: [DefaultContextCache@485c84d7 size = 1, maxSize = 32, parentContextCount = 0, hitCount = 11, missCount = 1, failureCount = 0]
2024-05-22 03:09:02 - Spring test ApplicationContext cache statistics: [DefaultContextCache@485c84d7 size = 1, maxSize = 32, parentContextCount = 0, hitCount = 12, missCount = 1, failureCount = 0]
2024-05-22 03:09:02 - After test method: class [ExcelImportControllerTest], method [testDownloadTemplate_ServerError], class annotated with @DirtiesContext [false] with mode [null], method annotated with @DirtiesContext [false] with mode [null]
]]></system-out>
    <system-err><![CDATA[WARNING: A Java agent has been loaded dynamically (C:\Users\BYTEWORKS\.m2\repository\net\bytebuddy\byte-buddy-agent\1.14.13\byte-buddy-agent-1.14.13.jar)
WARNING: If a serviceability tool is in use, please run with -XX:+EnableDynamicAgentLoading to hide this warning
WARNING: If a serviceability tool is not in use, please run with -Djdk.instrument.traceUsage for more information
WARNING: Dynamic loading of agents will be disallowed by default in a future release
]]></system-err>
  </testcase>
  <testcase name="testDownloadTemplate_Success" classname="com.quizapplication.quiz.controller.ExcelImportControllerTest" time="0.427">
    <failure message="Response content expected:&lt;{80, 75, 3, 4, 20, 0, 8, 8, 8, 0, 33, 25, -74, 88, 0, 0, 0, 0, 0, 0, 0, 0, 0, 0, 0, 0, 19, 0, 0, 0, 91, 67, 111, 110, 116, 101, 110, 116, 95, 84, 121, 112, 101, 115, 93, 46, 120, 109, 108, -75, 83, -53, 110, -62, 48, 16, -4, -107, -56, -41, 42, 54, -12, 80, 85, 21, -127, 67, 31, -57, 22, -87, -12, 3, 92, 123, -109, 88, -8, 37, -81, -95, -16, -9, 93, 7, 56, -108, 82, -119, 10, 113, -14, 99, 102, 103, 102, 87, -10, 100, -74, 113, -74, 90, 67, 66, 19, 124, -61, -58, 124, -60, 42, -16, 42, 104, -29, -69, -122, 125, 44, 94, -22, 123, 86, 97, -106, 94, 75, 27, 60, 52, -52, 7, 54, -101, 78, 22, -37, 8, 88, 81, -87, -57, -122, -11, 57, -57, 7, 33, 80, -11, -32, 36, -14, 16, -63, 19, -46, -122, -28, 100, -90, 99, -22, 68, -108, 106, 41, 59, 16, -73, -93, -47, -99, 80, -63, 103, -16, -71, -50, 69, -125, 77, 39, 79, -48, -54, -107, -51, -43, -29, -18, -66, 72, 55, 76, -58, 104, -115, -110, -103, 82, -119, -75, -41, 71, -94, -11, 94, -112, 39, -80, 3, 7, 123, 19, -15, -122, 8, -84, 122, -34, -112, -54, -82, 27, 66, -111, -119, 51, 28, -114, 11, -53, -103, -22, -34, 104, 46, -55, 104, -8, 87, -76, -48, -74, 70, -127, 14, 106, -27, -88, -124, 67, 81, -43, -96, -21, -104, -120, -104, -78, -127, 125, -50, -71, 76, -7, 85, 58, 18, 20, 68, -98, 19, -118, -126, -92, -7, 37, -34, -121, -79, -88, -112, -32, 44, -61, 66, -68, -56, -15, -88, 91, -116, 9, -92, -58, 30, 32, 59, -53, -79, -105, 9, -12, 123, 78, -12, -104, 126, -121, -40, 88, -15, -125, 112, -59, 28, 121, 107, 79, 76, -95, 4, 24, -112, 107, 78, -128, 86, -18, -92, -15, -89, -36, -65, 66, 90, 126, -122, -80, -68, -98, 127, 113, 24, -10, 127, -39, 15, 32, -118, 97, 25, 31, 114, -120, -31, 123, 79, -65, 1, 80, 75, 7, 8, 122, -108, -54, 113, 59, 1, 0, 0, 28, 4, 0, 0, 80, 75, 3, 4, 20, 0, 8, 8, 8, 0, 33, 25, -74, 88, 0, 0, 0, 0, 0, 0, 0, 0, 0, 0, 0, 0, 11, 0, 0, 0, 95, 114, 101, 108, 115, 47, 46, 114, 101, 108, 115, -83, -110, -63, 106, -61, 48, 12, -122, 95, -59, -24, -34, 56, -19, 96, -116, 81, -73, -105, 50, -24, 109, -116, -18, 1, 52, 91, 73, 76, 98, -53, -40, -38, -106, -67, -3, -52, 46, 91, 75, 10, 27, -20, 40, 36, 125, -1, 7, -46, 118, 63, -121, 73, -67, 81, 46, -98, -93, -127, 117, -45, -126, -94, 104, -39, -7, -40, 27, 120, 62, 61, -84, -18, 64, 21, -63, -24, 112, -30, 72, 6, 34, -61, 126, -73, 125, -94, 9, -91, 110, -108, -63, -89, -94, 42, 34, 22, 3, -125, 72, -70, -41, -70, -40, -127, 2, -106, -122, 19, -59, -38, -23, 56, 7, -108, 90, -26, 94, 39, -76, 35, -10, -92, 55, 109, 123, -85, -13, 79, 6, -100, 51, -43, -47, 25, -56, 71, -73, 6, 117, -62, -36, -109, 24, -104, 39, -3, -50, 121, 124, 97, 30, -101, -118, -83, -115, -113, 68, -65, 9, -27, -82, -13, -106, 14, 108, 95, 3, 69, 89, -56, -66, -104, 0, -67, -20, -78, -7, 118, 113, 108, 31, 51, -41, 77, 76, -23, -65, 101, 104, 22, -118, -114, -36, 42, -43, 4, -54, -30, -87, 92, 51, -70, 89, 48, -78, -100, -23, 111, 74, -41, -113, -94, 3, 9, 58, 20, -4, -94, 94, 8, -23, -77, 31, -40, 125, 2, 80, 75, 7, 8, -89, -116, 122, -67, -29, 0, 0, 0, 73, 2, 0, 0, 80, 75, 3, 4, 20, 0, 8, 8, 8, 0, 33, 25, -74, 88, 0, 0, 0, 0, 0, 0, 0, 0, 0, 0, 0, 0, 16, 0, 0, 0, 100, 111, 99, 80, 114, 111, 112, 115, 47, 97, 112, 112, 46, 120, 109, 108, 77, -114, -63, 10, -62, 48, 16, 68, -17, -126, -1, 16, 114, 111, -73, 122, 16, -111, 52, -91, 32, -126, 39, 123, -48, 15, 8, -23, -42, 6, -102, 77, 72, 86, -23, -25, -101, -109, 122, -100, 25, -26, -15, 84, -73, -6, 69, -68, 49, 101, 23, -88, -107, -69, -70, -111, 2, -55, -122, -47, -47, -77, -107, -113, -5, -91, 58, -54, 78, 111, 55, 106, 72, 33, 98, 98, -121, 89, -108, 7, -27, 86, -50, -52, -15, 4, -112, -19, -116, -34, -28, -70, -52, 84, -106, 41, 36, 111, -72, -60, -12, -124, 48, 77, -50, -30, 57, -40, -105, 71, 98, -40, 55, -51, 1, 112, 101, -92, 17, -57, 42, 126, -127, 82, -85, 62, -58, -59, 89, -61, 69, 66, -9, -47, 20, -92, 24, 110, 87, 5, -1, -67, -126, -97, -125, -2, 0, 80, 75, 7, 8, 54, 110, -125, 33, -109, 0, 0, 0, -72, 0, 0, 0, 80, 75, 3, 4, 20, 0, 8, 8, 8, 0, 33, 25, -74, 88, 0, 0, 0, 0, 0, 0, 0, 0, 0, 0, 0, 0, 17, 0, 0, 0, 100, 111, 99, 80, 114, 111, 112, 115, 47, 99, 111, 114, 101, 46, 120, 109, 108, 109, -112, -35, 74, -60, 48, 16, 70, 95, -91, -28, -66, -99, 52, -85, -94, -95, -19, 34, -54, -126, -96, -72, -32, -54, -118, 119, 33, 25, -37, 98, -13, 67, 18, -19, -6, -10, -90, 117, -83, -96, -34, 37, -7, -50, 28, 38, 95, -75, 62, -24, 33, 123, 71, 31, 122, 107, 106, 82, 22, -108, 100, 104, -92, 85, -67, 105, 107, -14, -72, -37, -28, -25, 36, 11, 81, 24, 37, 6, 107, -80, 38, -58, -110, 117, 83, 73, -57, -91, -11, -72, -11, -42, -95, -113, 61, -122, 44, 105, 76, -32, -46, -43, -92, -117, -47, 113, -128, 32, 59, -44, 34, 20, -119, 48, 41, 124, -79, 94, -117, -104, -82, -66, 5, 39, -28, -85, 104, 17, 24, -91, 103, -96, 49, 10, 37, -94, -128, 73, -104, -69, -59, 72, -114, 74, 37, 23, -91, 123, -13, -61, 44, 80, 18, 112, 64, -115, 38, 6, 40, -117, 18, 126, -40, -120, 94, -121, 127, 7, -26, 100, 33, 15, -95, 95, -88, 113, 28, -117, 113, 53, 115, 105, -93, 18, -98, -18, 110, 31, -26, -27, -13, -34, 76, 95, -105, 72, -102, -22, -88, -26, -46, -93, -120, -88, -78, 36, -32, -15, -61, -91, 70, -66, -109, -3, -22, -22, 122, -73, 33, 13, -93, -20, 36, -89, -89, 57, 99, 59, -54, 56, -67, -32, -108, 61, 87, -16, 107, 126, 18, 126, -99, -83, 111, 46, 83, 33, 29, 102, -37, -5, -101, -119, 91, -98, 43, -8, 83, 115, -13, 9, 80, 75, 7, 8, -59, 58, -21, -49, 5, 1, 0, 0, -80, 1, 0, 0, 80, 75, 3, 4, 20, 0, 8, 8, 8, 0, 33, 25, -74, 88, 0, 0, 0, 0, 0, 0, 0, 0, 0, 0, 0, 0, 20, 0, 0, 0, 120, 108, 47, 115, 104, 97, 114, 101, 100, 83, 116, 114, 105, 110, 103, 115, 46, 120, 109, 108, 61, -116, 65, 10, -62, 48, 16, 0, -17, -126, 127, 8, 123, -73, -119, 30, 68, -92, 105, 15, -126, 47, -48, 7, -124, 116, 109, 2, -51, 38, 102, 55, -30, -13, -51, -55, -29, 48, -61, -116, -13, 55, 109, -22, -125, -107, 99, 38, 11, -57, -63, -128, 66, -14, 121, -119, -76, 90, 120, 62, -18, -121, 11, -52, -45, 126, 55, 50, -117, -14, -71, -111, 88, -24, 73, -93, -8, 110, 120, -5, 115, -97, 16, 91, 8, 34, -27, -86, 53, -5, -128, -55, -15, -112, 11, 82, 55, -81, 92, -109, -109, -114, 117, -43, 92, 42, -70, -123, 3, -94, -92, 77, -97, -116, 57, -21, -28, 34, -127, -98, 126, 80, 75, 7, 8, 104, -81, -73, -114, 121, 0, 0, 0, -118, 0, 0, 0, 80, 75, 3, 4, 20, 0, 8, 8, 8, 0, 33, 25, -74, 88, 0, 0, 0, 0, 0, 0, 0, 0, 0, 0, 0, 0, 13, 0, 0, 0, 120, 108, 47, 115, 116, 121, 108, 101, 115, 46, 120, 109, 108, -91, -110, -79, 110, -61, 32, 16, -122, -9, 74, 125, 7, -60, -34, -32, 100, -88, -94, -54, 38, 67, 37, 87, -99, -109, 74, 93, -119, 57, -37, -88, 112, 88, 64, 34, -69, 79, 95, 48, 78, -109, 76, 29, 58, -35, -35, -49, -3, 31, -121, -49, -27, 110, 52, -102, -100, -63, 121, 101, -79, -94, -21, 85, 65, 9, 96, 99, -91, -62, -82, -94, 31, -121, -6, 105, 75, 119, -4, -15, -95, -12, 97, -46, -80, -17, 1, 2, -119, 14, -12, 21, -19, 67, 24, 94, 24, -13, 77, 15, 70, -8, -107, 29, 0, -29, 73, 107, -99, 17, 33, -106, -82, 99, 126, 112, 32, -92, 79, 38, -93, -39, -90, 40, -98, -103, 17, 10, 41, 47, -15, 100, 106, 19, 60, 105, -20, 9, 67, 69, 11, -54, 120, -39, 90, -68, 42, 107, -102, 5, 94, -6, 111, 114, 22, 58, 42, 105, -74, -40, -42, 88, 109, 29, 81, 40, 97, 4, 89, -47, 109, -46, 80, 24, -56, 93, -81, 66, -85, -93, 83, 51, 79, 24, -91, -89, 44, 111, -110, 48, 79, -70, -12, 25, -123, -42, 37, -111, -27, 91, -26, -32, -93, 73, 105, -3, 59, -60, -122, 102, -127, -105, -125, 8, 1, 28, -42, -79, 32, 75, 126, -104, 6, -88, 40, 90, -124, -116, -103, -5, -2, -24, -106, -62, 125, -67, 57, 49, -35, 56, -26, 16, 47, 62, 90, 39, -29, 22, 110, -33, -97, 37, 94, 106, 104, 67, 52, 56, -43, -11, 41, 6, 59, -80, 116, 24, -126, 53, 49, -111, 74, 116, 22, -123, 78, -56, -117, 99, 73, 34, -74, 1, -83, -9, 105, 117, -97, -19, 29, 123, 108, 73, -34, -63, -69, 76, -97, -97, -92, -25, 95, -46, 56, -48, -110, 102, 76, 46, 18, -1, -106, -106, -39, -1, -58, -110, -79, -67, -25, -49, 104, 118, -3, -35, -8, 15, 80, 75, 7, 8, -82, -111, -109, -42, 69, 1, 0, 0, -93, 2, 0, 0, 80, 75, 3, 4, 20, 0, 8, 8, 8, 0, 33, 25, -74, 88, 0, 0, 0, 0, 0, 0, 0, 0, 0, 0, 0, 0, 15, 0, 0, 0, 120, 108, 47, 119, 111, 114, 107, 98, 111, 111, 107, 46, 120, 109, 108, -115, -114, -51, 78, -61, 48, 16, -124, -17, 72, -68, -125, -75, 119, 106, 7, 16, -126, 40, 78, 47, 21, 82, 111, 28, 2, -9, -83, -77, 105, -84, -58, 63, 90, -101, -106, -57, -57, 73, 21, -32, -56, 105, 53, -102, 111, 103, -90, -39, 126, -71, 73, -100, -119, -109, 13, 94, 67, -75, 81, 32, -56, -101, -48, 91, 127, -44, -16, -34, -67, -34, 61, -61, -74, -67, -67, 105, 46, -127, 79, -121, 16, 78, -94, -16, 62, 105, 24, 115, -114, -75, -108, -55, -116, -28, 48, 109, 66, 36, 95, -100, 33, -80, -61, 92, 36, 31, 101, -118, 76, -40, -89, -111, 40, -69, 73, -34, 43, -11, 36, 29, 90, 15, -41, -124, -102, -1, -109, 17, -122, -63, 26, -38, 5, -13, -23, -56, -25, 107, 8, -45, -124, -71, -84, 77, -93, -115, 9, -38, -97, 101, 111, 44, 122, -52, 84, -67, -88, 71, 13, 3, 78, -119, 64, -74, -51, -20, 124, 88, -70, -92, 95, 112, -106, 2, 77, -74, 103, -22, -16, -96, 65, -51, -100, -4, 3, 46, -101, -41, 43, 60, 58, -46, -48, -111, -117, -91, -105, 64, 112, 109, 123, 13, -68, -17, 31, 64, 44, -60, -66, -56, 106, -55, 88, 31, -27, 90, -43, 126, 3, 80, 75, 7, 8, 23, 69, 52, -47, -36, 0, 0, 0, 96, 1, 0, 0, 80, 75, 3, 4, 20, 0, 8, 8, 8, 0, 33, 25, -74, 88, 0, 0, 0, 0, 0, 0, 0, 0, 0, 0, 0, 0, 26, 0, 0, 0, 120, 108, 47, 95, 114, 101, 108, 115, 47, 119, 111, 114, 107, 98, 111, 111, 107, 46, 120, 109, 108, 46, 114, 101, 108, 115, -83, -111, 77, 107, -61, 48, 12, 64, -1, -118, -47, 125, 113, -46, -63, 24, -93, 110, 47, 99, -48, -21, -42, -3, 0, 99, 43, 113, 104, 34, 25, 75, -5, -24, -65, -97, -69, -61, -42, 64, 7, 59, -12, 36, -116, -16, 123, 15, -76, -34, 126, -50, -109, 121, -57, 34, 35, -109, -125, -82, 105, -63, 32, 5, -114, 35, 13, 14, 94, -9, 79, 55, -9, 96, 68, 61, 69, 63, 49, -95, 3, 98, -40, 110, -42, -49, 56, 121, -83, 63, 36, -115, 89, 76, 69, -112, 56, 72, -86, -7, -63, 90, 9, 9, 103, 47, 13, 103, -92, -70, -23, -71, -52, 94, -21, -77, 12, 54, -5, 112, -16, 3, -38, 85, -37, -34, -39, 114, -50, -128, 37, -45, -20, -94, -125, -78, -117, 29, -104, -67, 47, 3, -86, 3, 73, -66, 96, 124, -47, 82, -53, -92, -87, -32, -70, 58, 102, -4, -113, -106, -5, 126, 12, -8, -56, -31, 109, 70, -46, 11, 118, -69, -128, -125, -67, 28, -77, 58, -117, -47, -29, -124, -41, -81, -8, -90, -2, -91, -65, -3, -43, 127, 112, 57, 72, 66, -44, 83, 121, 29, -35, -75, 75, 126, 4, -89, 24, -69, -72, -10, -26, 11, 80, 75, 7, 8, -122, 3, 59, -111, -44, 0, 0, 0, 51, 2, 0, 0, 80, 75, 3, 4, 20, 0, 8, 8, 8, 0, 33, 25, -74, 88, 0, 0, 0, 0, 0, 0, 0, 0, 0, 0, 0, 0, 24, 0, 0, 0, 120, 108, 47, 119, 111, 114, 107, 115, 104, 101, 101, 116, 115, 47, 115, 104, 101, 101, 116, 49, 46, 120, 109, 108, 101, 80, 77, 75, -60, 64, 12, -67, 11, -2, -121, 33, 119, 59, 93, 101, 85, -92, -19, 34, -56, -94, 7, 65, -4, -70, 79, -37, -76, 29, -74, 51, 41, -103, -84, -11, -25, 59, -45, -43, 85, -16, -106, -105, -28, -27, -67, -105, 98, -13, -23, 70, -11, -127, 28, 44, -7, 18, 86, 89, 14, 10, 125, 67, -83, -11, 125, 9, 111, -81, -37, -77, 107, -40, 84, -89, 39, -59, 76, -68, 11, 3, -94, -88, 72, -16, -95, -124, 65, 100, -70, -47, 58, 52, 3, 58, 19, 50, -102, -48, -57, 73, 71, -20, -116, 68, -56, -67, 14, 19, -93, 105, 23, -110, 27, -11, 121, -98, 95, 106, 103, -84, -121, -86, 104, -83, 67, -97, 20, 21, 99, 87, -62, -19, 10, 116, 85, 44, -117, -17, 22, -25, -16, -89, 86, 73, -73, 38, -38, 37, -16, -48, -106, 16, -3, -119, -87, 95, 112, -60, 70, 48, 98, -31, 61, 38, -74, -2, 71, -33, 46, 86, -98, 88, -75, -40, -103, -3, 40, -49, 52, -33, -93, -19, 7, -119, 49, -41, 49, -25, -113, -28, -99, 17, 83, 21, 76, -77, -30, 56, -7, -67, 117, -24, 79, -90, -57, 71, -61, -67, -11, 65, -43, 36, 66, 46, 122, -56, -82, -42, -96, 58, 34, 65, 78, -24, 2, -44, 16, -109, 30, -63, -120, -99, 44, 91, -96, -8, 32, -72, -44, 66, -45, 55, 55, 105, 28, 31, 90, 125, 1, 80, 75, 7, 8, -83, 105, 71, 50, -5, 0, 0, 0, -124, 1, 0, 0, 80, 75, 1, 2, 20, 0, 20, 0, 8, 8, 8, 0, 33, 25, -74, 88, 122, -108, -54, 113, 59, 1, 0, 0, 28, 4, 0, 0, 19, 0, 0, 0, 0, 0, 0, 0, 0, 0, 0, 0, 0, 0, 0, 0, 0, 0, 91, 67, 111, 110, 116, 101, 110, 116, 95, 84, 121, 112, 101, 115, 93, 46, 120, 109, 108, 80, 75, 1, 2, 20, 0, 20, 0, 8, 8, 8, 0, 33, 25, -74, 88, -89, -116, 122, -67, -29, 0, 0, 0, 73, 2, 0, 0, 11, 0, 0, 0, 0, 0, 0, 0, 0, 0, 0, 0, 0, 0, 124, 1, 0, 0, 95, 114, 101, 108, 115, 47, 46, 114, 101, 108, 115, 80, 75, 1, 2, 20, 0, 20, 0, 8, 8, 8, 0, 33, 25, -74, 88, 54, 110, -125, 33, -109, 0, 0, 0, -72, 0, 0, 0, 16, 0, 0, 0, 0, 0, 0, 0, 0, 0, 0, 0, 0, 0, -104, 2, 0, 0, 100, 111, 99, 80, 114, 111, 112, 115, 47, 97, 112, 112, 46, 120, 109, 108, 80, 75, 1, 2, 20, 0, 20, 0, 8, 8, 8, 0, 33, 25, -74, 88, -59, 58, -21, -49, 5, 1, 0, 0, -80, 1, 0, 0, 17, 0, 0, 0, 0, 0, 0, 0, 0, 0, 0, 0, 0, 0, 105, 3, 0, 0, 100, 111, 99, 80, 114, 111, 112, 115, 47, 99, 111, 114, 101, 46, 120, 109, 108, 80, 75, 1, 2, 20, 0, 20, 0, 8, 8, 8, 0, 33, 25, -74, 88, 104, -81, -73, -114, 121, 0, 0, 0, -118, 0, 0, 0, 20, 0, 0, 0, 0, 0, 0, 0, 0, 0, 0, 0, 0, 0, -83, 4, 0, 0, 120, 108, 47, 115, 104, 97, 114, 101, 100, 83, 116, 114, 105, 110, 103, 115, 46, 120, 109, 108, 80, 75, 1, 2, 20, 0, 20, 0, 8, 8, 8, 0, 33, 25, -74, 88, -82, -111, -109, -42, 69, 1, 0, 0, -93, 2, 0, 0, 13, 0, 0, 0, 0, 0, 0, 0, 0, 0, 0, 0, 0, 0, 104, 5, 0, 0, 120, 108, 47, 115, 116, 121, 108, 101, 115, 46, 120, 109, 108, 80, 75, 1, 2, 20, 0, 20, 0, 8, 8, 8, 0, 33, 25, -74, 88, 23, 69, 52, -47, -36, 0, 0, 0, 96, 1, 0, 0, 15, 0, 0, 0, 0, 0, 0, 0, 0, 0, 0, 0, 0, 0, -24, 6, 0, 0, 120, 108, 47, 119, 111, 114, 107, 98, 111, 111, 107, 46, 120, 109, 108, 80, 75, 1, 2, 20, 0, 20, 0, 8, 8, 8, 0, 33, 25, -74, 88, -122, 3, 59, -111, -44, 0, 0, 0, 51, 2, 0, 0, 26, 0, 0, 0, 0, 0, 0, 0, 0, 0, 0, 0, 0, 0, 1, 8, 0, 0, 120, 108, 47, 95, 114, 101, 108, 115, 47, 119, 111, 114, 107, 98, 111, 111, 107, 46, 120, 109, 108, 46, 114, 101, 108, 115, 80, 75, 1, 2, 20, 0, 20, 0, 8, 8, 8, 0, 33, 25, -74, 88, -83, 105, 71, 50, -5, 0, 0, 0, -124, 1, 0, 0, 24, 0, 0, 0, 0, 0, 0, 0, 0, 0, 0, 0, 0, 0, 29, 9, 0, 0, 120, 108, 47, 119, 111, 114, 107, 115, 104, 101, 101, 116, 115, 47, 115, 104, 101, 101, 116, 49, 46, 120, 109, 108, 80, 75, 5, 6, 0, 0, 0, 0, 9, 0, 9, 0, 63, 2, 0, 0, 94, 10, 0, 0, 0, 0}&gt; but was:&lt;{80, 75, 3, 4, 20, 0, 8, 8, 8, 0, 33, 25, -74, 88, 0, 0, 0, 0, 0, 0, 0, 0, 0, 0, 0, 0, 19, 0, 0, 0, 91, 67, 111, 110, 116, 101, 110, 116, 95, 84, 121, 112, 101, 115, 93, 46, 120, 109, 108, -75, 83, -53, 110, -62, 48, 16, -4, -107, -56, -41, 42, 54, -12, 80, 85, 21, -127, 67, 31, -57, 22, -87, -12, 3, 92, 123, -109, 88, -8, 37, -81, -95, -16, -9, 93, 7, 56, -108, 82, -119, 10, 113, -14, 99, 102, 103, 102, 87, -10, 100, -74, 113, -74, 90, 67, 66, 19, 124, -61, -58, 124, -60, 42, -16, 42, 104, -29, -69, -122, 125, 44, 94, -22, 123, 86, 97, -106, 94, 75, 27, 60, 52, -52, 7, 54, -101, 78, 22, -37, 8, 88, 81, -87, -57, -122, -11, 57, -57, 7, 33, 80, -11, -32, 36, -14, 16, -63, 19, -46, -122, -28, 100, -90, 99, -22, 68, -108, 106, 41, 59, 16, -73, -93, -47, -99, 80, -63, 103, -16, -71, -50, 69, -125, 77, 39, 79, -48, -54, -107, -51, -43, -29, -18, -66, 72, 55, 76, -58, 104, -115, -110, -103, 82, -119, -75, -41, 71, -94, -11, 94, -112, 39, -80, 3, 7, 123, 19, -15, -122, 8, -84, 122, -34, -112, -54, -82, 27, 66, -111, -119, 51, 28, -114, 11, -53, -103, -22, -34, 104, 46, -55, 104, -8, 87, -76, -48, -74, 70, -127, 14, 106, -27, -88, -124, 67, 81, -43, -96, -21, -104, -120, -104, -78, -127, 125, -50, -71, 76, -7, 85, 58, 18, 20, 68, -98, 19, -118, -126, -92, -7, 37, -34, -121, -79, -88, -112, -32, 44, -61, 66, -68, -56, -15, -88, 91, -116, 9, -92, -58, 30, 32, 59, -53, -79, -105, 9, -12, 123, 78, -12, -104, 126, -121, -40, 88, -15, -125, 112, -59, 28, 121, 107, 79, 76, -95, 4, 24, -112, 107, 78, -128, 86, -18, -92, -15, -89, -36, -65, 66, 90, 126, -122, -80, -68, -98, 127, 113, 24, -10, 127, -39, 15, 32, -118, 97, 25, 31, 114, -120, -31, 123, 79, -65, 1, 80, 75, 7, 8, 122, -108, -54, 113, 59, 1, 0, 0, 28, 4, 0, 0, 80, 75, 3, 4, 20, 0, 8, 8, 8, 0, 33, 25, -74, 88, 0, 0, 0, 0, 0, 0, 0, 0, 0, 0, 0, 0, 11, 0, 0, 0, 95, 114, 101, 108, 115, 47, 46, 114, 101, 108, 115, -83, -110, -63, 106, -61, 48, 12, -122, 95, -59, -24, -34, 56, -19, 96, -116, 81, -73, -105, 50, -24, 109, -116, -18, 1, 52, 91, 73, 76, 98, -53, -40, -38, -106, -67, -3, -52, 46, 91, 75, 10, 27, -20, 40, 36, 125, -1, 7, -46, 118, 63, -121, 73, -67, 81, 46, -98, -93, -127, 117, -45, -126, -94, 104, -39, -7, -40, 27, 120, 62, 61, -84, -18, 64, 21, -63, -24, 112, -30, 72, 6, 34, -61, 126, -73, 125, -94, 9, -91, 110, -108, -63, -89, -94, 42, 34, 22, 3, -125, 72, -70, -41, -70, -40, -127, 2, -106, -122, 19, -59, -38, -23, 56, 7, -108, 90, -26, 94, 39, -76, 35, -10, -92, 55, 109, 123, -85, -13, 79, 6, -100, 51, -43, -47, 25, -56, 71, -73, 6, 117, -62, -36, -109, 24, -104, 39, -3, -50, 121, 124, 97, 30, -101, -118, -83, -115, -113, 68, -65, 9, -27, -82, -13, -106, 14, 108, 95, 3, 69, 89, -56, -66, -104, 0, -67, -20, -78, -7, 118, 113, 108, 31, 51, -41, 77, 76, -23, -65, 101, 104, 22, -118, -114, -36, 42, -43, 4, -54, -30, -87, 92, 51, -70, 89, 48, -78, -100, -23, 111, 74, -41, -113, -94, 3, 9, 58, 20, -4, -94, 94, 8, -23, -77, 31, -40, 125, 2, 80, 75, 7, 8, -89, -116, 122, -67, -29, 0, 0, 0, 73, 2, 0, 0, 80, 75, 3, 4, 20, 0, 8, 8, 8, 0, 33, 25, -74, 88, 0, 0, 0, 0, 0, 0, 0, 0, 0, 0, 0, 0, 16, 0, 0, 0, 100, 111, 99, 80, 114, 111, 112, 115, 47, 97, 112, 112, 46, 120, 109, 108, 77, -114, -63, 10, -62, 48, 16, 68, -17, -126, -1, 16, 114, 111, -73, 122, 16, -111, 52, -91, 32, -126, 39, 123, -48, 15, 8, -23, -42, 6, -102, 77, 72, 86, -23, -25, -101, -109, 122, -100, 25, -26, -15, 84, -73, -6, 69, -68, 49, 101, 23, -88, -107, -69, -70, -111, 2, -55, -122, -47, -47, -77, -107, -113, -5, -91, 58, -54, 78, 111, 55, 106, 72, 33, 98, 98, -121, 89, -108, 7, -27, 86, -50, -52, -15, 4, -112, -19, -116, -34, -28, -70, -52, 84, -106, 41, 36, 111, -72, -60, -12, -124, 48, 77, -50, -30, 57, -40, -105, 71, 98, -40, 55, -51, 1, 112, 101, -92, 17, -57, 42, 126, -127, 82, -85, 62, -58, -59, 89, -61, 69, 66, -9, -47, 20, -92, 24, 110, 87, 5, -1, -67, -126, -97, -125, -2, 0, 80, 75, 7, 8, 54, 110, -125, 33, -109, 0, 0, 0, -72, 0, 0, 0, 80, 75, 3, 4, 20, 0, 8, 8, 8, 0, 33, 25, -74, 88, 0, 0, 0, 0, 0, 0, 0, 0, 0, 0, 0, 0, 17, 0, 0, 0, 100, 111, 99, 80, 114, 111, 112, 115, 47, 99, 111, 114, 101, 46, 120, 109, 108, 109, -112, -35, 74, -60, 48, 16, 70, 95, -91, -28, -66, -99, 52, -85, -94, -95, -19, 34, -54, -126, -96, -72, -32, -54, -118, 119, 33, 25, -37, 98, -13, 67, 18, -19, -6, -10, -90, 117, -83, -96, -34, 37, -7, -50, 28, 38, 95, -75, 62, -24, 33, 123, 71, 31, 122, 107, 106, 82, 22, -108, 100, 104, -92, 85, -67, 105, 107, -14, -72, -37, -28, -25, 36, 11, 81, 24, 37, 6, 107, -80, 38, -58, -110, 117, 83, 73, -57, -91, -11, -72, -11, -42, -95, -113, 61, -122, 44, 105, 76, -32, -46, -43, -92, -117, -47, 113, -128, 32, 59, -44, 34, 20, -119, 48, 41, 124, -79, 94, -117, -104, -82, -66, 5, 39, -28, -85, 104, 17, 24, -91, 103, -96, 49, 10, 37, -94, -128, 73, -104, -69, -59, 72, -114, 74, 37, 23, -91, 123, -13, -61, 44, 80, 18, 112, 64, -115, 38, 6, 40, -117, 18, 126, -40, -120, 94, -121, 127, 7, -26, 100, 33, 15, -95, 95, -88, 113, 28, -117, 113, 53, 115, 105, -93, 18, -98, -18, 110, 31, -26, -27, -13, -34, 76, 95, -105, 72, -102, -22, -88, -26, -46, -93, -120, -88, -78, 36, -32, -15, -61, -91, 70, -66, -109, -3, -22, -22, 122, -73, 33, 13, -93, -20, 36, -89, -89, 57, 99, 59, -54, 56, -67, -32, -108, 61, 87, -16, 107, 126, 18, 126, -99, -83, 111, 46, 83, 33, 29, 102, -37, -5, -101, -119, 91, -98, 43, -8, 83, 115, -13, 9, 80, 75, 7, 8, -59, 58, -21, -49, 5, 1, 0, 0, -80, 1, 0, 0, 80, 75, 3, 4, 20, 0, 8, 8, 8, 0, 33, 25, -74, 88, 0, 0, 0, 0, 0, 0, 0, 0, 0, 0, 0, 0, 20, 0, 0, 0, 120, 108, 47, 115, 104, 97, 114, 101, 100, 83, 116, 114, 105, 110, 103, 115, 46, 120, 109, 108, 125, -47, 77, 106, -61, 48, 16, 5, -32, 125, -95, 119, 16, -38, 39, -78, -99, -92, -108, 34, 43, -117, -112, -84, 10, -91, -112, 30, 64, 56, 83, 91, 96, -3, 68, 51, 14, -18, -19, -85, -112, 64, -118, 77, -75, -44, 123, 51, 31, 3, -110, -37, -47, -10, -20, 2, 17, -115, 119, 53, 47, -105, 5, 103, -32, 26, 127, 50, -82, -83, -7, -41, -15, -80, 120, -27, 91, -11, -4, 36, 17, -119, 53, 126, 112, -108, -122, 54, -100, 13, -50, -100, 7, -40, 61, -126, -60, 56, -84, 121, 71, 20, -34, -124, -64, -90, 3, -85, 113, -23, 3, -72, -44, 124, -5, 104, 53, -91, 103, 108, 5, -122, 8, -6, -124, 29, 0, -39, 94, 84, 69, -15, 34, -84, 54, -114, 43, -119, 70, 73, 82, -97, 3, 32, -91, 99, -92, 32, 37, -59, 53, -69, -27, 59, 77, -48, -6, -8, 51, -51, -33, -31, 2, -3, 52, -4, 8, 87, -126, -107, -20, 8, 35, -51, 36, 31, 35, 52, -60, -54, 105, -79, 31, 67, -81, -99, -66, -83, -2, 67, 86, 89, -78, -54, -111, -77, -14, 78, -82, -78, -28, 42, 71, -50, -54, 59, -71, -50, -110, -21, 28, -7, -89, 20, -23, -45, -43, 47, 80, 75, 7, 8, -113, -51, 96, 67, -38, 0, 0, 0, 34, 2, 0, 0, 80, 75, 3, 4, 20, 0, 8, 8, 8, 0, 33, 25, -74, 88, 0, 0, 0, 0, 0, 0, 0, 0, 0, 0, 0, 0, 13, 0, 0, 0, 120, 108, 47, 115, 116, 121, 108, 101, 115, 46, 120, 109, 108, -91, -110, -79, 110, -61, 32, 16, -122, -9, 74, 125, 7, -60, -34, -32, 100, -88, -94, -54, 38, 67, 37, 87, -99, -109, 74, 93, -119, 57, -37, -88, 112, 88, 64, 34, -69, 79, 95, 48, 78, -109, 76, 29, 58, -35, -35, -49, -3, 31, -121, -49, -27, 110, 52, -102, -100, -63, 121, 101, -79, -94, -21, 85, 65, 9, 96, 99, -91, -62, -82, -94, 31, -121, -6, 105, 75, 119, -4, -15, -95, -12, 97, -46, -80, -17, 1, 2, -119, 14, -12, 21, -19, 67, 24, 94, 24, -13, 77, 15, 70, -8, -107, 29, 0, -29, 73, 107, -99, 17, 33, -106, -82, 99, 126, 112, 32, -92, 79, 38, -93, -39, -90, 40, -98, -103, 17, 10, 41, 47, -15, 100, 106, 19, 60, 105, -20, 9, 67, 69, 11, -54, 120, -39, 90, -68, 42, 107, -102, 5, 94, -6, 111, 114, 22, 58, 42, 105, -74, -40, -42, 88, 109, 29, 81, 40, 97, 4, 89, -47, 109, -46, 80, 24, -56, 93, -81, 66, -85, -93, 83, 51, 79, 24, -91, -89, 44, 111, -110, 48, 79, -70, -12, 25, -123, -42, 37, -111, -27, 91, -26, -32, -93, 73, 105, -3, 59, -60, -122, 102, -127, -105, -125, 8, 1, 28, -42, -79, 32, 75, 126, -104, 6, -88, 40, 90, -124, -116, -103, -5, -2, -24, -106, -62, 125, -67, 57, 49, -35, 56, -26, 16, 47, 62, 90, 39, -29, 22, 110, -33, -97, 37, 94, 106, 104, 67, 52, 56, -43, -11, 41, 6, 59, -80, 116, 24, -126, 53, 49, -111, 74, 116, 22, -123, 78, -56, -117, 99, 73, 34, -74, 1, -83, -9, 105, 117, -97, -19, 29, 123, 108, 73, -34, -63, -69, 76, -97, -97, -92, -25, 95, -46, 56, -48, -110, 102, 76, 46, 18, -1, -106, -106, -39, -1, -58, -110, -79, -67, -25, -49, 104, 118, -3, -35, -8, 15, 80, 75, 7, 8, -82, -111, -109, -42, 69, 1, 0, 0, -93, 2, 0, 0, 80, 75, 3, 4, 20, 0, 8, 8, 8, 0, 33, 25, -74, 88, 0, 0, 0, 0, 0, 0, 0, 0, 0, 0, 0, 0, 15, 0, 0, 0, 120, 108, 47, 119, 111, 114, 107, 98, 111, 111, 107, 46, 120, 109, 108, -115, -114, -51, 78, -61, 48, 16, -124, -17, 72, -68, -125, -75, 119, 106, 7, 16, -126, 40, 78, 47, 21, 82, 111, 28, 2, -9, -83, -77, 105, -84, -58, 63, 90, -101, -106, -57, -57, 73, 21, -32, -56, 105, 53, -102, 111, 103, -90, -39, 126, -71, 73, -100, -119, -109, 13, 94, 67, -75, 81, 32, -56, -101, -48, 91, 127, -44, -16, -34, -67, -34, 61, -61, -74, -67, -67, 105, 46, -127, 79, -121, 16, 78, -94, -16, 62, 105, 24, 115, -114, -75, -108, -55, -116, -28, 48, 109, 66, 36, 95, -100, 33, -80, -61, 92, 36, 31, 101, -118, 76, -40, -89, -111, 40, -69, 73, -34, 43, -11, 36, 29, 90, 15, -41, -124, -102, -1, -109, 17, -122, -63, 26, -38, 5, -13, -23, -56, -25, 107, 8, -45, -124, -71, -84, 77, -93, -115, 9, -38, -97, 101, 111, 44, 122, -52, 84, -67, -88, 71, 13, 3, 78, -119, 64, -74, -51, -20, 124, 88, -70, -92, 95, 112, -106, 2, 77, -74, 103, -22, -16, -96, 65, -51, -100, -4, 3, 46, -101, -41, 43, 60, 58, -46, -48, -111, -117, -91, -105, 64, 112, 109, 123, 13, -68, -17, 31, 64, 44, -60, -66, -56, 106, -55, 88, 31, -27, 90, -43, 126, 3, 80, 75, 7, 8, 23, 69, 52, -47, -36, 0, 0, 0, 96, 1, 0, 0, 80, 75, 3, 4, 20, 0, 8, 8, 8, 0, 33, 25, -74, 88, 0, 0, 0, 0, 0, 0, 0, 0, 0, 0, 0, 0, 26, 0, 0, 0, 120, 108, 47, 95, 114, 101, 108, 115, 47, 119, 111, 114, 107, 98, 111, 111, 107, 46, 120, 109, 108, 46, 114, 101, 108, 115, -83, -111, 77, 107, -61, 48, 12, 64, -1, -118, -47, 125, 113, -46, -63, 24, -93, 110, 47, 99, -48, -21, -42, -3, 0, 99, 43, 113, 104, 34, 25, 75, -5, -24, -65, -97, -69, -61, -42, 64, 7, 59, -12, 36, -116, -16, 123, 15, -76, -34, 126, -50, -109, 121, -57, 34, 35, -109, -125, -82, 105, -63, 32, 5, -114, 35, 13, 14, 94, -9, 79, 55, -9, 96, 68, 61, 69, 63, 49, -95, 3, 98, -40, 110, -42, -49, 56, 121, -83, 63, 36, -115, 89, 76, 69, -112, 56, 72, -86, -7, -63, 90, 9, 9, 103, 47, 13, 103, -92, -70, -23, -71, -52, 94, -21, -77, 12, 54, -5, 112, -16, 3, -38, 85, -37, -34, -39, 114, -50, -128, 37, -45, -20, -94, -125, -78, -117, 29, -104, -67, 47, 3, -86, 3, 73, -66, 96, 124, -47, 82, -53, -92, -87, -32, -70, 58, 102, -4, -113, -106, -5, 126, 12, -8, -56, -31, 109, 70, -46, 11, 118, -69, -128, -125, -67, 28, -77, 58, -117, -47, -29, -124, -41, -81, -8, -90, -2, -91, -65, -3, -43, 127, 112, 57, 72, 66, -44, 83, 121, 29, -35, -75, 75, 126, 4, -89, 24, -69, -72, -10, -26, 11, 80, 75, 7, 8, -122, 3, 59, -111, -44, 0, 0, 0, 51, 2, 0, 0, 80, 75, 3, 4, 20, 0, 8, 8, 8, 0, 33, 25, -74, 88, 0, 0, 0, 0, 0, 0, 0, 0, 0, 0, 0, 0, 24, 0, 0, 0, 120, 108, 47, 119, 111, 114, 107, 115, 104, 101, 101, 116, 115, 47, 115, 104, 101, 101, 116, 49, 46, 120, 109, 108, 109, -45, -35, 79, -62, 48, 16, 0, -16, 119, 19, -1, -121, -90, -17, -46, 13, 4, -111, 108, 35, 40, 34, -88, -120, -15, -21, -67, 108, -73, -113, -80, -75, 75, 91, -64, 63, -33, 110, 124, 104, -41, -67, -35, -91, -65, -53, -75, -105, -85, 55, -2, 41, 114, -76, 3, 33, 51, -50, 124, -20, 118, 28, -116, -128, -123, 60, -54, 88, -30, -29, -81, -49, -39, -43, 16, -113, -125, -53, 11, 111, -49, -59, 70, -90, 0, 10, -23, 2, 38, 125, -100, 42, 85, -114, 8, -111, 97, 10, 5, -107, 29, 94, 2, -45, 39, 49, 23, 5, 85, 58, 21, 9, -111, -91, 0, 26, -43, 69, 69, 78, -70, -114, 51, 32, 5, -51, 24, 14, -68, 40, 43, -128, 85, 29, -111, -128, -40, -57, 19, 119, -76, 114, 49, 9, -68, -38, 126, 103, -80, -105, -1, 98, 84, -75, 94, 115, -66, -87, -110, 69, -28, 99, 125, 69, 69, -41, 31, -112, 67, -88, 64, -25, 74, 108, -95, -86, 38, 86, -7, -84, -66, -51, -101, 64, 17, -60, 116, -101, -85, 119, -66, -97, 67, -106, -92, 74, -65, -76, -81, -97, 122, 106, 57, -91, -118, 6, -98, -32, 123, 36, -12, -119, -66, 96, 88, 5, 19, 87, 55, -14, -79, -60, 72, 86, 77, 3, 111, 23, 56, 30, -39, -23, 70, -31, 81, -36, -39, -62, 53, -59, -67, 45, -70, -90, -104, -38, -94, 103, -118, 7, 91, 92, -101, 98, 102, -117, -66, 41, 30, 109, 49, 48, -59, -36, 22, 55, -90, 88, -40, 98, 104, -118, 39, 91, -36, -102, -30, -71, 101, 98, -115, -95, -66, -76, -112, -58, 84, -105, 45, -92, 49, -42, -41, 22, -46, -104, -21, -86, -123, -4, 13, -106, -24, 117, 56, -19, -44, 97, 63, 74, -102, -64, -110, -118, 36, 99, 18, -83, -71, 82, -68, -48, 101, -99, -101, 62, 70, 49, -25, 10, 68, -107, -11, 48, 74, -11, -46, -97, -109, 28, 98, 85, 43, -116, -60, 97, -15, -22, 88, -15, -14, 88, 91, -19, -19, -7, 111, 5, -65, 80, 75, 7, 8, 11, -104, -74, 106, 104, 1, 0, 0, -113, 3, 0, 0, 80, 75, 1, 2, 20, 0, 20, 0, 8, 8, 8, 0, 33, 25, -74, 88, 122, -108, -54, 113, 59, 1, 0, 0, 28, 4, 0, 0, 19, 0, 0, 0, 0, 0, 0, 0, 0, 0, 0, 0, 0, 0, 0, 0, 0, 0, 91, 67, 111, 110, 116, 101, 110, 116, 95, 84, 121, 112, 101, 115, 93, 46, 120, 109, 108, 80, 75, 1, 2, 20, 0, 20, 0, 8, 8, 8, 0, 33, 25, -74, 88, -89, -116, 122, -67, -29, 0, 0, 0, 73, 2, 0, 0, 11, 0, 0, 0, 0, 0, 0, 0, 0, 0, 0, 0, 0, 0, 124, 1, 0, 0, 95, 114, 101, 108, 115, 47, 46, 114, 101, 108, 115, 80, 75, 1, 2, 20, 0, 20, 0, 8, 8, 8, 0, 33, 25, -74, 88, 54, 110, -125, 33, -109, 0, 0, 0, -72, 0, 0, 0, 16, 0, 0, 0, 0, 0, 0, 0, 0, 0, 0, 0, 0, 0, -104, 2, 0, 0, 100, 111, 99, 80, 114, 111, 112, 115, 47, 97, 112, 112, 46, 120, 109, 108, 80, 75, 1, 2, 20, 0, 20, 0, 8, 8, 8, 0, 33, 25, -74, 88, -59, 58, -21, -49, 5, 1, 0, 0, -80, 1, 0, 0, 17, 0, 0, 0, 0, 0, 0, 0, 0, 0, 0, 0, 0, 0, 105, 3, 0, 0, 100, 111, 99, 80, 114, 111, 112, 115, 47, 99, 111, 114, 101, 46, 120, 109, 108, 80, 75, 1, 2, 20, 0, 20, 0, 8, 8, 8, 0, 33, 25, -74, 88, -113, -51, 96, 67, -38, 0, 0, 0, 34, 2, 0, 0, 20, 0, 0, 0, 0, 0, 0, 0, 0, 0, 0, 0, 0, 0, -83, 4, 0, 0, 120, 108, 47, 115, 104, 97, 114, 101, 100, 83, 116, 114, 105, 110, 103, 115, 46, 120, 109, 108, 80, 75, 1, 2, 20, 0, 20, 0, 8, 8, 8, 0, 33, 25, -74, 88, -82, -111, -109, -42, 69, 1, 0, 0, -93, 2, 0, 0, 13, 0, 0, 0, 0, 0, 0, 0, 0, 0, 0, 0, 0, 0, -55, 5, 0, 0, 120, 108, 47, 115, 116, 121, 108, 101, 115, 46, 120, 109, 108, 80, 75, 1, 2, 20, 0, 20, 0, 8, 8, 8, 0, 33, 25, -74, 88, 23, 69, 52, -47, -36, 0, 0, 0, 96, 1, 0, 0, 15, 0, 0, 0, 0, 0, 0, 0, 0, 0, 0, 0, 0, 0, 73, 7, 0, 0, 120, 108, 47, 119, 111, 114, 107, 98, 111, 111, 107, 46, 120, 109, 108, 80, 75, 1, 2, 20, 0, 20, 0, 8, 8, 8, 0, 33, 25, -74, 88, -122, 3, 59, -111, -44, 0, 0, 0, 51, 2, 0, 0, 26, 0, 0, 0, 0, 0, 0, 0, 0, 0, 0, 0, 0, 0, 98, 8, 0, 0, 120, 108, 47, 95, 114, 101, 108, 115, 47, 119, 111, 114, 107, 98, 111, 111, 107, 46, 120, 109, 108, 46, 114, 101, 108, 115, 80, 75, 1, 2, 20, 0, 20, 0, 8, 8, 8, 0, 33, 25, -74, 88, 11, -104, -74, 106, 104, 1, 0, 0, -113, 3, 0, 0, 24, 0, 0, 0, 0, 0, 0, 0, 0, 0, 0, 0, 0, 0, 126, 9, 0, 0, 120, 108, 47, 119, 111, 114, 107, 115, 104, 101, 101, 116, 115, 47, 115, 104, 101, 101, 116, 49, 46, 120, 109, 108, 80, 75, 5, 6, 0, 0, 0, 0, 9, 0, 9, 0, 63, 2, 0, 0, 44, 11, 0, 0, 0, 0}&gt;" type="java.lang.AssertionError"><![CDATA[java.lang.AssertionError: Response content expected:<{80, 75, 3, 4, 20, 0, 8, 8, 8, 0, 33, 25, -74, 88, 0, 0, 0, 0, 0, 0, 0, 0, 0, 0, 0, 0, 19, 0, 0, 0, 91, 67, 111, 110, 116, 101, 110, 116, 95, 84, 121, 112, 101, 115, 93, 46, 120, 109, 108, -75, 83, -53, 110, -62, 48, 16, -4, -107, -56, -41, 42, 54, -12, 80, 85, 21, -127, 67, 31, -57, 22, -87, -12, 3, 92, 123, -109, 88, -8, 37, -81, -95, -16, -9, 93, 7, 56, -108, 82, -119, 10, 113, -14, 99, 102, 103, 102, 87, -10, 100, -74, 113, -74, 90, 67, 66, 19, 124, -61, -58, 124, -60, 42, -16, 42, 104, -29, -69, -122, 125, 44, 94, -22, 123, 86, 97, -106, 94, 75, 27, 60, 52, -52, 7, 54, -101, 78, 22, -37, 8, 88, 81, -87, -57, -122, -11, 57, -57, 7, 33, 80, -11, -32, 36, -14, 16, -63, 19, -46, -122, -28, 100, -90, 99, -22, 68, -108, 106, 41, 59, 16, -73, -93, -47, -99, 80, -63, 103, -16, -71, -50, 69, -125, 77, 39, 79, -48, -54, -107, -51, -43, -29, -18, -66, 72, 55, 76, -58, 104, -115, -110, -103, 82, -119, -75, -41, 71, -94, -11, 94, -112, 39, -80, 3, 7, 123, 19, -15, -122, 8, -84, 122, -34, -112, -54, -82, 27, 66, -111, -119, 51, 28, -114, 11, -53, -103, -22, -34, 104, 46, -55, 104, -8, 87, -76, -48, -74, 70, -127, 14, 106, -27, -88, -124, 67, 81, -43, -96, -21, -104, -120, -104, -78, -127, 125, -50, -71, 76, -7, 85, 58, 18, 20, 68, -98, 19, -118, -126, -92, -7, 37, -34, -121, -79, -88, -112, -32, 44, -61, 66, -68, -56, -15, -88, 91, -116, 9, -92, -58, 30, 32, 59, -53, -79, -105, 9, -12, 123, 78, -12, -104, 126, -121, -40, 88, -15, -125, 112, -59, 28, 121, 107, 79, 76, -95, 4, 24, -112, 107, 78, -128, 86, -18, -92, -15, -89, -36, -65, 66, 90, 126, -122, -80, -68, -98, 127, 113, 24, -10, 127, -39, 15, 32, -118, 97, 25, 31, 114, -120, -31, 123, 79, -65, 1, 80, 75, 7, 8, 122, -108, -54, 113, 59, 1, 0, 0, 28, 4, 0, 0, 80, 75, 3, 4, 20, 0, 8, 8, 8, 0, 33, 25, -74, 88, 0, 0, 0, 0, 0, 0, 0, 0, 0, 0, 0, 0, 11, 0, 0, 0, 95, 114, 101, 108, 115, 47, 46, 114, 101, 108, 115, -83, -110, -63, 106, -61, 48, 12, -122, 95, -59, -24, -34, 56, -19, 96, -116, 81, -73, -105, 50, -24, 109, -116, -18, 1, 52, 91, 73, 76, 98, -53, -40, -38, -106, -67, -3, -52, 46, 91, 75, 10, 27, -20, 40, 36, 125, -1, 7, -46, 118, 63, -121, 73, -67, 81, 46, -98, -93, -127, 117, -45, -126, -94, 104, -39, -7, -40, 27, 120, 62, 61, -84, -18, 64, 21, -63, -24, 112, -30, 72, 6, 34, -61, 126, -73, 125, -94, 9, -91, 110, -108, -63, -89, -94, 42, 34, 22, 3, -125, 72, -70, -41, -70, -40, -127, 2, -106, -122, 19, -59, -38, -23, 56, 7, -108, 90, -26, 94, 39, -76, 35, -10, -92, 55, 109, 123, -85, -13, 79, 6, -100, 51, -43, -47, 25, -56, 71, -73, 6, 117, -62, -36, -109, 24, -104, 39, -3, -50, 121, 124, 97, 30, -101, -118, -83, -115, -113, 68, -65, 9, -27, -82, -13, -106, 14, 108, 95, 3, 69, 89, -56, -66, -104, 0, -67, -20, -78, -7, 118, 113, 108, 31, 51, -41, 77, 76, -23, -65, 101, 104, 22, -118, -114, -36, 42, -43, 4, -54, -30, -87, 92, 51, -70, 89, 48, -78, -100, -23, 111, 74, -41, -113, -94, 3, 9, 58, 20, -4, -94, 94, 8, -23, -77, 31, -40, 125, 2, 80, 75, 7, 8, -89, -116, 122, -67, -29, 0, 0, 0, 73, 2, 0, 0, 80, 75, 3, 4, 20, 0, 8, 8, 8, 0, 33, 25, -74, 88, 0, 0, 0, 0, 0, 0, 0, 0, 0, 0, 0, 0, 16, 0, 0, 0, 100, 111, 99, 80, 114, 111, 112, 115, 47, 97, 112, 112, 46, 120, 109, 108, 77, -114, -63, 10, -62, 48, 16, 68, -17, -126, -1, 16, 114, 111, -73, 122, 16, -111, 52, -91, 32, -126, 39, 123, -48, 15, 8, -23, -42, 6, -102, 77, 72, 86, -23, -25, -101, -109, 122, -100, 25, -26, -15, 84, -73, -6, 69, -68, 49, 101, 23, -88, -107, -69, -70, -111, 2, -55, -122, -47, -47, -77, -107, -113, -5, -91, 58, -54, 78, 111, 55, 106, 72, 33, 98, 98, -121, 89, -108, 7, -27, 86, -50, -52, -15, 4, -112, -19, -116, -34, -28, -70, -52, 84, -106, 41, 36, 111, -72, -60, -12, -124, 48, 77, -50, -30, 57, -40, -105, 71, 98, -40, 55, -51, 1, 112, 101, -92, 17, -57, 42, 126, -127, 82, -85, 62, -58, -59, 89, -61, 69, 66, -9, -47, 20, -92, 24, 110, 87, 5, -1, -67, -126, -97, -125, -2, 0, 80, 75, 7, 8, 54, 110, -125, 33, -109, 0, 0, 0, -72, 0, 0, 0, 80, 75, 3, 4, 20, 0, 8, 8, 8, 0, 33, 25, -74, 88, 0, 0, 0, 0, 0, 0, 0, 0, 0, 0, 0, 0, 17, 0, 0, 0, 100, 111, 99, 80, 114, 111, 112, 115, 47, 99, 111, 114, 101, 46, 120, 109, 108, 109, -112, -35, 74, -60, 48, 16, 70, 95, -91, -28, -66, -99, 52, -85, -94, -95, -19, 34, -54, -126, -96, -72, -32, -54, -118, 119, 33, 25, -37, 98, -13, 67, 18, -19, -6, -10, -90, 117, -83, -96, -34, 37, -7, -50, 28, 38, 95, -75, 62, -24, 33, 123, 71, 31, 122, 107, 106, 82, 22, -108, 100, 104, -92, 85, -67, 105, 107, -14, -72, -37, -28, -25, 36, 11, 81, 24, 37, 6, 107, -80, 38, -58, -110, 117, 83, 73, -57, -91, -11, -72, -11, -42, -95, -113, 61, -122, 44, 105, 76, -32, -46, -43, -92, -117, -47, 113, -128, 32, 59, -44, 34, 20, -119, 48, 41, 124, -79, 94, -117, -104, -82, -66, 5, 39, -28, -85, 104, 17, 24, -91, 103, -96, 49, 10, 37, -94, -128, 73, -104, -69, -59, 72, -114, 74, 37, 23, -91, 123, -13, -61, 44, 80, 18, 112, 64, -115, 38, 6, 40, -117, 18, 126, -40, -120, 94, -121, 127, 7, -26, 100, 33, 15, -95, 95, -88, 113, 28, -117, 113, 53, 115, 105, -93, 18, -98, -18, 110, 31, -26, -27, -13, -34, 76, 95, -105, 72, -102, -22, -88, -26, -46, -93, -120, -88, -78, 36, -32, -15, -61, -91, 70, -66, -109, -3, -22, -22, 122, -73, 33, 13, -93, -20, 36, -89, -89, 57, 99, 59, -54, 56, -67, -32, -108, 61, 87, -16, 107, 126, 18, 126, -99, -83, 111, 46, 83, 33, 29, 102, -37, -5, -101, -119, 91, -98, 43, -8, 83, 115, -13, 9, 80, 75, 7, 8, -59, 58, -21, -49, 5, 1, 0, 0, -80, 1, 0, 0, 80, 75, 3, 4, 20, 0, 8, 8, 8, 0, 33, 25, -74, 88, 0, 0, 0, 0, 0, 0, 0, 0, 0, 0, 0, 0, 20, 0, 0, 0, 120, 108, 47, 115, 104, 97, 114, 101, 100, 83, 116, 114, 105, 110, 103, 115, 46, 120, 109, 108, 61, -116, 65, 10, -62, 48, 16, 0, -17, -126, 127, 8, 123, -73, -119, 30, 68, -92, 105, 15, -126, 47, -48, 7, -124, 116, 109, 2, -51, 38, 102, 55, -30, -13, -51, -55, -29, 48, -61, -116, -13, 55, 109, -22, -125, -107, 99, 38, 11, -57, -63, -128, 66, -14, 121, -119, -76, 90, 120, 62, -18, -121, 11, -52, -45, 126, 55, 50, -117, -14, -71, -111, 88, -24, 73, -93, -8, 110, 120, -5, 115, -97, 16, 91, 8, 34, -27, -86, 53, -5, -128, -55, -15, -112, 11, 82, 55, -81, 92, -109, -109, -114, 117, -43, 92, 42, -70, -123, 3, -94, -92, 77, -97, -116, 57, -21, -28, 34, -127, -98, 126, 80, 75, 7, 8, 104, -81, -73, -114, 121, 0, 0, 0, -118, 0, 0, 0, 80, 75, 3, 4, 20, 0, 8, 8, 8, 0, 33, 25, -74, 88, 0, 0, 0, 0, 0, 0, 0, 0, 0, 0, 0, 0, 13, 0, 0, 0, 120, 108, 47, 115, 116, 121, 108, 101, 115, 46, 120, 109, 108, -91, -110, -79, 110, -61, 32, 16, -122, -9, 74, 125, 7, -60, -34, -32, 100, -88, -94, -54, 38, 67, 37, 87, -99, -109, 74, 93, -119, 57, -37, -88, 112, 88, 64, 34, -69, 79, 95, 48, 78, -109, 76, 29, 58, -35, -35, -49, -3, 31, -121, -49, -27, 110, 52, -102, -100, -63, 121, 101, -79, -94, -21, 85, 65, 9, 96, 99, -91, -62, -82, -94, 31, -121, -6, 105, 75, 119, -4, -15, -95, -12, 97, -46, -80, -17, 1, 2, -119, 14, -12, 21, -19, 67, 24, 94, 24, -13, 77, 15, 70, -8, -107, 29, 0, -29, 73, 107, -99, 17, 33, -106, -82, 99, 126, 112, 32, -92, 79, 38, -93, -39, -90, 40, -98, -103, 17, 10, 41, 47, -15, 100, 106, 19, 60, 105, -20, 9, 67, 69, 11, -54, 120, -39, 90, -68, 42, 107, -102, 5, 94, -6, 111, 114, 22, 58, 42, 105, -74, -40, -42, 88, 109, 29, 81, 40, 97, 4, 89, -47, 109, -46, 80, 24, -56, 93, -81, 66, -85, -93, 83, 51, 79, 24, -91, -89, 44, 111, -110, 48, 79, -70, -12, 25, -123, -42, 37, -111, -27, 91, -26, -32, -93, 73, 105, -3, 59, -60, -122, 102, -127, -105, -125, 8, 1, 28, -42, -79, 32, 75, 126, -104, 6, -88, 40, 90, -124, -116, -103, -5, -2, -24, -106, -62, 125, -67, 57, 49, -35, 56, -26, 16, 47, 62, 90, 39, -29, 22, 110, -33, -97, 37, 94, 106, 104, 67, 52, 56, -43, -11, 41, 6, 59, -80, 116, 24, -126, 53, 49, -111, 74, 116, 22, -123, 78, -56, -117, 99, 73, 34, -74, 1, -83, -9, 105, 117, -97, -19, 29, 123, 108, 73, -34, -63, -69, 76, -97, -97, -92, -25, 95, -46, 56, -48, -110, 102, 76, 46, 18, -1, -106, -106, -39, -1, -58, -110, -79, -67, -25, -49, 104, 118, -3, -35, -8, 15, 80, 75, 7, 8, -82, -111, -109, -42, 69, 1, 0, 0, -93, 2, 0, 0, 80, 75, 3, 4, 20, 0, 8, 8, 8, 0, 33, 25, -74, 88, 0, 0, 0, 0, 0, 0, 0, 0, 0, 0, 0, 0, 15, 0, 0, 0, 120, 108, 47, 119, 111, 114, 107, 98, 111, 111, 107, 46, 120, 109, 108, -115, -114, -51, 78, -61, 48, 16, -124, -17, 72, -68, -125, -75, 119, 106, 7, 16, -126, 40, 78, 47, 21, 82, 111, 28, 2, -9, -83, -77, 105, -84, -58, 63, 90, -101, -106, -57, -57, 73, 21, -32, -56, 105, 53, -102, 111, 103, -90, -39, 126, -71, 73, -100, -119, -109, 13, 94, 67, -75, 81, 32, -56, -101, -48, 91, 127, -44, -16, -34, -67, -34, 61, -61, -74, -67, -67, 105, 46, -127, 79, -121, 16, 78, -94, -16, 62, 105, 24, 115, -114, -75, -108, -55, -116, -28, 48, 109, 66, 36, 95, -100, 33, -80, -61, 92, 36, 31, 101, -118, 76, -40, -89, -111, 40, -69, 73, -34, 43, -11, 36, 29, 90, 15, -41, -124, -102, -1, -109, 17, -122, -63, 26, -38, 5, -13, -23, -56, -25, 107, 8, -45, -124, -71, -84, 77, -93, -115, 9, -38, -97, 101, 111, 44, 122, -52, 84, -67, -88, 71, 13, 3, 78, -119, 64, -74, -51, -20, 124, 88, -70, -92, 95, 112, -106, 2, 77, -74, 103, -22, -16, -96, 65, -51, -100, -4, 3, 46, -101, -41, 43, 60, 58, -46, -48, -111, -117, -91, -105, 64, 112, 109, 123, 13, -68, -17, 31, 64, 44, -60, -66, -56, 106, -55, 88, 31, -27, 90, -43, 126, 3, 80, 75, 7, 8, 23, 69, 52, -47, -36, 0, 0, 0, 96, 1, 0, 0, 80, 75, 3, 4, 20, 0, 8, 8, 8, 0, 33, 25, -74, 88, 0, 0, 0, 0, 0, 0, 0, 0, 0, 0, 0, 0, 26, 0, 0, 0, 120, 108, 47, 95, 114, 101, 108, 115, 47, 119, 111, 114, 107, 98, 111, 111, 107, 46, 120, 109, 108, 46, 114, 101, 108, 115, -83, -111, 77, 107, -61, 48, 12, 64, -1, -118, -47, 125, 113, -46, -63, 24, -93, 110, 47, 99, -48, -21, -42, -3, 0, 99, 43, 113, 104, 34, 25, 75, -5, -24, -65, -97, -69, -61, -42, 64, 7, 59, -12, 36, -116, -16, 123, 15, -76, -34, 126, -50, -109, 121, -57, 34, 35, -109, -125, -82, 105, -63, 32, 5, -114, 35, 13, 14, 94, -9, 79, 55, -9, 96, 68, 61, 69, 63, 49, -95, 3, 98, -40, 110, -42, -49, 56, 121, -83, 63, 36, -115, 89, 76, 69, -112, 56, 72, -86, -7, -63, 90, 9, 9, 103, 47, 13, 103, -92, -70, -23, -71, -52, 94, -21, -77, 12, 54, -5, 112, -16, 3, -38, 85, -37, -34, -39, 114, -50, -128, 37, -45, -20, -94, -125, -78, -117, 29, -104, -67, 47, 3, -86, 3, 73, -66, 96, 124, -47, 82, -53, -92, -87, -32, -70, 58, 102, -4, -113, -106, -5, 126, 12, -8, -56, -31, 109, 70, -46, 11, 118, -69, -128, -125, -67, 28, -77, 58, -117, -47, -29, -124, -41, -81, -8, -90, -2, -91, -65, -3, -43, 127, 112, 57, 72, 66, -44, 83, 121, 29, -35, -75, 75, 126, 4, -89, 24, -69, -72, -10, -26, 11, 80, 75, 7, 8, -122, 3, 59, -111, -44, 0, 0, 0, 51, 2, 0, 0, 80, 75, 3, 4, 20, 0, 8, 8, 8, 0, 33, 25, -74, 88, 0, 0, 0, 0, 0, 0, 0, 0, 0, 0, 0, 0, 24, 0, 0, 0, 120, 108, 47, 119, 111, 114, 107, 115, 104, 101, 101, 116, 115, 47, 115, 104, 101, 101, 116, 49, 46, 120, 109, 108, 101, 80, 77, 75, -60, 64, 12, -67, 11, -2, -121, 33, 119, 59, 93, 101, 85, -92, -19, 34, -56, -94, 7, 65, -4, -70, 79, -37, -76, 29, -74, 51, 41, -103, -84, -11, -25, 59, -45, -43, 85, -16, -106, -105, -28, -27, -67, -105, 98, -13, -23, 70, -11, -127, 28, 44, -7, 18, 86, 89, 14, 10, 125, 67, -83, -11, 125, 9, 111, -81, -37, -77, 107, -40, 84, -89, 39, -59, 76, -68, 11, 3, -94, -88, 72, -16, -95, -124, 65, 100, -70, -47, 58, 52, 3, 58, 19, 50, -102, -48, -57, 73, 71, -20, -116, 68, -56, -67, 14, 19, -93, 105, 23, -110, 27, -11, 121, -98, 95, 106, 103, -84, -121, -86, 104, -83, 67, -97, 20, 21, 99, 87, -62, -19, 10, 116, 85, 44, -117, -17, 22, -25, -16, -89, 86, 73, -73, 38, -38, 37, -16, -48, -106, 16, -3, -119, -87, 95, 112, -60, 70, 48, 98, -31, 61, 38, -74, -2, 71, -33, 46, 86, -98, 88, -75, -40, -103, -3, 40, -49, 52, -33, -93, -19, 7, -119, 49, -41, 49, -25, -113, -28, -99, 17, 83, 21, 76, -77, -30, 56, -7, -67, 117, -24, 79, -90, -57, 71, -61, -67, -11, 65, -43, 36, 66, 46, 122, -56, -82, -42, -96, 58, 34, 65, 78, -24, 2, -44, 16, -109, 30, -63, -120, -99, 44, 91, -96, -8, 32, -72, -44, 66, -45, 55, 55, 105, 28, 31, 90, 125, 1, 80, 75, 7, 8, -83, 105, 71, 50, -5, 0, 0, 0, -124, 1, 0, 0, 80, 75, 1, 2, 20, 0, 20, 0, 8, 8, 8, 0, 33, 25, -74, 88, 122, -108, -54, 113, 59, 1, 0, 0, 28, 4, 0, 0, 19, 0, 0, 0, 0, 0, 0, 0, 0, 0, 0, 0, 0, 0, 0, 0, 0, 0, 91, 67, 111, 110, 116, 101, 110, 116, 95, 84, 121, 112, 101, 115, 93, 46, 120, 109, 108, 80, 75, 1, 2, 20, 0, 20, 0, 8, 8, 8, 0, 33, 25, -74, 88, -89, -116, 122, -67, -29, 0, 0, 0, 73, 2, 0, 0, 11, 0, 0, 0, 0, 0, 0, 0, 0, 0, 0, 0, 0, 0, 124, 1, 0, 0, 95, 114, 101, 108, 115, 47, 46, 114, 101, 108, 115, 80, 75, 1, 2, 20, 0, 20, 0, 8, 8, 8, 0, 33, 25, -74, 88, 54, 110, -125, 33, -109, 0, 0, 0, -72, 0, 0, 0, 16, 0, 0, 0, 0, 0, 0, 0, 0, 0, 0, 0, 0, 0, -104, 2, 0, 0, 100, 111, 99, 80, 114, 111, 112, 115, 47, 97, 112, 112, 46, 120, 109, 108, 80, 75, 1, 2, 20, 0, 20, 0, 8, 8, 8, 0, 33, 25, -74, 88, -59, 58, -21, -49, 5, 1, 0, 0, -80, 1, 0, 0, 17, 0, 0, 0, 0, 0, 0, 0, 0, 0, 0, 0, 0, 0, 105, 3, 0, 0, 100, 111, 99, 80, 114, 111, 112, 115, 47, 99, 111, 114, 101, 46, 120, 109, 108, 80, 75, 1, 2, 20, 0, 20, 0, 8, 8, 8, 0, 33, 25, -74, 88, 104, -81, -73, -114, 121, 0, 0, 0, -118, 0, 0, 0, 20, 0, 0, 0, 0, 0, 0, 0, 0, 0, 0, 0, 0, 0, -83, 4, 0, 0, 120, 108, 47, 115, 104, 97, 114, 101, 100, 83, 116, 114, 105, 110, 103, 115, 46, 120, 109, 108, 80, 75, 1, 2, 20, 0, 20, 0, 8, 8, 8, 0, 33, 25, -74, 88, -82, -111, -109, -42, 69, 1, 0, 0, -93, 2, 0, 0, 13, 0, 0, 0, 0, 0, 0, 0, 0, 0, 0, 0, 0, 0, 104, 5, 0, 0, 120, 108, 47, 115, 116, 121, 108, 101, 115, 46, 120, 109, 108, 80, 75, 1, 2, 20, 0, 20, 0, 8, 8, 8, 0, 33, 25, -74, 88, 23, 69, 52, -47, -36, 0, 0, 0, 96, 1, 0, 0, 15, 0, 0, 0, 0, 0, 0, 0, 0, 0, 0, 0, 0, 0, -24, 6, 0, 0, 120, 108, 47, 119, 111, 114, 107, 98, 111, 111, 107, 46, 120, 109, 108, 80, 75, 1, 2, 20, 0, 20, 0, 8, 8, 8, 0, 33, 25, -74, 88, -122, 3, 59, -111, -44, 0, 0, 0, 51, 2, 0, 0, 26, 0, 0, 0, 0, 0, 0, 0, 0, 0, 0, 0, 0, 0, 1, 8, 0, 0, 120, 108, 47, 95, 114, 101, 108, 115, 47, 119, 111, 114, 107, 98, 111, 111, 107, 46, 120, 109, 108, 46, 114, 101, 108, 115, 80, 75, 1, 2, 20, 0, 20, 0, 8, 8, 8, 0, 33, 25, -74, 88, -83, 105, 71, 50, -5, 0, 0, 0, -124, 1, 0, 0, 24, 0, 0, 0, 0, 0, 0, 0, 0, 0, 0, 0, 0, 0, 29, 9, 0, 0, 120, 108, 47, 119, 111, 114, 107, 115, 104, 101, 101, 116, 115, 47, 115, 104, 101, 101, 116, 49, 46, 120, 109, 108, 80, 75, 5, 6, 0, 0, 0, 0, 9, 0, 9, 0, 63, 2, 0, 0, 94, 10, 0, 0, 0, 0}> but was:<{80, 75, 3, 4, 20, 0, 8, 8, 8, 0, 33, 25, -74, 88, 0, 0, 0, 0, 0, 0, 0, 0, 0, 0, 0, 0, 19, 0, 0, 0, 91, 67, 111, 110, 116, 101, 110, 116, 95, 84, 121, 112, 101, 115, 93, 46, 120, 109, 108, -75, 83, -53, 110, -62, 48, 16, -4, -107, -56, -41, 42, 54, -12, 80, 85, 21, -127, 67, 31, -57, 22, -87, -12, 3, 92, 123, -109, 88, -8, 37, -81, -95, -16, -9, 93, 7, 56, -108, 82, -119, 10, 113, -14, 99, 102, 103, 102, 87, -10, 100, -74, 113, -74, 90, 67, 66, 19, 124, -61, -58, 124, -60, 42, -16, 42, 104, -29, -69, -122, 125, 44, 94, -22, 123, 86, 97, -106, 94, 75, 27, 60, 52, -52, 7, 54, -101, 78, 22, -37, 8, 88, 81, -87, -57, -122, -11, 57, -57, 7, 33, 80, -11, -32, 36, -14, 16, -63, 19, -46, -122, -28, 100, -90, 99, -22, 68, -108, 106, 41, 59, 16, -73, -93, -47, -99, 80, -63, 103, -16, -71, -50, 69, -125, 77, 39, 79, -48, -54, -107, -51, -43, -29, -18, -66, 72, 55, 76, -58, 104, -115, -110, -103, 82, -119, -75, -41, 71, -94, -11, 94, -112, 39, -80, 3, 7, 123, 19, -15, -122, 8, -84, 122, -34, -112, -54, -82, 27, 66, -111, -119, 51, 28, -114, 11, -53, -103, -22, -34, 104, 46, -55, 104, -8, 87, -76, -48, -74, 70, -127, 14, 106, -27, -88, -124, 67, 81, -43, -96, -21, -104, -120, -104, -78, -127, 125, -50, -71, 76, -7, 85, 58, 18, 20, 68, -98, 19, -118, -126, -92, -7, 37, -34, -121, -79, -88, -112, -32, 44, -61, 66, -68, -56, -15, -88, 91, -116, 9, -92, -58, 30, 32, 59, -53, -79, -105, 9, -12, 123, 78, -12, -104, 126, -121, -40, 88, -15, -125, 112, -59, 28, 121, 107, 79, 76, -95, 4, 24, -112, 107, 78, -128, 86, -18, -92, -15, -89, -36, -65, 66, 90, 126, -122, -80, -68, -98, 127, 113, 24, -10, 127, -39, 15, 32, -118, 97, 25, 31, 114, -120, -31, 123, 79, -65, 1, 80, 75, 7, 8, 122, -108, -54, 113, 59, 1, 0, 0, 28, 4, 0, 0, 80, 75, 3, 4, 20, 0, 8, 8, 8, 0, 33, 25, -74, 88, 0, 0, 0, 0, 0, 0, 0, 0, 0, 0, 0, 0, 11, 0, 0, 0, 95, 114, 101, 108, 115, 47, 46, 114, 101, 108, 115, -83, -110, -63, 106, -61, 48, 12, -122, 95, -59, -24, -34, 56, -19, 96, -116, 81, -73, -105, 50, -24, 109, -116, -18, 1, 52, 91, 73, 76, 98, -53, -40, -38, -106, -67, -3, -52, 46, 91, 75, 10, 27, -20, 40, 36, 125, -1, 7, -46, 118, 63, -121, 73, -67, 81, 46, -98, -93, -127, 117, -45, -126, -94, 104, -39, -7, -40, 27, 120, 62, 61, -84, -18, 64, 21, -63, -24, 112, -30, 72, 6, 34, -61, 126, -73, 125, -94, 9, -91, 110, -108, -63, -89, -94, 42, 34, 22, 3, -125, 72, -70, -41, -70, -40, -127, 2, -106, -122, 19, -59, -38, -23, 56, 7, -108, 90, -26, 94, 39, -76, 35, -10, -92, 55, 109, 123, -85, -13, 79, 6, -100, 51, -43, -47, 25, -56, 71, -73, 6, 117, -62, -36, -109, 24, -104, 39, -3, -50, 121, 124, 97, 30, -101, -118, -83, -115, -113, 68, -65, 9, -27, -82, -13, -106, 14, 108, 95, 3, 69, 89, -56, -66, -104, 0, -67, -20, -78, -7, 118, 113, 108, 31, 51, -41, 77, 76, -23, -65, 101, 104, 22, -118, -114, -36, 42, -43, 4, -54, -30, -87, 92, 51, -70, 89, 48, -78, -100, -23, 111, 74, -41, -113, -94, 3, 9, 58, 20, -4, -94, 94, 8, -23, -77, 31, -40, 125, 2, 80, 75, 7, 8, -89, -116, 122, -67, -29, 0, 0, 0, 73, 2, 0, 0, 80, 75, 3, 4, 20, 0, 8, 8, 8, 0, 33, 25, -74, 88, 0, 0, 0, 0, 0, 0, 0, 0, 0, 0, 0, 0, 16, 0, 0, 0, 100, 111, 99, 80, 114, 111, 112, 115, 47, 97, 112, 112, 46, 120, 109, 108, 77, -114, -63, 10, -62, 48, 16, 68, -17, -126, -1, 16, 114, 111, -73, 122, 16, -111, 52, -91, 32, -126, 39, 123, -48, 15, 8, -23, -42, 6, -102, 77, 72, 86, -23, -25, -101, -109, 122, -100, 25, -26, -15, 84, -73, -6, 69, -68, 49, 101, 23, -88, -107, -69, -70, -111, 2, -55, -122, -47, -47, -77, -107, -113, -5, -91, 58, -54, 78, 111, 55, 106, 72, 33, 98, 98, -121, 89, -108, 7, -27, 86, -50, -52, -15, 4, -112, -19, -116, -34, -28, -70, -52, 84, -106, 41, 36, 111, -72, -60, -12, -124, 48, 77, -50, -30, 57, -40, -105, 71, 98, -40, 55, -51, 1, 112, 101, -92, 17, -57, 42, 126, -127, 82, -85, 62, -58, -59, 89, -61, 69, 66, -9, -47, 20, -92, 24, 110, 87, 5, -1, -67, -126, -97, -125, -2, 0, 80, 75, 7, 8, 54, 110, -125, 33, -109, 0, 0, 0, -72, 0, 0, 0, 80, 75, 3, 4, 20, 0, 8, 8, 8, 0, 33, 25, -74, 88, 0, 0, 0, 0, 0, 0, 0, 0, 0, 0, 0, 0, 17, 0, 0, 0, 100, 111, 99, 80, 114, 111, 112, 115, 47, 99, 111, 114, 101, 46, 120, 109, 108, 109, -112, -35, 74, -60, 48, 16, 70, 95, -91, -28, -66, -99, 52, -85, -94, -95, -19, 34, -54, -126, -96, -72, -32, -54, -118, 119, 33, 25, -37, 98, -13, 67, 18, -19, -6, -10, -90, 117, -83, -96, -34, 37, -7, -50, 28, 38, 95, -75, 62, -24, 33, 123, 71, 31, 122, 107, 106, 82, 22, -108, 100, 104, -92, 85, -67, 105, 107, -14, -72, -37, -28, -25, 36, 11, 81, 24, 37, 6, 107, -80, 38, -58, -110, 117, 83, 73, -57, -91, -11, -72, -11, -42, -95, -113, 61, -122, 44, 105, 76, -32, -46, -43, -92, -117, -47, 113, -128, 32, 59, -44, 34, 20, -119, 48, 41, 124, -79, 94, -117, -104, -82, -66, 5, 39, -28, -85, 104, 17, 24, -91, 103, -96, 49, 10, 37, -94, -128, 73, -104, -69, -59, 72, -114, 74, 37, 23, -91, 123, -13, -61, 44, 80, 18, 112, 64, -115, 38, 6, 40, -117, 18, 126, -40, -120, 94, -121, 127, 7, -26, 100, 33, 15, -95, 95, -88, 113, 28, -117, 113, 53, 115, 105, -93, 18, -98, -18, 110, 31, -26, -27, -13, -34, 76, 95, -105, 72, -102, -22, -88, -26, -46, -93, -120, -88, -78, 36, -32, -15, -61, -91, 70, -66, -109, -3, -22, -22, 122, -73, 33, 13, -93, -20, 36, -89, -89, 57, 99, 59, -54, 56, -67, -32, -108, 61, 87, -16, 107, 126, 18, 126, -99, -83, 111, 46, 83, 33, 29, 102, -37, -5, -101, -119, 91, -98, 43, -8, 83, 115, -13, 9, 80, 75, 7, 8, -59, 58, -21, -49, 5, 1, 0, 0, -80, 1, 0, 0, 80, 75, 3, 4, 20, 0, 8, 8, 8, 0, 33, 25, -74, 88, 0, 0, 0, 0, 0, 0, 0, 0, 0, 0, 0, 0, 20, 0, 0, 0, 120, 108, 47, 115, 104, 97, 114, 101, 100, 83, 116, 114, 105, 110, 103, 115, 46, 120, 109, 108, 125, -47, 77, 106, -61, 48, 16, 5, -32, 125, -95, 119, 16, -38, 39, -78, -99, -92, -108, 34, 43, -117, -112, -84, 10, -91, -112, 30, 64, 56, 83, 91, 96, -3, 68, 51, 14, -18, -19, -85, -112, 64, -118, 77, -75, -44, 123, 51, 31, 3, -110, -37, -47, -10, -20, 2, 17, -115, 119, 53, 47, -105, 5, 103, -32, 26, 127, 50, -82, -83, -7, -41, -15, -80, 120, -27, 91, -11, -4, 36, 17, -119, 53, 126, 112, -108, -122, 54, -100, 13, -50, -100, 7, -40, 61, -126, -60, 56, -84, 121, 71, 20, -34, -124, -64, -90, 3, -85, 113, -23, 3, -72, -44, 124, -5, 104, 53, -91, 103, 108, 5, -122, 8, -6, -124, 29, 0, -39, 94, 84, 69, -15, 34, -84, 54, -114, 43, -119, 70, 73, 82, -97, 3, 32, -91, 99, -92, 32, 37, -59, 53, -69, -27, 59, 77, -48, -6, -8, 51, -51, -33, -31, 2, -3, 52, -4, 8, 87, -126, -107, -20, 8, 35, -51, 36, 31, 35, 52, -60, -54, 105, -79, 31, 67, -81, -99, -66, -83, -2, 67, 86, 89, -78, -54, -111, -77, -14, 78, -82, -78, -28, 42, 71, -50, -54, 59, -71, -50, -110, -21, 28, -7, -89, 20, -23, -45, -43, 47, 80, 75, 7, 8, -113, -51, 96, 67, -38, 0, 0, 0, 34, 2, 0, 0, 80, 75, 3, 4, 20, 0, 8, 8, 8, 0, 33, 25, -74, 88, 0, 0, 0, 0, 0, 0, 0, 0, 0, 0, 0, 0, 13, 0, 0, 0, 120, 108, 47, 115, 116, 121, 108, 101, 115, 46, 120, 109, 108, -91, -110, -79, 110, -61, 32, 16, -122, -9, 74, 125, 7, -60, -34, -32, 100, -88, -94, -54, 38, 67, 37, 87, -99, -109, 74, 93, -119, 57, -37, -88, 112, 88, 64, 34, -69, 79, 95, 48, 78, -109, 76, 29, 58, -35, -35, -49, -3, 31, -121, -49, -27, 110, 52, -102, -100, -63, 121, 101, -79, -94, -21, 85, 65, 9, 96, 99, -91, -62, -82, -94, 31, -121, -6, 105, 75, 119, -4, -15, -95, -12, 97, -46, -80, -17, 1, 2, -119, 14, -12, 21, -19, 67, 24, 94, 24, -13, 77, 15, 70, -8, -107, 29, 0, -29, 73, 107, -99, 17, 33, -106, -82, 99, 126, 112, 32, -92, 79, 38, -93, -39, -90, 40, -98, -103, 17, 10, 41, 47, -15, 100, 106, 19, 60, 105, -20, 9, 67, 69, 11, -54, 120, -39, 90, -68, 42, 107, -102, 5, 94, -6, 111, 114, 22, 58, 42, 105, -74, -40, -42, 88, 109, 29, 81, 40, 97, 4, 89, -47, 109, -46, 80, 24, -56, 93, -81, 66, -85, -93, 83, 51, 79, 24, -91, -89, 44, 111, -110, 48, 79, -70, -12, 25, -123, -42, 37, -111, -27, 91, -26, -32, -93, 73, 105, -3, 59, -60, -122, 102, -127, -105, -125, 8, 1, 28, -42, -79, 32, 75, 126, -104, 6, -88, 40, 90, -124, -116, -103, -5, -2, -24, -106, -62, 125, -67, 57, 49, -35, 56, -26, 16, 47, 62, 90, 39, -29, 22, 110, -33, -97, 37, 94, 106, 104, 67, 52, 56, -43, -11, 41, 6, 59, -80, 116, 24, -126, 53, 49, -111, 74, 116, 22, -123, 78, -56, -117, 99, 73, 34, -74, 1, -83, -9, 105, 117, -97, -19, 29, 123, 108, 73, -34, -63, -69, 76, -97, -97, -92, -25, 95, -46, 56, -48, -110, 102, 76, 46, 18, -1, -106, -106, -39, -1, -58, -110, -79, -67, -25, -49, 104, 118, -3, -35, -8, 15, 80, 75, 7, 8, -82, -111, -109, -42, 69, 1, 0, 0, -93, 2, 0, 0, 80, 75, 3, 4, 20, 0, 8, 8, 8, 0, 33, 25, -74, 88, 0, 0, 0, 0, 0, 0, 0, 0, 0, 0, 0, 0, 15, 0, 0, 0, 120, 108, 47, 119, 111, 114, 107, 98, 111, 111, 107, 46, 120, 109, 108, -115, -114, -51, 78, -61, 48, 16, -124, -17, 72, -68, -125, -75, 119, 106, 7, 16, -126, 40, 78, 47, 21, 82, 111, 28, 2, -9, -83, -77, 105, -84, -58, 63, 90, -101, -106, -57, -57, 73, 21, -32, -56, 105, 53, -102, 111, 103, -90, -39, 126, -71, 73, -100, -119, -109, 13, 94, 67, -75, 81, 32, -56, -101, -48, 91, 127, -44, -16, -34, -67, -34, 61, -61, -74, -67, -67, 105, 46, -127, 79, -121, 16, 78, -94, -16, 62, 105, 24, 115, -114, -75, -108, -55, -116, -28, 48, 109, 66, 36, 95, -100, 33, -80, -61, 92, 36, 31, 101, -118, 76, -40, -89, -111, 40, -69, 73, -34, 43, -11, 36, 29, 90, 15, -41, -124, -102, -1, -109, 17, -122, -63, 26, -38, 5, -13, -23, -56, -25, 107, 8, -45, -124, -71, -84, 77, -93, -115, 9, -38, -97, 101, 111, 44, 122, -52, 84, -67, -88, 71, 13, 3, 78, -119, 64, -74, -51, -20, 124, 88, -70, -92, 95, 112, -106, 2, 77, -74, 103, -22, -16, -96, 65, -51, -100, -4, 3, 46, -101, -41, 43, 60, 58, -46, -48, -111, -117, -91, -105, 64, 112, 109, 123, 13, -68, -17, 31, 64, 44, -60, -66, -56, 106, -55, 88, 31, -27, 90, -43, 126, 3, 80, 75, 7, 8, 23, 69, 52, -47, -36, 0, 0, 0, 96, 1, 0, 0, 80, 75, 3, 4, 20, 0, 8, 8, 8, 0, 33, 25, -74, 88, 0, 0, 0, 0, 0, 0, 0, 0, 0, 0, 0, 0, 26, 0, 0, 0, 120, 108, 47, 95, 114, 101, 108, 115, 47, 119, 111, 114, 107, 98, 111, 111, 107, 46, 120, 109, 108, 46, 114, 101, 108, 115, -83, -111, 77, 107, -61, 48, 12, 64, -1, -118, -47, 125, 113, -46, -63, 24, -93, 110, 47, 99, -48, -21, -42, -3, 0, 99, 43, 113, 104, 34, 25, 75, -5, -24, -65, -97, -69, -61, -42, 64, 7, 59, -12, 36, -116, -16, 123, 15, -76, -34, 126, -50, -109, 121, -57, 34, 35, -109, -125, -82, 105, -63, 32, 5, -114, 35, 13, 14, 94, -9, 79, 55, -9, 96, 68, 61, 69, 63, 49, -95, 3, 98, -40, 110, -42, -49, 56, 121, -83, 63, 36, -115, 89, 76, 69, -112, 56, 72, -86, -7, -63, 90, 9, 9, 103, 47, 13, 103, -92, -70, -23, -71, -52, 94, -21, -77, 12, 54, -5, 112, -16, 3, -38, 85, -37, -34, -39, 114, -50, -128, 37, -45, -20, -94, -125, -78, -117, 29, -104, -67, 47, 3, -86, 3, 73, -66, 96, 124, -47, 82, -53, -92, -87, -32, -70, 58, 102, -4, -113, -106, -5, 126, 12, -8, -56, -31, 109, 70, -46, 11, 118, -69, -128, -125, -67, 28, -77, 58, -117, -47, -29, -124, -41, -81, -8, -90, -2, -91, -65, -3, -43, 127, 112, 57, 72, 66, -44, 83, 121, 29, -35, -75, 75, 126, 4, -89, 24, -69, -72, -10, -26, 11, 80, 75, 7, 8, -122, 3, 59, -111, -44, 0, 0, 0, 51, 2, 0, 0, 80, 75, 3, 4, 20, 0, 8, 8, 8, 0, 33, 25, -74, 88, 0, 0, 0, 0, 0, 0, 0, 0, 0, 0, 0, 0, 24, 0, 0, 0, 120, 108, 47, 119, 111, 114, 107, 115, 104, 101, 101, 116, 115, 47, 115, 104, 101, 101, 116, 49, 46, 120, 109, 108, 109, -45, -35, 79, -62, 48, 16, 0, -16, 119, 19, -1, -121, -90, -17, -46, 13, 4, -111, 108, 35, 40, 34, -88, -120, -15, -21, -67, 108, -73, -113, -80, -75, 75, 91, -64, 63, -33, 110, 124, 104, -41, -67, -35, -91, -65, -53, -75, -105, -85, 55, -2, 41, 114, -76, 3, 33, 51, -50, 124, -20, 118, 28, -116, -128, -123, 60, -54, 88, -30, -29, -81, -49, -39, -43, 16, -113, -125, -53, 11, 111, -49, -59, 70, -90, 0, 10, -23, 2, 38, 125, -100, 42, 85, -114, 8, -111, 97, 10, 5, -107, 29, 94, 2, -45, 39, 49, 23, 5, 85, 58, 21, 9, -111, -91, 0, 26, -43, 69, 69, 78, -70, -114, 51, 32, 5, -51, 24, 14, -68, 40, 43, -128, 85, 29, -111, -128, -40, -57, 19, 119, -76, 114, 49, 9, -68, -38, 126, 103, -80, -105, -1, 98, 84, -75, 94, 115, -66, -87, -110, 69, -28, 99, 125, 69, 69, -41, 31, -112, 67, -88, 64, -25, 74, 108, -95, -86, 38, 86, -7, -84, -66, -51, -101, 64, 17, -60, 116, -101, -85, 119, -66, -97, 67, -106, -92, 74, -65, -76, -81, -97, 122, 106, 57, -91, -118, 6, -98, -32, 123, 36, -12, -119, -66, 96, 88, 5, 19, 87, 55, -14, -79, -60, 72, 86, 77, 3, 111, 23, 56, 30, -39, -23, 70, -31, 81, -36, -39, -62, 53, -59, -67, 45, -70, -90, -104, -38, -94, 103, -118, 7, 91, 92, -101, 98, 102, -117, -66, 41, 30, 109, 49, 48, -59, -36, 22, 55, -90, 88, -40, 98, 104, -118, 39, 91, -36, -102, -30, -71, 101, 98, -115, -95, -66, -76, -112, -58, 84, -105, 45, -92, 49, -42, -41, 22, -46, -104, -21, -86, -123, -4, 13, -106, -24, 117, 56, -19, -44, 97, 63, 74, -102, -64, -110, -118, 36, 99, 18, -83, -71, 82, -68, -48, 101, -99, -101, 62, 70, 49, -25, 10, 68, -107, -11, 48, 74, -11, -46, -97, -109, 28, 98, 85, 43, -116, -60, 97, -15, -22, 88, -15, -14, 88, 91, -19, -19, -7, 111, 5, -65, 80, 75, 7, 8, 11, -104, -74, 106, 104, 1, 0, 0, -113, 3, 0, 0, 80, 75, 1, 2, 20, 0, 20, 0, 8, 8, 8, 0, 33, 25, -74, 88, 122, -108, -54, 113, 59, 1, 0, 0, 28, 4, 0, 0, 19, 0, 0, 0, 0, 0, 0, 0, 0, 0, 0, 0, 0, 0, 0, 0, 0, 0, 91, 67, 111, 110, 116, 101, 110, 116, 95, 84, 121, 112, 101, 115, 93, 46, 120, 109, 108, 80, 75, 1, 2, 20, 0, 20, 0, 8, 8, 8, 0, 33, 25, -74, 88, -89, -116, 122, -67, -29, 0, 0, 0, 73, 2, 0, 0, 11, 0, 0, 0, 0, 0, 0, 0, 0, 0, 0, 0, 0, 0, 124, 1, 0, 0, 95, 114, 101, 108, 115, 47, 46, 114, 101, 108, 115, 80, 75, 1, 2, 20, 0, 20, 0, 8, 8, 8, 0, 33, 25, -74, 88, 54, 110, -125, 33, -109, 0, 0, 0, -72, 0, 0, 0, 16, 0, 0, 0, 0, 0, 0, 0, 0, 0, 0, 0, 0, 0, -104, 2, 0, 0, 100, 111, 99, 80, 114, 111, 112, 115, 47, 97, 112, 112, 46, 120, 109, 108, 80, 75, 1, 2, 20, 0, 20, 0, 8, 8, 8, 0, 33, 25, -74, 88, -59, 58, -21, -49, 5, 1, 0, 0, -80, 1, 0, 0, 17, 0, 0, 0, 0, 0, 0, 0, 0, 0, 0, 0, 0, 0, 105, 3, 0, 0, 100, 111, 99, 80, 114, 111, 112, 115, 47, 99, 111, 114, 101, 46, 120, 109, 108, 80, 75, 1, 2, 20, 0, 20, 0, 8, 8, 8, 0, 33, 25, -74, 88, -113, -51, 96, 67, -38, 0, 0, 0, 34, 2, 0, 0, 20, 0, 0, 0, 0, 0, 0, 0, 0, 0, 0, 0, 0, 0, -83, 4, 0, 0, 120, 108, 47, 115, 104, 97, 114, 101, 100, 83, 116, 114, 105, 110, 103, 115, 46, 120, 109, 108, 80, 75, 1, 2, 20, 0, 20, 0, 8, 8, 8, 0, 33, 25, -74, 88, -82, -111, -109, -42, 69, 1, 0, 0, -93, 2, 0, 0, 13, 0, 0, 0, 0, 0, 0, 0, 0, 0, 0, 0, 0, 0, -55, 5, 0, 0, 120, 108, 47, 115, 116, 121, 108, 101, 115, 46, 120, 109, 108, 80, 75, 1, 2, 20, 0, 20, 0, 8, 8, 8, 0, 33, 25, -74, 88, 23, 69, 52, -47, -36, 0, 0, 0, 96, 1, 0, 0, 15, 0, 0, 0, 0, 0, 0, 0, 0, 0, 0, 0, 0, 0, 73, 7, 0, 0, 120, 108, 47, 119, 111, 114, 107, 98, 111, 111, 107, 46, 120, 109, 108, 80, 75, 1, 2, 20, 0, 20, 0, 8, 8, 8, 0, 33, 25, -74, 88, -122, 3, 59, -111, -44, 0, 0, 0, 51, 2, 0, 0, 26, 0, 0, 0, 0, 0, 0, 0, 0, 0, 0, 0, 0, 0, 98, 8, 0, 0, 120, 108, 47, 95, 114, 101, 108, 115, 47, 119, 111, 114, 107, 98, 111, 111, 107, 46, 120, 109, 108, 46, 114, 101, 108, 115, 80, 75, 1, 2, 20, 0, 20, 0, 8, 8, 8, 0, 33, 25, -74, 88, 11, -104, -74, 106, 104, 1, 0, 0, -113, 3, 0, 0, 24, 0, 0, 0, 0, 0, 0, 0, 0, 0, 0, 0, 0, 0, 126, 9, 0, 0, 120, 108, 47, 119, 111, 114, 107, 115, 104, 101, 101, 116, 115, 47, 115, 104, 101, 101, 116, 49, 46, 120, 109, 108, 80, 75, 5, 6, 0, 0, 0, 0, 9, 0, 9, 0, 63, 2, 0, 0, 44, 11, 0, 0, 0, 0}>
	at org.springframework.test.util.AssertionErrors.fail(AssertionErrors.java:59)
	at org.springframework.test.util.AssertionErrors.assertEquals(AssertionErrors.java:122)
	at org.springframework.test.web.servlet.result.ContentResultMatchers.lambda$bytes$5(ContentResultMatchers.java:155)
	at org.springframework.test.web.servlet.MockMvc$1.andExpect(MockMvc.java:214)
	at com.quizapplication.quiz.controller.ExcelImportControllerTest.testDownloadTemplate_Success(ExcelImportControllerTest.java:83)
	at java.base/java.lang.reflect.Method.invoke(Method.java:580)
	at java.base/java.util.ArrayList.forEach(ArrayList.java:1597)
	at java.base/java.util.ArrayList.forEach(ArrayList.java:1597)
]]></failure>
    <system-out><![CDATA[2024-05-22 03:09:02 - Spring test ApplicationContext cache statistics: [DefaultContextCache@485c84d7 size = 1, maxSize = 32, parentContextCount = 0, hitCount = 13, missCount = 1, failureCount = 0]
2024-05-22 03:09:02 - Performing dependency injection for test class com.quizapplication.quiz.controller.ExcelImportControllerTest
2024-05-22 03:09:02 - Spring test ApplicationContext cache statistics: [DefaultContextCache@485c84d7 size = 1, maxSize = 32, parentContextCount = 0, hitCount = 14, missCount = 1, failureCount = 0]
2024-05-22 03:09:02 - Spring test ApplicationContext cache statistics: [DefaultContextCache@485c84d7 size = 1, maxSize = 32, parentContextCount = 0, hitCount = 15, missCount = 1, failureCount = 0]
2024-05-22 03:09:02 - Before test method: class [ExcelImportControllerTest], method [testDownloadTemplate_Success], class annotated with @DirtiesContext [false] with mode [null], method annotated with @DirtiesContext [false] with mode [null]
2024-05-22 03:09:02 - Spring test ApplicationContext cache statistics: [DefaultContextCache@485c84d7 size = 1, maxSize = 32, parentContextCount = 0, hitCount = 16, missCount = 1, failureCount = 0]
2024-05-22 03:09:02 - Spring test ApplicationContext cache statistics: [DefaultContextCache@485c84d7 size = 1, maxSize = 32, parentContextCount = 0, hitCount = 17, missCount = 1, failureCount = 0]
2024-05-22 03:09:02 - Spring test ApplicationContext cache statistics: [DefaultContextCache@485c84d7 size = 1, maxSize = 32, parentContextCount = 0, hitCount = 18, missCount = 1, failureCount = 0]
2024-05-22 03:09:02 - Save core properties part
2024-05-22 03:09:02 - Save content types part
2024-05-22 03:09:02 - Save package relationships
2024-05-22 03:09:02 - Save part 'docProps/app.xml'
2024-05-22 03:09:02 - Save part 'docProps/core.xml'
2024-05-22 03:09:02 - Save part 'xl/sharedStrings.xml'
2024-05-22 03:09:02 - Save part 'xl/styles.xml'
2024-05-22 03:09:02 - Save part 'xl/workbook.xml'
2024-05-22 03:09:02 - Save part 'xl/worksheets/sheet1.xml'
2024-05-22 03:09:02 - GET "/api/import/template", parameters={}
2024-05-22 03:09:02 - Mapped to com.quizapplication.quiz.controller.ExcelImportController#downloadTemplate()
2024-05-22 03:09:02 - Save core properties part
2024-05-22 03:09:02 - Save content types part
2024-05-22 03:09:02 - Save package relationships
2024-05-22 03:09:02 - Save part 'docProps/app.xml'
2024-05-22 03:09:02 - Save part 'docProps/core.xml'
2024-05-22 03:09:02 - Save part 'xl/sharedStrings.xml'
2024-05-22 03:09:02 - Save part 'xl/styles.xml'
2024-05-22 03:09:02 - Save part 'xl/workbook.xml'
2024-05-22 03:09:02 - Save part 'xl/worksheets/sheet1.xml'
2024-05-22 03:09:02 - Save content types part
2024-05-22 03:09:02 - Save package relationships
2024-05-22 03:09:02 - Save part 'docProps/app.xml'
2024-05-22 03:09:02 - Save part 'docProps/core.xml'
2024-05-22 03:09:02 - Save part 'xl/sharedStrings.xml'
2024-05-22 03:09:02 - Save part 'xl/styles.xml'
2024-05-22 03:09:02 - Save part 'xl/workbook.xml'
2024-05-22 03:09:02 - Save part 'xl/worksheets/sheet1.xml'
2024-05-22 03:09:02 - Using 'application/octet-stream', given [*/*] and supported [application/octet-stream, */*, application/json, application/*+json]
2024-05-22 03:09:02 - Writing [{80, 75, 3, 4, 20, 0, 8, 8, 8, 0, 33, 25, -74, 88, 0, 0, 0, 0, 0, 0, 0, 0, 0, 0, 0, 0, 19, 0, 0, 0,  (truncated)...]
2024-05-22 03:09:02 - Completed 200 OK
2024-05-22 03:09:02 - Save content types part
2024-05-22 03:09:02 - Save package relationships
2024-05-22 03:09:02 - Save part 'docProps/app.xml'
2024-05-22 03:09:02 - Save part 'docProps/core.xml'
2024-05-22 03:09:02 - Save part 'xl/sharedStrings.xml'
2024-05-22 03:09:02 - Save part 'xl/styles.xml'
2024-05-22 03:09:02 - Save part 'xl/workbook.xml'
2024-05-22 03:09:02 - Save part 'xl/worksheets/sheet1.xml'
2024-05-22 03:09:02 - Spring test ApplicationContext cache statistics: [DefaultContextCache@485c84d7 size = 1, maxSize = 32, parentContextCount = 0, hitCount = 19, missCount = 1, failureCount = 0]
2024-05-22 03:09:02 - Spring test ApplicationContext cache statistics: [DefaultContextCache@485c84d7 size = 1, maxSize = 32, parentContextCount = 0, hitCount = 20, missCount = 1, failureCount = 0]
2024-05-22 03:09:02 - Spring test ApplicationContext cache statistics: [DefaultContextCache@485c84d7 size = 1, maxSize = 32, parentContextCount = 0, hitCount = 21, missCount = 1, failureCount = 0]

MockHttpServletRequest:
      HTTP Method = GET
      Request URI = /api/import/template
       Parameters = {}
          Headers = []
             Body = null
    Session Attrs = {}

Handler:
             Type = com.quizapplication.quiz.controller.ExcelImportController
           Method = com.quizapplication.quiz.controller.ExcelImportController#downloadTemplate()

Async:
    Async started = false
     Async result = null

Resolved Exception:
             Type = null

ModelAndView:
        View name = null
             View = null
            Model = null

FlashMap:
       Attributes = null

MockHttpServletResponse:
           Status = 200
    Error message = null
          Headers = [Content-Disposition:"attachment; filename=template.xlsx", Content-Type:"application/octet-stream", Content-Length:"3457"]
     Content type = application/octet-stream
             Body = PK&amp#3;&amp#4;&amp#20;&amp#0;&amp#8;&amp#8;&amp#8;&amp#0;!&amp#25;¶X&amp#0;&amp#0;&amp#0;&amp#0;&amp#0;&amp#0;&amp#0;&amp#0;&amp#0;&amp#0;&amp#0;&amp#0;&amp#19;&amp#0;&amp#0;&amp#0;[Content_Types].xmlµSËnÂ0&amp#16;üÈ×*6ôPU&amp#21;C&amp#31;Ç&amp#22;©ô&amp#3;\{Xø%¯¡ð÷]&amp#7;8R
qòcfgfWöd¶q¶ZCB&amp#19;|ÃÆ|Ä*ð*hã»},^ê{Va^K&amp#27;<4Ì&amp#7;6N&amp#22;Û&amp#8;XQ©Çõ9Ç&amp#7;!Põà$ò&amp#16;Á&amp#19;Òäd¦cêDj);&amp#16;·£ÑPÁgð¹ÎEM'OÐÊÍÕãî¾H7LÆhRµ×G¢õ^'°&amp#3;&amp#7;{&amp#19;ñ&amp#8;¬zÞÊ®&amp#27;B3&amp#28;&amp#11;ËêÞh.ÉhøW´Ð¶F&amp#14;jå¨CQÕ ë²}Î¹LùU:&amp#18;&amp#20;D&amp#19;¤ù%Þ±¨à,ÃB¼Èñ¨[	¤Æ&amp#30; ;Ë±	ô{Nô~ØXñpÅ&amp#28;ykOL¡&amp#4;&amp#24;kNVî¤ñ§Ü¿BZ~°¼q&amp#24;öÙ&amp#15; a&amp#25;&amp#31;rá{O¿&amp#1;PK&amp#7;&amp#8;zÊq;&amp#1;&amp#0;&amp#0;&amp#28;&amp#4;&amp#0;&amp#0;PK&amp#3;&amp#4;&amp#20;&amp#0;&amp#8;&amp#8;&amp#8;&amp#0;!&amp#25;¶X&amp#0;&amp#0;&amp#0;&amp#0;&amp#0;&amp#0;&amp#0;&amp#0;&amp#0;&amp#0;&amp#0;&amp#0;&amp#11;&amp#0;&amp#0;&amp#0;_rels/.rels­ÁjÃ0&amp#12;_ÅèÞ8í`Q·2èmî&amp#1;4[ILbËØÚ½ýÌ.[K
&amp#27;ì($}ÿ&amp#7;Òv?I½Q.£uÓ¢hÙùØ&amp#27;x>=¬î@&amp#21;ÁèpâH&amp#6;"Ã~·}¢	¥nÁ§¢*"&amp#22;&amp#3;Hº×ºØ&amp#2;&amp#19;ÅÚé8&amp#7;Zæ^'´#ö¤7m{«óO&amp#6;3ÕÑ&amp#25;ÈG·&amp#6;uÂÜ&amp#24;'ýÎy|a&amp#30;­D¿	å®ó&amp#14;l_&amp#3;EYÈ¾&amp#0;½ì²ùvql&amp#31;3×MLé¿eh&amp#22;Ü*Õ&amp#4;Êâ©\3ºY0²éoJ×¢&amp#3;	:&amp#20;ü¢^&amp#8;é³&amp#31;Ø}&amp#2;PK&amp#7;&amp#8;§z½ã&amp#0;&amp#0;&amp#0;I&amp#2;&amp#0;&amp#0;PK&amp#3;&amp#4;&amp#20;&amp#0;&amp#8;&amp#8;&amp#8;&amp#0;!&amp#25;¶X&amp#0;&amp#0;&amp#0;&amp#0;&amp#0;&amp#0;&amp#0;&amp#0;&amp#0;&amp#0;&amp#0;&amp#0;&amp#16;&amp#0;&amp#0;&amp#0;docProps/app.xmlMÁ
Â0&amp#16;Dïÿ&amp#16;ro·z&amp#16;4¥ '{Ð&amp#15;&amp#8;éÖ&amp#6;MHVéçz&amp#25;æñT·úE¼1e&amp#23;¨»º&amp#2;ÉÑÑ³û¥:ÊNo7jH!bbY&amp#7;åVÎÌñ&amp#4;íÞäºÌT)$o¸Äô0MÎâ9ØGbØ7Í&amp#1;pe¤&amp#17;Ç*~R«>ÆÅYÃEB÷Ñ&amp#20;¤&amp#24;nW&amp#5;ÿ½þ&amp#0;PK&amp#7;&amp#8;6n!&amp#0;&amp#0;&amp#0;¸&amp#0;&amp#0;&amp#0;PK&amp#3;&amp#4;&amp#20;&amp#0;&amp#8;&amp#8;&amp#8;&amp#0;!&amp#25;¶X&amp#0;&amp#0;&amp#0;&amp#0;&amp#0;&amp#0;&amp#0;&amp#0;&amp#0;&amp#0;&amp#0;&amp#0;&amp#17;&amp#0;&amp#0;&amp#0;docProps/core.xmlmÝJÄ0&amp#16;F_¥ä¾4«¢¡í"Ê ¸àÊw!&amp#25;ÛbóC&amp#18;íúö¦u­ Þ%ùÎ&amp#28;&_µ>è!{G&amp#31;zkjR&amp#22;dh¤U½ikò¸Ûäç$&amp#11;Q&amp#24;%&amp#6;k°&ÆuSIÇ¥õ¸õÖ¡=,iLàÒÕ¤Ñq ;Ô"&amp#20;0)|±^®¾&amp#5;'ä«h&amp#17;&amp#24;¥g 1
%¢I»ÅHJ%&amp#23;¥{óÃ,P&amp#18;p@&&amp#6;(&amp#18;~Ø^&amp#7;æd!&amp#15;¡_¨q&amp#28;q5si£&amp#18;în&amp#31;æåóÞL_Hê¨æÒ£¨²$àñÃ¥F¾ýêêz·!£ì$§§9c;Ê8½à=Wðk~&amp#18;~­o.S!&amp#29;fÛû[+øSsó	PK&amp#7;&amp#8;Å:ëÏ&amp#5;&amp#1;&amp#0;&amp#0;°&amp#1;&amp#0;&amp#0;PK&amp#3;&amp#4;&amp#20;&amp#0;&amp#8;&amp#8;&amp#8;&amp#0;!&amp#25;¶X&amp#0;&amp#0;&amp#0;&amp#0;&amp#0;&amp#0;&amp#0;&amp#0;&amp#0;&amp#0;&amp#0;&amp#0;&amp#20;&amp#0;&amp#0;&amp#0;xl/sharedStrings.xml}ÑMjÃ0&amp#16;&amp#5;à}¡w&amp#16;Ú'²¤"+¬
¥&amp#30;@8S[`ýD3&amp#14;îí«@MµÔ{3&amp#31;&amp#3;ÛÑöì&amp#2;&amp#17;w5/&amp#5;gà&amp#26;2®­ù×ñ°xå[õü$&amp#17;5~p6Î&amp#7;Ø=Ä8¬yG&amp#20;ÞÀ¦&amp#3;«qé&amp#3;¸Ô|ûh5¥gl&amp#5;&amp#8;ú&amp#29;&amp#0;Ù^TEñ"¬6+FIR&amp#3; ¥c¤ %Å5»å;MÐúø3Íßá&amp#2;ý4ü&amp#8;Wì&amp#8;#Í$&amp#31;#4ÄÊi±&amp#31;C¯¾­þCVY²Ê³òN®²ä*GÎÊ;¹Îë&amp#28;ù§&amp#20;éÓÕ/PK&amp#7;&amp#8;Í`CÚ&amp#0;&amp#0;&amp#0;"&amp#2;&amp#0;&amp#0;PK&amp#3;&amp#4;&amp#20;&amp#0;&amp#8;&amp#8;&amp#8;&amp#0;!&amp#25;¶X&amp#0;&amp#0;&amp#0;&amp#0;&amp#0;&amp#0;&amp#0;&amp#0;&amp#0;&amp#0;&amp#0;&amp#0;&amp#0;&amp#0;&amp#0;xl/styles.xml¥±nÃ &amp#16;÷J}&amp#7;ÄÞàd¨¢Ê&C%WJ]9Û¨pX@"»O_0NL&amp#29;:ÝÝÏý&amp#31;Ïån4Áye±¢ëUA	`c¥Â®¢&amp#31;úiKwüñ¡ôaÒ°ï&amp#1;&amp#2;&amp#14;ô&amp#21;íC&amp#24;^&amp#24;óM&amp#15;Fø&amp#29;&amp#0;ãIk&amp#17;!®c~p ¤O&£Ù¦(&amp#17;
)/ñdj&amp#19;<iì	CE&amp#11;ÊxÙZ¼*k&amp#5;^úor&amp#22;:*i¶ØÖXm&amp#29;Q(a&amp#4;YÑmÒP&amp#24;È]¯B«£S3O&amp#24;¥§,o0Oºô&amp#25;Ö%å[æà£Iiý;Äf&amp#8;&amp#1;&amp#28;Ö± K~&amp#6;¨(ZûþèÂ}½91Ý8æ&amp#16;/>Z'ã&amp#22;nß%^jhC48Õõ)&amp#6;;°t&amp#24;51Jt&amp#22;NÈcI"¶&amp#1;­÷iuí&amp#29;{lIÞÁ»L¤ç_Ò8ÐfL.&amp#18;ÿÙÿÆ±½çÏhvýÝø&amp#15;PK&amp#7;&amp#8;®ÖE&amp#1;&amp#0;&amp#0;£&amp#2;&amp#0;&amp#0;PK&amp#3;&amp#4;&amp#20;&amp#0;&amp#8;&amp#8;&amp#8;&amp#0;!&amp#25;¶X&amp#0;&amp#0;&amp#0;&amp#0;&amp#0;&amp#0;&amp#0;&amp#0;&amp#0;&amp#0;&amp#0;&amp#0;&amp#15;&amp#0;&amp#0;&amp#0;xl/workbook.xmlÍNÃ0&amp#16;ïH¼µwj&amp#7;&amp#16;(N/&amp#21;Ro&amp#28;&amp#2;÷­³i¬Æ?ZÇÇI&amp#21;àÈi5og¦Ù~¹I^CµQ ÈÐ[ÔðÞ½Þ=Ã¶½½i.O&amp#16;N¢ð>i&amp#24;sµÉä0mB$_!°Ã\$&amp#31;eLØ§(»IÞ+õ$&amp#29;Z&amp#15;×ÿ&amp#17;Á&amp#26;Ú&amp#5;óéÈçk&amp#8;Ó¹¬M£	Úeo,zÌT½¨G&amp#3;N@¶Íì|Xº¤_p&amp#2;M¶gêð AÍü&amp#3;.×+<:ÒÐ¥@pm{¼ï&amp#31;@,Ä¾ÈjÉX&amp#31;åZÕ~&amp#3;PK&amp#7;&amp#8;&amp#23;E4ÑÜ&amp#0;&amp#0;&amp#0;`&amp#1;&amp#0;&amp#0;PK&amp#3;&amp#4;&amp#20;&amp#0;&amp#8;&amp#8;&amp#8;&amp#0;!&amp#25;¶X&amp#0;&amp#0;&amp#0;&amp#0;&amp#0;&amp#0;&amp#0;&amp#0;&amp#0;&amp#0;&amp#0;&amp#0;&amp#26;&amp#0;&amp#0;&amp#0;xl/_rels/workbook.xml.rels­MkÃ0&amp#12;@ÿÑ}qÒÁ&amp#24;£n/cÐëÖý&amp#0;c+qh"&amp#25;Kûè¿»ÃÖ@&amp#7;;ô$ð{&amp#15;´Þ~ÎyÇ"#®iÁ &amp#5;#&amp#14;^÷O7÷`D=E?1¡&amp#3;bØnÖÏ8y­?$YLE8HªùÁZ		g/g¤ºé¹Ì^ë³&amp#12;6ûpð&amp#3;ÚUÛÞÙrÎ%Óì¢²&amp#29;½/&amp#3;ª&amp#3;I¾`|ÑRË¤©àº:füû~&amp#12;øÈámFÒ&amp#11;v»½&amp#28;³:Ñã×¯ø¦þ¥¿ýÕp9HBÔSy&amp#29;ÝµK~&amp#4;§&amp#24;»¸öæ&amp#11;PK&amp#7;&amp#8;&amp#3;;Ô&amp#0;&amp#0;&amp#0;3&amp#2;&amp#0;&amp#0;PK&amp#3;&amp#4;&amp#20;&amp#0;&amp#8;&amp#8;&amp#8;&amp#0;!&amp#25;¶X&amp#0;&amp#0;&amp#0;&amp#0;&amp#0;&amp#0;&amp#0;&amp#0;&amp#0;&amp#0;&amp#0;&amp#0;&amp#24;&amp#0;&amp#0;&amp#0;xl/worksheets/sheet1.xmlmÓÝOÂ0&amp#16;&amp#0;ðw&amp#19;ÿ¦ïÒ&amp#4;l#("¨ñë½l·°µK[À?ßn|h×½Ý¥¿Ëµ«7þ)r´&amp#3;!3Î|ìv&amp#28;<ÊXâã¯ÏÙÕ&amp#16;Ë&amp#11;oÏÅF¦&amp#0;
é&amp#2;&}*U&amp#8;a
&amp#5;&amp#29;^&amp#2;Ó'1&amp#23;&amp#5;U:&amp#21;	¥&amp#0;&amp#26;ÕEENº3 &amp#5;Í&amp#24;&amp#14;¼(+U&amp#29;ØÇ&amp#19;w´r1	¼Ú~g°ÿbTµ^s¾©Eäc}EE×&amp#31;C¨@çJl¡ª&Vù¬¾Í@&amp#17;Ät«w¾C¤J¿´¯zj9¥&amp#6;à{$ô¾`X&amp#5;&amp#19;W7ò±ÄHVM&amp#3;o&amp#23;8&amp#30;ÙéFáQÜÙÂ5Å½-º¦Ú¢g&amp#7;[\bf¾)&amp#30;m10ÅÜ&amp#22;7¦XØbh'[Üâ¹eb¡¾´ÆT-¤1Ö×&amp#22;Òëªüèu8íÔa?JÀ$c&amp#18;­¹R¼Ðe>F1ç
Dõ0JõÒ&amp#28;bU+ÄañêXñòX[ííùo&amp#5;¿PK&amp#7;&amp#8;&amp#11;¶jh&amp#1;&amp#0;&amp#0;&amp#3;&amp#0;&amp#0;PK&amp#1;&amp#2;&amp#20;&amp#0;&amp#20;&amp#0;&amp#8;&amp#8;&amp#8;&amp#0;!&amp#25;¶XzÊq;&amp#1;&amp#0;&amp#0;&amp#28;&amp#4;&amp#0;&amp#0;&amp#19;&amp#0;&amp#0;&amp#0;&amp#0;&amp#0;&amp#0;&amp#0;&amp#0;&amp#0;&amp#0;&amp#0;&amp#0;&amp#0;&amp#0;&amp#0;&amp#0;&amp#0;[Content_Types].xmlPK&amp#1;&amp#2;&amp#20;&amp#0;&amp#20;&amp#0;&amp#8;&amp#8;&amp#8;&amp#0;!&amp#25;¶X§z½ã&amp#0;&amp#0;&amp#0;I&amp#2;&amp#0;&amp#0;&amp#11;&amp#0;&amp#0;&amp#0;&amp#0;&amp#0;&amp#0;&amp#0;&amp#0;&amp#0;&amp#0;&amp#0;&amp#0;&amp#0;|&amp#1;&amp#0;&amp#0;_rels/.relsPK&amp#1;&amp#2;&amp#20;&amp#0;&amp#20;&amp#0;&amp#8;&amp#8;&amp#8;&amp#0;!&amp#25;¶X6n!&amp#0;&amp#0;&amp#0;¸&amp#0;&amp#0;&amp#0;&amp#16;&amp#0;&amp#0;&amp#0;&amp#0;&amp#0;&amp#0;&amp#0;&amp#0;&amp#0;&amp#0;&amp#0;&amp#0;&amp#0;&amp#2;&amp#0;&amp#0;docProps/app.xmlPK&amp#1;&amp#2;&amp#20;&amp#0;&amp#20;&amp#0;&amp#8;&amp#8;&amp#8;&amp#0;!&amp#25;¶XÅ:ëÏ&amp#5;&amp#1;&amp#0;&amp#0;°&amp#1;&amp#0;&amp#0;&amp#17;&amp#0;&amp#0;&amp#0;&amp#0;&amp#0;&amp#0;&amp#0;&amp#0;&amp#0;&amp#0;&amp#0;&amp#0;&amp#0;i&amp#3;&amp#0;&amp#0;docProps/core.xmlPK&amp#1;&amp#2;&amp#20;&amp#0;&amp#20;&amp#0;&amp#8;&amp#8;&amp#8;&amp#0;!&amp#25;¶XÍ`CÚ&amp#0;&amp#0;&amp#0;"&amp#2;&amp#0;&amp#0;&amp#20;&amp#0;&amp#0;&amp#0;&amp#0;&amp#0;&amp#0;&amp#0;&amp#0;&amp#0;&amp#0;&amp#0;&amp#0;&amp#0;­&amp#4;&amp#0;&amp#0;xl/sharedStrings.xmlPK&amp#1;&amp#2;&amp#20;&amp#0;&amp#20;&amp#0;&amp#8;&amp#8;&amp#8;&amp#0;!&amp#25;¶X®ÖE&amp#1;&amp#0;&amp#0;£&amp#2;&amp#0;&amp#0;&amp#0;&amp#0;&amp#0;&amp#0;&amp#0;&amp#0;&amp#0;&amp#0;&amp#0;&amp#0;&amp#0;&amp#0;&amp#0;É&amp#5;&amp#0;&amp#0;xl/styles.xmlPK&amp#1;&amp#2;&amp#20;&amp#0;&amp#20;&amp#0;&amp#8;&amp#8;&amp#8;&amp#0;!&amp#25;¶X&amp#23;E4ÑÜ&amp#0;&amp#0;&amp#0;`&amp#1;&amp#0;&amp#0;&amp#15;&amp#0;&amp#0;&amp#0;&amp#0;&amp#0;&amp#0;&amp#0;&amp#0;&amp#0;&amp#0;&amp#0;&amp#0;&amp#0;I&amp#7;&amp#0;&amp#0;xl/workbook.xmlPK&amp#1;&amp#2;&amp#20;&amp#0;&amp#20;&amp#0;&amp#8;&amp#8;&amp#8;&amp#0;!&amp#25;¶X&amp#3;;Ô&amp#0;&amp#0;&amp#0;3&amp#2;&amp#0;&amp#0;&amp#26;&amp#0;&amp#0;&amp#0;&amp#0;&amp#0;&amp#0;&amp#0;&amp#0;&amp#0;&amp#0;&amp#0;&amp#0;&amp#0;b&amp#8;&amp#0;&amp#0;xl/_rels/workbook.xml.relsPK&amp#1;&amp#2;&amp#20;&amp#0;&amp#20;&amp#0;&amp#8;&amp#8;&amp#8;&amp#0;!&amp#25;¶X&amp#11;¶jh&amp#1;&amp#0;&amp#0;&amp#3;&amp#0;&amp#0;&amp#24;&amp#0;&amp#0;&amp#0;&amp#0;&amp#0;&amp#0;&amp#0;&amp#0;&amp#0;&amp#0;&amp#0;&amp#0;&amp#0;~	&amp#0;&amp#0;xl/worksheets/sheet1.xmlPK&amp#5;&amp#6;&amp#0;&amp#0;&amp#0;&amp#0;	&amp#0;	&amp#0;?&amp#2;&amp#0;&amp#0;,&amp#11;&amp#0;&amp#0;&amp#0;&amp#0;
    Forwarded URL = null
   Redirected URL = null
          Cookies = []
2024-05-22 03:09:02 - Spring test ApplicationContext cache statistics: [DefaultContextCache@485c84d7 size = 1, maxSize = 32, parentContextCount = 0, hitCount = 22, missCount = 1, failureCount = 0]
2024-05-22 03:09:02 - Spring test ApplicationContext cache statistics: [DefaultContextCache@485c84d7 size = 1, maxSize = 32, parentContextCount = 0, hitCount = 23, missCount = 1, failureCount = 0]
2024-05-22 03:09:02 - Spring test ApplicationContext cache statistics: [DefaultContextCache@485c84d7 size = 1, maxSize = 32, parentContextCount = 0, hitCount = 24, missCount = 1, failureCount = 0]
2024-05-22 03:09:02 - Spring test ApplicationContext cache statistics: [DefaultContextCache@485c84d7 size = 1, maxSize = 32, parentContextCount = 0, hitCount = 25, missCount = 1, failureCount = 0]
2024-05-22 03:09:02 - After test method: class [ExcelImportControllerTest], method [testDownloadTemplate_Success], class annotated with @DirtiesContext [false] with mode [null], method annotated with @DirtiesContext [false] with mode [null]
]]></system-out>
  </testcase>
  <testcase name="testImportQuizFromExcel_InvalidData" classname="com.quizapplication.quiz.controller.ExcelImportControllerTest" time="0.078">
    <system-out><![CDATA[2024-05-22 03:09:02 - Spring test ApplicationContext cache statistics: [DefaultContextCache@485c84d7 size = 1, maxSize = 32, parentContextCount = 0, hitCount = 26, missCount = 1, failureCount = 0]
2024-05-22 03:09:02 - Performing dependency injection for test class com.quizapplication.quiz.controller.ExcelImportControllerTest
2024-05-22 03:09:02 - Spring test ApplicationContext cache statistics: [DefaultContextCache@485c84d7 size = 1, maxSize = 32, parentContextCount = 0, hitCount = 27, missCount = 1, failureCount = 0]
2024-05-22 03:09:02 - Spring test ApplicationContext cache statistics: [DefaultContextCache@485c84d7 size = 1, maxSize = 32, parentContextCount = 0, hitCount = 28, missCount = 1, failureCount = 0]
2024-05-22 03:09:02 - Before test method: class [ExcelImportControllerTest], method [testImportQuizFromExcel_InvalidData], class annotated with @DirtiesContext [false] with mode [null], method annotated with @DirtiesContext [false] with mode [null]
2024-05-22 03:09:02 - Spring test ApplicationContext cache statistics: [DefaultContextCache@485c84d7 size = 1, maxSize = 32, parentContextCount = 0, hitCount = 29, missCount = 1, failureCount = 0]
2024-05-22 03:09:02 - Spring test ApplicationContext cache statistics: [DefaultContextCache@485c84d7 size = 1, maxSize = 32, parentContextCount = 0, hitCount = 30, missCount = 1, failureCount = 0]
2024-05-22 03:09:02 - Spring test ApplicationContext cache statistics: [DefaultContextCache@485c84d7 size = 1, maxSize = 32, parentContextCount = 0, hitCount = 31, missCount = 1, failureCount = 0]
2024-05-22 03:09:02 - POST "/api/import/excel", parameters={multipart}
2024-05-22 03:09:02 - Mapped to com.quizapplication.quiz.controller.ExcelImportController#importQuizFromExcel(MultipartFile)
2024-05-22 03:09:02 - Using 'text/plain', given [*/*] and supported [text/plain, */*, application/json, application/*+json]
2024-05-22 03:09:02 - Writing ["Invalid data: Invalid data"]
2024-05-22 03:09:02 - Completed 400 BAD_REQUEST
2024-05-22 03:09:02 - Spring test ApplicationContext cache statistics: [DefaultContextCache@485c84d7 size = 1, maxSize = 32, parentContextCount = 0, hitCount = 32, missCount = 1, failureCount = 0]
2024-05-22 03:09:02 - Spring test ApplicationContext cache statistics: [DefaultContextCache@485c84d7 size = 1, maxSize = 32, parentContextCount = 0, hitCount = 33, missCount = 1, failureCount = 0]
2024-05-22 03:09:02 - Spring test ApplicationContext cache statistics: [DefaultContextCache@485c84d7 size = 1, maxSize = 32, parentContextCount = 0, hitCount = 34, missCount = 1, failureCount = 0]
2024-05-22 03:09:02 - Spring test ApplicationContext cache statistics: [DefaultContextCache@485c84d7 size = 1, maxSize = 32, parentContextCount = 0, hitCount = 35, missCount = 1, failureCount = 0]
2024-05-22 03:09:02 - Spring test ApplicationContext cache statistics: [DefaultContextCache@485c84d7 size = 1, maxSize = 32, parentContextCount = 0, hitCount = 36, missCount = 1, failureCount = 0]
2024-05-22 03:09:02 - Spring test ApplicationContext cache statistics: [DefaultContextCache@485c84d7 size = 1, maxSize = 32, parentContextCount = 0, hitCount = 37, missCount = 1, failureCount = 0]
2024-05-22 03:09:02 - Spring test ApplicationContext cache statistics: [DefaultContextCache@485c84d7 size = 1, maxSize = 32, parentContextCount = 0, hitCount = 38, missCount = 1, failureCount = 0]
2024-05-22 03:09:02 - After test method: class [ExcelImportControllerTest], method [testImportQuizFromExcel_InvalidData], class annotated with @DirtiesContext [false] with mode [null], method annotated with @DirtiesContext [false] with mode [null]
]]></system-out>
  </testcase>
  <testcase name="testImportQuizFromExcel_Success" classname="com.quizapplication.quiz.controller.ExcelImportControllerTest" time="0.051">
    <system-out><![CDATA[2024-05-22 03:09:02 - Spring test ApplicationContext cache statistics: [DefaultContextCache@485c84d7 size = 1, maxSize = 32, parentContextCount = 0, hitCount = 39, missCount = 1, failureCount = 0]
2024-05-22 03:09:02 - Performing dependency injection for test class com.quizapplication.quiz.controller.ExcelImportControllerTest
2024-05-22 03:09:02 - Spring test ApplicationContext cache statistics: [DefaultContextCache@485c84d7 size = 1, maxSize = 32, parentContextCount = 0, hitCount = 40, missCount = 1, failureCount = 0]
2024-05-22 03:09:02 - Spring test ApplicationContext cache statistics: [DefaultContextCache@485c84d7 size = 1, maxSize = 32, parentContextCount = 0, hitCount = 41, missCount = 1, failureCount = 0]
2024-05-22 03:09:03 - Before test method: class [ExcelImportControllerTest], method [testImportQuizFromExcel_Success], class annotated with @DirtiesContext [false] with mode [null], method annotated with @DirtiesContext [false] with mode [null]
2024-05-22 03:09:03 - Spring test ApplicationContext cache statistics: [DefaultContextCache@485c84d7 size = 1, maxSize = 32, parentContextCount = 0, hitCount = 42, missCount = 1, failureCount = 0]
2024-05-22 03:09:03 - Spring test ApplicationContext cache statistics: [DefaultContextCache@485c84d7 size = 1, maxSize = 32, parentContextCount = 0, hitCount = 43, missCount = 1, failureCount = 0]
2024-05-22 03:09:03 - Spring test ApplicationContext cache statistics: [DefaultContextCache@485c84d7 size = 1, maxSize = 32, parentContextCount = 0, hitCount = 44, missCount = 1, failureCount = 0]
2024-05-22 03:09:03 - POST "/api/import/excel", parameters={multipart}
2024-05-22 03:09:03 - Mapped to com.quizapplication.quiz.controller.ExcelImportController#importQuizFromExcel(MultipartFile)
2024-05-22 03:09:03 - Using 'text/plain', given [*/*] and supported [text/plain, */*, application/json, application/*+json]
2024-05-22 03:09:03 - Writing ["Quiz data imported successfully"]
2024-05-22 03:09:03 - Completed 200 OK
2024-05-22 03:09:03 - Spring test ApplicationContext cache statistics: [DefaultContextCache@485c84d7 size = 1, maxSize = 32, parentContextCount = 0, hitCount = 45, missCount = 1, failureCount = 0]
2024-05-22 03:09:03 - Spring test ApplicationContext cache statistics: [DefaultContextCache@485c84d7 size = 1, maxSize = 32, parentContextCount = 0, hitCount = 46, missCount = 1, failureCount = 0]
2024-05-22 03:09:03 - Spring test ApplicationContext cache statistics: [DefaultContextCache@485c84d7 size = 1, maxSize = 32, parentContextCount = 0, hitCount = 47, missCount = 1, failureCount = 0]
2024-05-22 03:09:03 - Spring test ApplicationContext cache statistics: [DefaultContextCache@485c84d7 size = 1, maxSize = 32, parentContextCount = 0, hitCount = 48, missCount = 1, failureCount = 0]
2024-05-22 03:09:03 - Spring test ApplicationContext cache statistics: [DefaultContextCache@485c84d7 size = 1, maxSize = 32, parentContextCount = 0, hitCount = 49, missCount = 1, failureCount = 0]
2024-05-22 03:09:03 - Spring test ApplicationContext cache statistics: [DefaultContextCache@485c84d7 size = 1, maxSize = 32, parentContextCount = 0, hitCount = 50, missCount = 1, failureCount = 0]
2024-05-22 03:09:03 - Spring test ApplicationContext cache statistics: [DefaultContextCache@485c84d7 size = 1, maxSize = 32, parentContextCount = 0, hitCount = 51, missCount = 1, failureCount = 0]
2024-05-22 03:09:03 - After test method: class [ExcelImportControllerTest], method [testImportQuizFromExcel_Success], class annotated with @DirtiesContext [false] with mode [null], method annotated with @DirtiesContext [false] with mode [null]
]]></system-out>
  </testcase>
  <testcase name="testImportQuizFromExcel_ServerError" classname="com.quizapplication.quiz.controller.ExcelImportControllerTest" time="0.033">
    <system-out><![CDATA[2024-05-22 03:09:03 - Spring test ApplicationContext cache statistics: [DefaultContextCache@485c84d7 size = 1, maxSize = 32, parentContextCount = 0, hitCount = 52, missCount = 1, failureCount = 0]
2024-05-22 03:09:03 - Performing dependency injection for test class com.quizapplication.quiz.controller.ExcelImportControllerTest
2024-05-22 03:09:03 - Spring test ApplicationContext cache statistics: [DefaultContextCache@485c84d7 size = 1, maxSize = 32, parentContextCount = 0, hitCount = 53, missCount = 1, failureCount = 0]
2024-05-22 03:09:03 - Spring test ApplicationContext cache statistics: [DefaultContextCache@485c84d7 size = 1, maxSize = 32, parentContextCount = 0, hitCount = 54, missCount = 1, failureCount = 0]
2024-05-22 03:09:03 - Before test method: class [ExcelImportControllerTest], method [testImportQuizFromExcel_ServerError], class annotated with @DirtiesContext [false] with mode [null], method annotated with @DirtiesContext [false] with mode [null]
2024-05-22 03:09:03 - Spring test ApplicationContext cache statistics: [DefaultContextCache@485c84d7 size = 1, maxSize = 32, parentContextCount = 0, hitCount = 55, missCount = 1, failureCount = 0]
2024-05-22 03:09:03 - Spring test ApplicationContext cache statistics: [DefaultContextCache@485c84d7 size = 1, maxSize = 32, parentContextCount = 0, hitCount = 56, missCount = 1, failureCount = 0]
2024-05-22 03:09:03 - Spring test ApplicationContext cache statistics: [DefaultContextCache@485c84d7 size = 1, maxSize = 32, parentContextCount = 0, hitCount = 57, missCount = 1, failureCount = 0]
2024-05-22 03:09:03 - POST "/api/import/excel", parameters={multipart}
2024-05-22 03:09:03 - Mapped to com.quizapplication.quiz.controller.ExcelImportController#importQuizFromExcel(MultipartFile)
2024-05-22 03:09:03 - Using 'text/plain', given [*/*] and supported [text/plain, */*, application/json, application/*+json]
2024-05-22 03:09:03 - Writing ["Failed to import quiz data: Server error"]
2024-05-22 03:09:03 - Completed 500 INTERNAL_SERVER_ERROR
2024-05-22 03:09:03 - Spring test ApplicationContext cache statistics: [DefaultContextCache@485c84d7 size = 1, maxSize = 32, parentContextCount = 0, hitCount = 58, missCount = 1, failureCount = 0]
2024-05-22 03:09:03 - Spring test ApplicationContext cache statistics: [DefaultContextCache@485c84d7 size = 1, maxSize = 32, parentContextCount = 0, hitCount = 59, missCount = 1, failureCount = 0]
2024-05-22 03:09:03 - Spring test ApplicationContext cache statistics: [DefaultContextCache@485c84d7 size = 1, maxSize = 32, parentContextCount = 0, hitCount = 60, missCount = 1, failureCount = 0]
2024-05-22 03:09:03 - Spring test ApplicationContext cache statistics: [DefaultContextCache@485c84d7 size = 1, maxSize = 32, parentContextCount = 0, hitCount = 61, missCount = 1, failureCount = 0]
2024-05-22 03:09:03 - Spring test ApplicationContext cache statistics: [DefaultContextCache@485c84d7 size = 1, maxSize = 32, parentContextCount = 0, hitCount = 62, missCount = 1, failureCount = 0]
2024-05-22 03:09:03 - Spring test ApplicationContext cache statistics: [DefaultContextCache@485c84d7 size = 1, maxSize = 32, parentContextCount = 0, hitCount = 63, missCount = 1, failureCount = 0]
2024-05-22 03:09:03 - Spring test ApplicationContext cache statistics: [DefaultContextCache@485c84d7 size = 1, maxSize = 32, parentContextCount = 0, hitCount = 64, missCount = 1, failureCount = 0]
2024-05-22 03:09:03 - After test method: class [ExcelImportControllerTest], method [testImportQuizFromExcel_ServerError], class annotated with @DirtiesContext [false] with mode [null], method annotated with @DirtiesContext [false] with mode [null]
]]></system-out>
  </testcase>
</testsuite>